[0.607s] Invoking command in '/home/kdy/ros2_study/src/my_first_package': DEBUGINFOD_URLS=https://debuginfod.ubuntu.com PYTHONPATH=/home/kdy/ros2_study/src/build/my_first_package/prefix_override:/usr/lib/python3/dist-packages/colcon_core/task/python/colcon_distutils_commands:/home/kdy/ros2_study/src/install/my_first_package/lib/python3.12/site-packages:${PYTHONPATH} /usr/bin/python3 -W ignore:setup.py install is deprecated -W ignore:easy_install command is deprecated setup.py egg_info --egg-base ../build/my_first_package build --build-base /home/kdy/ros2_study/src/build/my_first_package/build install --record /home/kdy/ros2_study/src/build/my_first_package/install.log --single-version-externally-managed install_data
[0.801s] running egg_info
[0.820s] writing ../build/my_first_package/my_first_package.egg-info/PKG-INFO
[0.820s] writing dependency_links to ../build/my_first_package/my_first_package.egg-info/dependency_links.txt
[0.820s] writing entry points to ../build/my_first_package/my_first_package.egg-info/entry_points.txt
[0.820s] writing requirements to ../build/my_first_package/my_first_package.egg-info/requires.txt
[0.820s] writing top-level names to ../build/my_first_package/my_first_package.egg-info/top_level.txt
[0.853s] reading manifest file '../build/my_first_package/my_first_package.egg-info/SOURCES.txt'
[0.853s] writing manifest file '../build/my_first_package/my_first_package.egg-info/SOURCES.txt'
[0.853s] running build
[0.853s] running build_py
[0.854s] running install
[0.858s] running install_lib
[0.873s] running install_data
[0.874s] running install_egg_info
[0.889s] removing '/home/kdy/ros2_study/src/install/my_first_package/lib/python3.12/site-packages/my_first_package-0.0.0-py3.12.egg-info' (and everything under it)
[0.891s] Copying ../build/my_first_package/my_first_package.egg-info to /home/kdy/ros2_study/src/install/my_first_package/lib/python3.12/site-packages/my_first_package-0.0.0-py3.12.egg-info
[0.892s] running install_scripts
[0.995s] Installing my_first_node script to /home/kdy/ros2_study/src/install/my_first_package/lib/my_first_package
[0.995s] Installing my_subscriber script to /home/kdy/ros2_study/src/install/my_first_package/lib/my_first_package
[0.996s] writing list of installed files to '/home/kdy/ros2_study/src/build/my_first_package/install.log'
[1.018s] Invoked command in '/home/kdy/ros2_study/src/my_first_package' returned '0': DEBUGINFOD_URLS=https://debuginfod.ubuntu.com PYTHONPATH=/home/kdy/ros2_study/src/build/my_first_package/prefix_override:/usr/lib/python3/dist-packages/colcon_core/task/python/colcon_distutils_commands:/home/kdy/ros2_study/src/install/my_first_package/lib/python3.12/site-packages:${PYTHONPATH} /usr/bin/python3 -W ignore:setup.py install is deprecated -W ignore:easy_install command is deprecated setup.py egg_info --egg-base ../build/my_first_package build --build-base /home/kdy/ros2_study/src/build/my_first_package/build install --record /home/kdy/ros2_study/src/build/my_first_package/install.log --single-version-externally-managed install_data
