[0.173s] Invoking command in '/home/kdy/sj_ros2/build/my_first_package_msgs': CMAKE_PREFIX_PATH=${CMAKE_PREFIX_PATH}:/home/kdy/sj_ros2/install/my_first_package:/opt/ros/jazzy DEBUGINFOD_URLS=https://debuginfod.ubuntu.com /usr/bin/cmake /home/kdy/sj_ros2/src/my_first_package_msgs -DCMAKE_INSTALL_PREFIX=/home/kdy/sj_ros2/install/my_first_package_msgs
[0.217s] -- The C compiler identification is GNU 13.3.0
[0.256s] -- The CXX compiler identification is GNU 13.3.0
[0.268s] -- Detecting C compiler ABI info
[0.336s] -- Detecting C compiler ABI info - done
[0.345s] -- Check for working C compiler: /usr/bin/cc - skipped
[0.345s] -- Detecting C compile features
[0.345s] -- Detecting C compile features - done
[0.353s] -- Detecting CXX compiler ABI info
[0.430s] -- Detecting CXX compiler ABI info - done
[0.438s] -- Check for working CXX compiler: /usr/bin/c++ - skipped
[0.439s] -- Detecting CXX compile features
[0.440s] -- Detecting CXX compile features - done
[0.441s] -- Found ament_cmake: 2.5.4 (/opt/ros/jazzy/share/ament_cmake/cmake)
[0.552s] -- Found Python3: /usr/bin/python3 (found version "3.12.3") found components: Interpreter 
[0.623s] -- Found rosidl_default_generators: 1.6.0 (/opt/ros/jazzy/share/rosidl_default_generators/cmake)
[0.627s] -- Using all available rosidl_typesupport_c: rosidl_typesupport_fastrtps_c;rosidl_typesupport_introspection_c
[0.660s] -- Using all available rosidl_typesupport_cpp: rosidl_typesupport_fastrtps_cpp;rosidl_typesupport_introspection_cpp
[0.688s] -- Found rosidl_adapter: 4.6.6 (/opt/ros/jazzy/share/rosidl_adapter/cmake)
[1.209s] -- Found ament_cmake_ros: 0.12.0 (/opt/ros/jazzy/share/ament_cmake_ros/cmake)
[1.555s] -- Using all available rosidl_typesupport_c: rosidl_typesupport_fastrtps_c;rosidl_typesupport_introspection_c
[1.992s] -- Using all available rosidl_typesupport_cpp: rosidl_typesupport_fastrtps_cpp;rosidl_typesupport_introspection_cpp
[1.994s] -- Found python_cmake_module: 0.11.1 (/opt/ros/jazzy/share/python_cmake_module/cmake)
[2.096s] -- Found PythonExtra: /usr/bin/python3  
[2.416s] -- Found Python3: /usr/bin/python3 (found version "3.12.3") found components: Interpreter Development NumPy Development.Module Development.Embed 
[2.445s] -- Found ament_lint_auto: 0.17.3 (/opt/ros/jazzy/share/ament_lint_auto/cmake)
[2.461s] -- Added test 'cppcheck' to perform static code analysis on C / C++ code
[2.461s] -- Configured cppcheck include dirs: 
[2.461s] -- Configured cppcheck exclude dirs and/or files: 
[2.462s] -- Added test 'flake8' to check Python code syntax and style conventions
[2.463s] -- Configured 'flake8' exclude dirs and/or files: 
[2.464s] -- Added test 'lint_cmake' to check CMake code style
[2.465s] -- Added test 'pep257' to check Python code against some of the docstring style conventions in PEP 257
[2.469s] -- Added test 'uncrustify' to check C / C++ code style
[2.469s] -- Configured uncrustify additional arguments: 
[2.470s] -- Added test 'xmllint' to check XML markup files
[2.472s] -- Configuring done (2.3s)
[2.501s] -- Generating done (0.0s)
[2.510s] -- Build files have been written to: /home/kdy/sj_ros2/build/my_first_package_msgs
[2.517s] Invoked command in '/home/kdy/sj_ros2/build/my_first_package_msgs' returned '0': CMAKE_PREFIX_PATH=${CMAKE_PREFIX_PATH}:/home/kdy/sj_ros2/install/my_first_package:/opt/ros/jazzy DEBUGINFOD_URLS=https://debuginfod.ubuntu.com /usr/bin/cmake /home/kdy/sj_ros2/src/my_first_package_msgs -DCMAKE_INSTALL_PREFIX=/home/kdy/sj_ros2/install/my_first_package_msgs
[2.519s] Invoking command in '/home/kdy/sj_ros2/build/my_first_package_msgs': CMAKE_PREFIX_PATH=${CMAKE_PREFIX_PATH}:/home/kdy/sj_ros2/install/my_first_package:/opt/ros/jazzy DEBUGINFOD_URLS=https://debuginfod.ubuntu.com /usr/bin/cmake --build /home/kdy/sj_ros2/build/my_first_package_msgs -- -j8 -l8
[2.558s] [  1%] [34m[1mGenerating type hashes for ROS interfaces[0m
[2.565s] [  1%] Built target ament_cmake_python_copy_my_first_package_msgs
[2.738s] [  1%] Built target my_first_package_msgs__rosidl_generator_type_description
[2.743s] running egg_info
[2.744s] creating my_first_package_msgs.egg-info
[2.746s] [  3%] [34m[1mGenerating C code for ROS interfaces[0m
[2.755s] [  5%] [34m[1mGenerating C++ code for ROS interfaces[0m
[2.764s] writing my_first_package_msgs.egg-info/PKG-INFO
[2.764s] writing dependency_links to my_first_package_msgs.egg-info/dependency_links.txt
[2.764s] writing top-level names to my_first_package_msgs.egg-info/top_level.txt
[2.764s] writing manifest file 'my_first_package_msgs.egg-info/SOURCES.txt'
[2.820s] reading manifest file 'my_first_package_msgs.egg-info/SOURCES.txt'
[2.821s] writing manifest file 'my_first_package_msgs.egg-info/SOURCES.txt'
[2.844s] [  5%] Built target ament_cmake_python_build_my_first_package_msgs_egg
[3.119s] [  5%] Built target my_first_package_msgs__cpp
[3.154s] [  7%] [32mBuilding C object CMakeFiles/my_first_package_msgs__rosidl_generator_c.dir/rosidl_generator_c/my_first_package_msgs/msg/detail/cmd_and_pose_vel__description.c.o[0m
[3.154s] [  9%] [32mBuilding C object CMakeFiles/my_first_package_msgs__rosidl_generator_c.dir/rosidl_generator_c/my_first_package_msgs/msg/detail/cmd_and_pose_vel__functions.c.o[0m
[3.154s] [ 11%] [32mBuilding C object CMakeFiles/my_first_package_msgs__rosidl_generator_c.dir/rosidl_generator_c/my_first_package_msgs/srv/detail/multi_spawn__description.c.o[0m
[3.155s] [ 12%] [32mBuilding C object CMakeFiles/my_first_package_msgs__rosidl_generator_c.dir/rosidl_generator_c/my_first_package_msgs/srv/detail/multi_spawn__type_support.c.o[0m
[3.155s] [ 14%] [32mBuilding C object CMakeFiles/my_first_package_msgs__rosidl_generator_c.dir/rosidl_generator_c/my_first_package_msgs/action/detail/dist_turtle__description.c.o[0m
[3.155s] [ 16%] [32mBuilding C object CMakeFiles/my_first_package_msgs__rosidl_generator_c.dir/rosidl_generator_c/my_first_package_msgs/action/detail/dist_turtle__functions.c.o[0m
[3.157s] [ 18%] [32mBuilding C object CMakeFiles/my_first_package_msgs__rosidl_generator_c.dir/rosidl_generator_c/my_first_package_msgs/msg/detail/cmd_and_pose_vel__type_support.c.o[0m
[3.157s] [ 20%] [32mBuilding C object CMakeFiles/my_first_package_msgs__rosidl_generator_c.dir/rosidl_generator_c/my_first_package_msgs/srv/detail/multi_spawn__functions.c.o[0m
[3.188s] [ 22%] [32mBuilding C object CMakeFiles/my_first_package_msgs__rosidl_generator_c.dir/rosidl_generator_c/my_first_package_msgs/action/detail/dist_turtle__type_support.c.o[0m
[3.281s] [ 24%] [32m[1mLinking C shared library libmy_first_package_msgs__rosidl_generator_c.so[0m
[3.330s] [ 24%] Built target my_first_package_msgs__rosidl_generator_c
[3.338s] [ 29%] [34m[1mGenerating C introspection for ROS interfaces[0m
[3.339s] [ 29%] [34m[1mGenerating C++ type support dispatch for ROS interfaces[0m
[3.339s] [ 29%] [34m[1mGenerating C type support dispatch for ROS interfaces[0m
[3.339s] [ 31%] [34m[1mGenerating C type support for eProsima Fast-RTPS[0m
[3.340s] [ 33%] [34m[1mGenerating C++ introspection for ROS interfaces[0m
[3.341s] [ 35%] [34m[1mGenerating C++ type support for eProsima Fast-RTPS[0m
[3.581s] [ 38%] [32mBuilding CXX object CMakeFiles/my_first_package_msgs__rosidl_typesupport_c.dir/rosidl_typesupport_c/my_first_package_msgs/msg/cmd_and_pose_vel__type_support.cpp.o[0m
[3.582s] [ 38%] [32mBuilding CXX object CMakeFiles/my_first_package_msgs__rosidl_typesupport_c.dir/rosidl_typesupport_c/my_first_package_msgs/srv/multi_spawn__type_support.cpp.o[0m
[3.583s] [ 40%] [32mBuilding CXX object CMakeFiles/my_first_package_msgs__rosidl_typesupport_c.dir/rosidl_typesupport_c/my_first_package_msgs/action/dist_turtle__type_support.cpp.o[0m
[3.624s] [ 42%] [32mBuilding CXX object CMakeFiles/my_first_package_msgs__rosidl_typesupport_cpp.dir/rosidl_typesupport_cpp/my_first_package_msgs/action/dist_turtle__type_support.cpp.o[0m
[3.625s] [ 46%] [32m[1mLinking CXX shared library libmy_first_package_msgs__rosidl_typesupport_c.so[0m
[3.625s] [ 46%] [32mBuilding CXX object CMakeFiles/my_first_package_msgs__rosidl_typesupport_cpp.dir/rosidl_typesupport_cpp/my_first_package_msgs/msg/cmd_and_pose_vel__type_support.cpp.o[0m
[3.626s] [ 48%] [32mBuilding CXX object CMakeFiles/my_first_package_msgs__rosidl_typesupport_cpp.dir/rosidl_typesupport_cpp/my_first_package_msgs/srv/multi_spawn__type_support.cpp.o[0m
[3.677s] [ 48%] Built target my_first_package_msgs__rosidl_typesupport_c
[3.689s] [ 50%] [32mBuilding C object CMakeFiles/my_first_package_msgs__rosidl_typesupport_introspection_c.dir/rosidl_typesupport_introspection_c/my_first_package_msgs/msg/detail/cmd_and_pose_vel__type_support.c.o[0m
[3.690s] [ 51%] [32mBuilding CXX object CMakeFiles/my_first_package_msgs__rosidl_typesupport_introspection_cpp.dir/rosidl_typesupport_introspection_cpp/my_first_package_msgs/msg/detail/cmd_and_pose_vel__type_support.cpp.o[0m
[3.692s] [ 53%] [32mBuilding C object CMakeFiles/my_first_package_msgs__rosidl_typesupport_introspection_c.dir/rosidl_typesupport_introspection_c/my_first_package_msgs/srv/detail/multi_spawn__type_support.c.o[0m
[3.720s] [ 55%] [32mBuilding C object CMakeFiles/my_first_package_msgs__rosidl_typesupport_introspection_c.dir/rosidl_typesupport_introspection_c/my_first_package_msgs/action/detail/dist_turtle__type_support.c.o[0m
[3.745s] [ 57%] [32mBuilding CXX object CMakeFiles/my_first_package_msgs__rosidl_typesupport_introspection_cpp.dir/rosidl_typesupport_introspection_cpp/my_first_package_msgs/srv/detail/multi_spawn__type_support.cpp.o[0m
[3.792s] [ 59%] [32m[1mLinking C shared library libmy_first_package_msgs__rosidl_typesupport_introspection_c.so[0m
[3.830s] [ 59%] Built target my_first_package_msgs__rosidl_typesupport_introspection_c
[3.842s] [ 61%] [32mBuilding CXX object CMakeFiles/my_first_package_msgs__rosidl_typesupport_introspection_cpp.dir/rosidl_typesupport_introspection_cpp/my_first_package_msgs/action/detail/dist_turtle__type_support.cpp.o[0m
[3.847s] [ 62%] [32mBuilding CXX object CMakeFiles/my_first_package_msgs__rosidl_typesupport_fastrtps_cpp.dir/rosidl_typesupport_fastrtps_cpp/my_first_package_msgs/msg/detail/dds_fastrtps/cmd_and_pose_vel__type_support.cpp.o[0m
[3.848s] [ 64%] [32mBuilding CXX object CMakeFiles/my_first_package_msgs__rosidl_typesupport_fastrtps_c.dir/rosidl_typesupport_fastrtps_c/my_first_package_msgs/msg/detail/cmd_and_pose_vel__type_support_c.cpp.o[0m
[3.877s] [ 66%] [32mBuilding CXX object CMakeFiles/my_first_package_msgs__rosidl_typesupport_fastrtps_cpp.dir/rosidl_typesupport_fastrtps_cpp/my_first_package_msgs/srv/detail/dds_fastrtps/multi_spawn__type_support.cpp.o[0m
[3.960s] [ 68%] [32mBuilding CXX object CMakeFiles/my_first_package_msgs__rosidl_typesupport_fastrtps_cpp.dir/rosidl_typesupport_fastrtps_cpp/my_first_package_msgs/action/detail/dds_fastrtps/dist_turtle__type_support.cpp.o[0m
[3.963s] [ 70%] [32mBuilding CXX object CMakeFiles/my_first_package_msgs__rosidl_typesupport_fastrtps_c.dir/rosidl_typesupport_fastrtps_c/my_first_package_msgs/srv/detail/multi_spawn__type_support_c.cpp.o[0m
[4.531s] [ 72%] [32mBuilding CXX object CMakeFiles/my_first_package_msgs__rosidl_typesupport_fastrtps_c.dir/rosidl_typesupport_fastrtps_c/my_first_package_msgs/action/detail/dist_turtle__type_support_c.cpp.o[0m
[4.545s] [ 74%] [32m[1mLinking CXX shared library libmy_first_package_msgs__rosidl_typesupport_cpp.so[0m
[4.628s] [ 74%] Built target my_first_package_msgs__rosidl_typesupport_cpp
[4.778s] [ 75%] [32m[1mLinking CXX shared library libmy_first_package_msgs__rosidl_typesupport_introspection_cpp.so[0m
[4.838s] [ 75%] Built target my_first_package_msgs__rosidl_typesupport_introspection_cpp
[4.950s] [ 77%] [32m[1mLinking CXX shared library libmy_first_package_msgs__rosidl_typesupport_fastrtps_c.so[0m
[4.992s] [ 77%] Built target my_first_package_msgs__rosidl_typesupport_fastrtps_c
[5.053s] [ 79%] [32m[1mLinking CXX shared library libmy_first_package_msgs__rosidl_typesupport_fastrtps_cpp.so[0m
[5.115s] [ 79%] Built target my_first_package_msgs__rosidl_typesupport_fastrtps_cpp
[5.131s] [ 79%] Built target my_first_package_msgs
[5.147s] [ 81%] [34m[1mGenerating Python code for ROS interfaces[0m
[5.723s] [ 81%] Built target my_first_package_msgs__py
[5.742s] [ 85%] [32mBuilding C object CMakeFiles/my_first_package_msgs__rosidl_generator_py.dir/rosidl_generator_py/my_first_package_msgs/action/_dist_turtle_s.c.o[0m
[5.742s] [ 87%] [32mBuilding C object CMakeFiles/my_first_package_msgs__rosidl_generator_py.dir/rosidl_generator_py/my_first_package_msgs/srv/_multi_spawn_s.c.o[0m
[5.742s] [ 87%] [32mBuilding C object CMakeFiles/my_first_package_msgs__rosidl_generator_py.dir/rosidl_generator_py/my_first_package_msgs/msg/_cmd_and_pose_vel_s.c.o[0m
[5.884s] [ 88%] [32m[1mLinking C shared library libmy_first_package_msgs__rosidl_generator_py.so[0m
[5.920s] [ 88%] Built target my_first_package_msgs__rosidl_generator_py
[5.938s] [ 90%] [32mBuilding C object CMakeFiles/my_first_package_msgs_s__rosidl_typesupport_introspection_c.dir/rosidl_generator_py/my_first_package_msgs/_my_first_package_msgs_s.ep.rosidl_typesupport_introspection_c.c.o[0m
[5.939s] [ 92%] [32mBuilding C object CMakeFiles/my_first_package_msgs_s__rosidl_typesupport_c.dir/rosidl_generator_py/my_first_package_msgs/_my_first_package_msgs_s.ep.rosidl_typesupport_c.c.o[0m
[5.941s] [ 94%] [32mBuilding C object CMakeFiles/my_first_package_msgs_s__rosidl_typesupport_fastrtps_c.dir/rosidl_generator_py/my_first_package_msgs/_my_first_package_msgs_s.ep.rosidl_typesupport_fastrtps_c.c.o[0m
[6.042s] [ 98%] [32m[1mLinking C shared module rosidl_generator_py/my_first_package_msgs/my_first_package_msgs_s__rosidl_typesupport_introspection_c.so[0m
[6.042s] [ 98%] [32m[1mLinking C shared module rosidl_generator_py/my_first_package_msgs/my_first_package_msgs_s__rosidl_typesupport_c.so[0m
[6.047s] [100%] [32m[1mLinking C shared module rosidl_generator_py/my_first_package_msgs/my_first_package_msgs_s__rosidl_typesupport_fastrtps_c.so[0m
[6.068s] [100%] Built target my_first_package_msgs_s__rosidl_typesupport_c
[6.070s] [100%] Built target my_first_package_msgs_s__rosidl_typesupport_introspection_c
[6.072s] [100%] Built target my_first_package_msgs_s__rosidl_typesupport_fastrtps_c
[6.081s] Invoked command in '/home/kdy/sj_ros2/build/my_first_package_msgs' returned '0': CMAKE_PREFIX_PATH=${CMAKE_PREFIX_PATH}:/home/kdy/sj_ros2/install/my_first_package:/opt/ros/jazzy DEBUGINFOD_URLS=https://debuginfod.ubuntu.com /usr/bin/cmake --build /home/kdy/sj_ros2/build/my_first_package_msgs -- -j8 -l8
[6.089s] Invoking command in '/home/kdy/sj_ros2/build/my_first_package_msgs': CMAKE_PREFIX_PATH=${CMAKE_PREFIX_PATH}:/home/kdy/sj_ros2/install/my_first_package:/opt/ros/jazzy DEBUGINFOD_URLS=https://debuginfod.ubuntu.com /usr/bin/cmake --install /home/kdy/sj_ros2/build/my_first_package_msgs
[6.096s] -- Install configuration: ""
[6.096s] -- Installing: /home/kdy/sj_ros2/install/my_first_package_msgs/share/ament_index/resource_index/rosidl_interfaces/my_first_package_msgs
[6.096s] -- Installing: /home/kdy/sj_ros2/install/my_first_package_msgs/share/my_first_package_msgs/msg/CmdAndPoseVel.json
[6.096s] -- Installing: /home/kdy/sj_ros2/install/my_first_package_msgs/share/my_first_package_msgs/srv/MultiSpawn.json
[6.096s] -- Installing: /home/kdy/sj_ros2/install/my_first_package_msgs/share/my_first_package_msgs/action/DistTurtle.json
[6.096s] -- Up-to-date: /home/kdy/sj_ros2/install/my_first_package_msgs/include/my_first_package_msgs/my_first_package_msgs
[6.096s] -- Up-to-date: /home/kdy/sj_ros2/install/my_first_package_msgs/include/my_first_package_msgs/my_first_package_msgs/srv
[6.096s] -- Up-to-date: /home/kdy/sj_ros2/install/my_first_package_msgs/include/my_first_package_msgs/my_first_package_msgs/srv/detail
[6.096s] -- Installing: /home/kdy/sj_ros2/install/my_first_package_msgs/include/my_first_package_msgs/my_first_package_msgs/srv/detail/multi_spawn__type_support.h
[6.096s] -- Installing: /home/kdy/sj_ros2/install/my_first_package_msgs/include/my_first_package_msgs/my_first_package_msgs/srv/detail/multi_spawn__type_support.c
[6.097s] -- Installing: /home/kdy/sj_ros2/install/my_first_package_msgs/include/my_first_package_msgs/my_first_package_msgs/srv/detail/multi_spawn__description.c
[6.097s] -- Installing: /home/kdy/sj_ros2/install/my_first_package_msgs/include/my_first_package_msgs/my_first_package_msgs/srv/detail/multi_spawn__functions.c
[6.097s] -- Installing: /home/kdy/sj_ros2/install/my_first_package_msgs/include/my_first_package_msgs/my_first_package_msgs/srv/detail/multi_spawn__functions.h
[6.097s] -- Installing: /home/kdy/sj_ros2/install/my_first_package_msgs/include/my_first_package_msgs/my_first_package_msgs/srv/detail/multi_spawn__struct.h
[6.097s] -- Installing: /home/kdy/sj_ros2/install/my_first_package_msgs/include/my_first_package_msgs/my_first_package_msgs/srv/multi_spawn.h
[6.097s] -- Up-to-date: /home/kdy/sj_ros2/install/my_first_package_msgs/include/my_first_package_msgs/my_first_package_msgs/msg
[6.097s] -- Installing: /home/kdy/sj_ros2/install/my_first_package_msgs/include/my_first_package_msgs/my_first_package_msgs/msg/rosidl_generator_c__visibility_control.h
[6.097s] -- Up-to-date: /home/kdy/sj_ros2/install/my_first_package_msgs/include/my_first_package_msgs/my_first_package_msgs/msg/detail
[6.097s] -- Installing: /home/kdy/sj_ros2/install/my_first_package_msgs/include/my_first_package_msgs/my_first_package_msgs/msg/detail/cmd_and_pose_vel__type_support.h
[6.097s] -- Installing: /home/kdy/sj_ros2/install/my_first_package_msgs/include/my_first_package_msgs/my_first_package_msgs/msg/detail/cmd_and_pose_vel__type_support.c
[6.097s] -- Installing: /home/kdy/sj_ros2/install/my_first_package_msgs/include/my_first_package_msgs/my_first_package_msgs/msg/detail/cmd_and_pose_vel__functions.h
[6.097s] -- Installing: /home/kdy/sj_ros2/install/my_first_package_msgs/include/my_first_package_msgs/my_first_package_msgs/msg/detail/cmd_and_pose_vel__functions.c
[6.097s] -- Installing: /home/kdy/sj_ros2/install/my_first_package_msgs/include/my_first_package_msgs/my_first_package_msgs/msg/detail/cmd_and_pose_vel__description.c
[6.097s] -- Installing: /home/kdy/sj_ros2/install/my_first_package_msgs/include/my_first_package_msgs/my_first_package_msgs/msg/detail/cmd_and_pose_vel__struct.h
[6.097s] -- Installing: /home/kdy/sj_ros2/install/my_first_package_msgs/include/my_first_package_msgs/my_first_package_msgs/msg/cmd_and_pose_vel.h
[6.097s] -- Up-to-date: /home/kdy/sj_ros2/install/my_first_package_msgs/include/my_first_package_msgs/my_first_package_msgs/action
[6.097s] -- Installing: /home/kdy/sj_ros2/install/my_first_package_msgs/include/my_first_package_msgs/my_first_package_msgs/action/dist_turtle.h
[6.098s] -- Up-to-date: /home/kdy/sj_ros2/install/my_first_package_msgs/include/my_first_package_msgs/my_first_package_msgs/action/detail
[6.098s] -- Installing: /home/kdy/sj_ros2/install/my_first_package_msgs/include/my_first_package_msgs/my_first_package_msgs/action/detail/dist_turtle__description.c
[6.098s] -- Installing: /home/kdy/sj_ros2/install/my_first_package_msgs/include/my_first_package_msgs/my_first_package_msgs/action/detail/dist_turtle__functions.h
[6.098s] -- Installing: /home/kdy/sj_ros2/install/my_first_package_msgs/include/my_first_package_msgs/my_first_package_msgs/action/detail/dist_turtle__type_support.c
[6.098s] -- Installing: /home/kdy/sj_ros2/install/my_first_package_msgs/include/my_first_package_msgs/my_first_package_msgs/action/detail/dist_turtle__functions.c
[6.098s] -- Installing: /home/kdy/sj_ros2/install/my_first_package_msgs/include/my_first_package_msgs/my_first_package_msgs/action/detail/dist_turtle__type_support.h
[6.098s] -- Installing: /home/kdy/sj_ros2/install/my_first_package_msgs/include/my_first_package_msgs/my_first_package_msgs/action/detail/dist_turtle__struct.h
[6.098s] -- Up-to-date: /home/kdy/sj_ros2/install/my_first_package_msgs/share/my_first_package_msgs/environment/library_path.sh
[6.098s] -- Installing: /home/kdy/sj_ros2/install/my_first_package_msgs/share/my_first_package_msgs/environment/library_path.dsv
[6.098s] -- Installing: /home/kdy/sj_ros2/install/my_first_package_msgs/lib/libmy_first_package_msgs__rosidl_generator_c.so
[6.099s] -- Set non-toolchain portion of runtime path of "/home/kdy/sj_ros2/install/my_first_package_msgs/lib/libmy_first_package_msgs__rosidl_generator_c.so" to ""
[6.099s] -- Up-to-date: /home/kdy/sj_ros2/install/my_first_package_msgs/include/my_first_package_msgs/my_first_package_msgs
[6.099s] -- Up-to-date: /home/kdy/sj_ros2/install/my_first_package_msgs/include/my_first_package_msgs/my_first_package_msgs/srv
[6.099s] -- Up-to-date: /home/kdy/sj_ros2/install/my_first_package_msgs/include/my_first_package_msgs/my_first_package_msgs/srv/detail
[6.099s] -- Installing: /home/kdy/sj_ros2/install/my_first_package_msgs/include/my_first_package_msgs/my_first_package_msgs/srv/detail/multi_spawn__rosidl_typesupport_fastrtps_c.h
[6.099s] -- Up-to-date: /home/kdy/sj_ros2/install/my_first_package_msgs/include/my_first_package_msgs/my_first_package_msgs/msg
[6.099s] -- Up-to-date: /home/kdy/sj_ros2/install/my_first_package_msgs/include/my_first_package_msgs/my_first_package_msgs/msg/detail
[6.099s] -- Installing: /home/kdy/sj_ros2/install/my_first_package_msgs/include/my_first_package_msgs/my_first_package_msgs/msg/detail/cmd_and_pose_vel__rosidl_typesupport_fastrtps_c.h
[6.099s] -- Installing: /home/kdy/sj_ros2/install/my_first_package_msgs/include/my_first_package_msgs/my_first_package_msgs/msg/rosidl_typesupport_fastrtps_c__visibility_control.h
[6.099s] -- Up-to-date: /home/kdy/sj_ros2/install/my_first_package_msgs/include/my_first_package_msgs/my_first_package_msgs/action
[6.099s] -- Up-to-date: /home/kdy/sj_ros2/install/my_first_package_msgs/include/my_first_package_msgs/my_first_package_msgs/action/detail
[6.099s] -- Installing: /home/kdy/sj_ros2/install/my_first_package_msgs/include/my_first_package_msgs/my_first_package_msgs/action/detail/dist_turtle__rosidl_typesupport_fastrtps_c.h
[6.099s] -- Installing: /home/kdy/sj_ros2/install/my_first_package_msgs/lib/libmy_first_package_msgs__rosidl_typesupport_fastrtps_c.so
[6.099s] -- Set non-toolchain portion of runtime path of "/home/kdy/sj_ros2/install/my_first_package_msgs/lib/libmy_first_package_msgs__rosidl_typesupport_fastrtps_c.so" to ""
[6.100s] -- Up-to-date: /home/kdy/sj_ros2/install/my_first_package_msgs/include/my_first_package_msgs/my_first_package_msgs
[6.100s] -- Up-to-date: /home/kdy/sj_ros2/install/my_first_package_msgs/include/my_first_package_msgs/my_first_package_msgs/srv
[6.100s] -- Up-to-date: /home/kdy/sj_ros2/install/my_first_package_msgs/include/my_first_package_msgs/my_first_package_msgs/srv/detail
[6.100s] -- Up-to-date: /home/kdy/sj_ros2/install/my_first_package_msgs/include/my_first_package_msgs/my_first_package_msgs/srv/detail/multi_spawn__type_support.c
[6.100s] -- Installing: /home/kdy/sj_ros2/install/my_first_package_msgs/include/my_first_package_msgs/my_first_package_msgs/srv/detail/multi_spawn__rosidl_typesupport_introspection_c.h
[6.100s] -- Up-to-date: /home/kdy/sj_ros2/install/my_first_package_msgs/include/my_first_package_msgs/my_first_package_msgs/msg
[6.100s] -- Installing: /home/kdy/sj_ros2/install/my_first_package_msgs/include/my_first_package_msgs/my_first_package_msgs/msg/rosidl_typesupport_introspection_c__visibility_control.h
[6.100s] -- Up-to-date: /home/kdy/sj_ros2/install/my_first_package_msgs/include/my_first_package_msgs/my_first_package_msgs/msg/detail
[6.100s] -- Up-to-date: /home/kdy/sj_ros2/install/my_first_package_msgs/include/my_first_package_msgs/my_first_package_msgs/msg/detail/cmd_and_pose_vel__type_support.c
[6.100s] -- Installing: /home/kdy/sj_ros2/install/my_first_package_msgs/include/my_first_package_msgs/my_first_package_msgs/msg/detail/cmd_and_pose_vel__rosidl_typesupport_introspection_c.h
[6.100s] -- Up-to-date: /home/kdy/sj_ros2/install/my_first_package_msgs/include/my_first_package_msgs/my_first_package_msgs/action
[6.100s] -- Up-to-date: /home/kdy/sj_ros2/install/my_first_package_msgs/include/my_first_package_msgs/my_first_package_msgs/action/detail
[6.100s] -- Up-to-date: /home/kdy/sj_ros2/install/my_first_package_msgs/include/my_first_package_msgs/my_first_package_msgs/action/detail/dist_turtle__type_support.c
[6.100s] -- Installing: /home/kdy/sj_ros2/install/my_first_package_msgs/include/my_first_package_msgs/my_first_package_msgs/action/detail/dist_turtle__rosidl_typesupport_introspection_c.h
[6.100s] -- Installing: /home/kdy/sj_ros2/install/my_first_package_msgs/lib/libmy_first_package_msgs__rosidl_typesupport_introspection_c.so
[6.100s] -- Set non-toolchain portion of runtime path of "/home/kdy/sj_ros2/install/my_first_package_msgs/lib/libmy_first_package_msgs__rosidl_typesupport_introspection_c.so" to ""
[6.101s] -- Installing: /home/kdy/sj_ros2/install/my_first_package_msgs/lib/libmy_first_package_msgs__rosidl_typesupport_c.so
[6.101s] -- Set non-toolchain portion of runtime path of "/home/kdy/sj_ros2/install/my_first_package_msgs/lib/libmy_first_package_msgs__rosidl_typesupport_c.so" to ""
[6.101s] -- Up-to-date: /home/kdy/sj_ros2/install/my_first_package_msgs/include/my_first_package_msgs/my_first_package_msgs
[6.101s] -- Up-to-date: /home/kdy/sj_ros2/install/my_first_package_msgs/include/my_first_package_msgs/my_first_package_msgs/srv
[6.101s] -- Installing: /home/kdy/sj_ros2/install/my_first_package_msgs/include/my_first_package_msgs/my_first_package_msgs/srv/multi_spawn.hpp
[6.101s] -- Up-to-date: /home/kdy/sj_ros2/install/my_first_package_msgs/include/my_first_package_msgs/my_first_package_msgs/srv/detail
[6.101s] -- Installing: /home/kdy/sj_ros2/install/my_first_package_msgs/include/my_first_package_msgs/my_first_package_msgs/srv/detail/multi_spawn__type_support.hpp
[6.101s] -- Installing: /home/kdy/sj_ros2/install/my_first_package_msgs/include/my_first_package_msgs/my_first_package_msgs/srv/detail/multi_spawn__builder.hpp
[6.101s] -- Installing: /home/kdy/sj_ros2/install/my_first_package_msgs/include/my_first_package_msgs/my_first_package_msgs/srv/detail/multi_spawn__struct.hpp
[6.101s] -- Installing: /home/kdy/sj_ros2/install/my_first_package_msgs/include/my_first_package_msgs/my_first_package_msgs/srv/detail/multi_spawn__traits.hpp
[6.101s] -- Up-to-date: /home/kdy/sj_ros2/install/my_first_package_msgs/include/my_first_package_msgs/my_first_package_msgs/msg
[6.101s] -- Installing: /home/kdy/sj_ros2/install/my_first_package_msgs/include/my_first_package_msgs/my_first_package_msgs/msg/cmd_and_pose_vel.hpp
[6.101s] -- Up-to-date: /home/kdy/sj_ros2/install/my_first_package_msgs/include/my_first_package_msgs/my_first_package_msgs/msg/detail
[6.101s] -- Installing: /home/kdy/sj_ros2/install/my_first_package_msgs/include/my_first_package_msgs/my_first_package_msgs/msg/detail/cmd_and_pose_vel__struct.hpp
[6.101s] -- Installing: /home/kdy/sj_ros2/install/my_first_package_msgs/include/my_first_package_msgs/my_first_package_msgs/msg/detail/cmd_and_pose_vel__type_support.hpp
[6.102s] -- Installing: /home/kdy/sj_ros2/install/my_first_package_msgs/include/my_first_package_msgs/my_first_package_msgs/msg/detail/cmd_and_pose_vel__builder.hpp
[6.102s] -- Installing: /home/kdy/sj_ros2/install/my_first_package_msgs/include/my_first_package_msgs/my_first_package_msgs/msg/detail/cmd_and_pose_vel__traits.hpp
[6.102s] -- Installing: /home/kdy/sj_ros2/install/my_first_package_msgs/include/my_first_package_msgs/my_first_package_msgs/msg/rosidl_generator_cpp__visibility_control.hpp
[6.102s] -- Up-to-date: /home/kdy/sj_ros2/install/my_first_package_msgs/include/my_first_package_msgs/my_first_package_msgs/action
[6.102s] -- Up-to-date: /home/kdy/sj_ros2/install/my_first_package_msgs/include/my_first_package_msgs/my_first_package_msgs/action/detail
[6.102s] -- Installing: /home/kdy/sj_ros2/install/my_first_package_msgs/include/my_first_package_msgs/my_first_package_msgs/action/detail/dist_turtle__type_support.hpp
[6.102s] -- Installing: /home/kdy/sj_ros2/install/my_first_package_msgs/include/my_first_package_msgs/my_first_package_msgs/action/detail/dist_turtle__traits.hpp
[6.102s] -- Installing: /home/kdy/sj_ros2/install/my_first_package_msgs/include/my_first_package_msgs/my_first_package_msgs/action/detail/dist_turtle__builder.hpp
[6.102s] -- Installing: /home/kdy/sj_ros2/install/my_first_package_msgs/include/my_first_package_msgs/my_first_package_msgs/action/detail/dist_turtle__struct.hpp
[6.102s] -- Installing: /home/kdy/sj_ros2/install/my_first_package_msgs/include/my_first_package_msgs/my_first_package_msgs/action/dist_turtle.hpp
[6.102s] -- Up-to-date: /home/kdy/sj_ros2/install/my_first_package_msgs/include/my_first_package_msgs/my_first_package_msgs
[6.102s] -- Up-to-date: /home/kdy/sj_ros2/install/my_first_package_msgs/include/my_first_package_msgs/my_first_package_msgs/srv
[6.102s] -- Up-to-date: /home/kdy/sj_ros2/install/my_first_package_msgs/include/my_first_package_msgs/my_first_package_msgs/srv/detail
[6.102s] -- Installing: /home/kdy/sj_ros2/install/my_first_package_msgs/include/my_first_package_msgs/my_first_package_msgs/srv/detail/multi_spawn__rosidl_typesupport_fastrtps_cpp.hpp
[6.102s] -- Up-to-date: /home/kdy/sj_ros2/install/my_first_package_msgs/include/my_first_package_msgs/my_first_package_msgs/srv/detail/dds_fastrtps
[6.102s] -- Up-to-date: /home/kdy/sj_ros2/install/my_first_package_msgs/include/my_first_package_msgs/my_first_package_msgs/msg
[6.102s] -- Installing: /home/kdy/sj_ros2/install/my_first_package_msgs/include/my_first_package_msgs/my_first_package_msgs/msg/rosidl_typesupport_fastrtps_cpp__visibility_control.h
[6.102s] -- Up-to-date: /home/kdy/sj_ros2/install/my_first_package_msgs/include/my_first_package_msgs/my_first_package_msgs/msg/detail
[6.103s] -- Installing: /home/kdy/sj_ros2/install/my_first_package_msgs/include/my_first_package_msgs/my_first_package_msgs/msg/detail/cmd_and_pose_vel__rosidl_typesupport_fastrtps_cpp.hpp
[6.103s] -- Up-to-date: /home/kdy/sj_ros2/install/my_first_package_msgs/include/my_first_package_msgs/my_first_package_msgs/msg/detail/dds_fastrtps
[6.103s] -- Up-to-date: /home/kdy/sj_ros2/install/my_first_package_msgs/include/my_first_package_msgs/my_first_package_msgs/action
[6.103s] -- Up-to-date: /home/kdy/sj_ros2/install/my_first_package_msgs/include/my_first_package_msgs/my_first_package_msgs/action/detail
[6.103s] -- Installing: /home/kdy/sj_ros2/install/my_first_package_msgs/include/my_first_package_msgs/my_first_package_msgs/action/detail/dist_turtle__rosidl_typesupport_fastrtps_cpp.hpp
[6.103s] -- Up-to-date: /home/kdy/sj_ros2/install/my_first_package_msgs/include/my_first_package_msgs/my_first_package_msgs/action/detail/dds_fastrtps
[6.103s] -- Installing: /home/kdy/sj_ros2/install/my_first_package_msgs/lib/libmy_first_package_msgs__rosidl_typesupport_fastrtps_cpp.so
[6.103s] -- Set non-toolchain portion of runtime path of "/home/kdy/sj_ros2/install/my_first_package_msgs/lib/libmy_first_package_msgs__rosidl_typesupport_fastrtps_cpp.so" to ""
[6.103s] -- Up-to-date: /home/kdy/sj_ros2/install/my_first_package_msgs/include/my_first_package_msgs/my_first_package_msgs
[6.103s] -- Up-to-date: /home/kdy/sj_ros2/install/my_first_package_msgs/include/my_first_package_msgs/my_first_package_msgs/srv
[6.103s] -- Up-to-date: /home/kdy/sj_ros2/install/my_first_package_msgs/include/my_first_package_msgs/my_first_package_msgs/srv/detail
[6.103s] -- Installing: /home/kdy/sj_ros2/install/my_first_package_msgs/include/my_first_package_msgs/my_first_package_msgs/srv/detail/multi_spawn__type_support.cpp
[6.103s] -- Installing: /home/kdy/sj_ros2/install/my_first_package_msgs/include/my_first_package_msgs/my_first_package_msgs/srv/detail/multi_spawn__rosidl_typesupport_introspection_cpp.hpp
[6.103s] -- Up-to-date: /home/kdy/sj_ros2/install/my_first_package_msgs/include/my_first_package_msgs/my_first_package_msgs/msg
[6.103s] -- Up-to-date: /home/kdy/sj_ros2/install/my_first_package_msgs/include/my_first_package_msgs/my_first_package_msgs/msg/detail
[6.103s] -- Installing: /home/kdy/sj_ros2/install/my_first_package_msgs/include/my_first_package_msgs/my_first_package_msgs/msg/detail/cmd_and_pose_vel__rosidl_typesupport_introspection_cpp.hpp
[6.103s] -- Installing: /home/kdy/sj_ros2/install/my_first_package_msgs/include/my_first_package_msgs/my_first_package_msgs/msg/detail/cmd_and_pose_vel__type_support.cpp
[6.103s] -- Up-to-date: /home/kdy/sj_ros2/install/my_first_package_msgs/include/my_first_package_msgs/my_first_package_msgs/action
[6.104s] -- Up-to-date: /home/kdy/sj_ros2/install/my_first_package_msgs/include/my_first_package_msgs/my_first_package_msgs/action/detail
[6.104s] -- Installing: /home/kdy/sj_ros2/install/my_first_package_msgs/include/my_first_package_msgs/my_first_package_msgs/action/detail/dist_turtle__type_support.cpp
[6.104s] -- Installing: /home/kdy/sj_ros2/install/my_first_package_msgs/include/my_first_package_msgs/my_first_package_msgs/action/detail/dist_turtle__rosidl_typesupport_introspection_cpp.hpp
[6.104s] -- Installing: /home/kdy/sj_ros2/install/my_first_package_msgs/lib/libmy_first_package_msgs__rosidl_typesupport_introspection_cpp.so
[6.104s] -- Set non-toolchain portion of runtime path of "/home/kdy/sj_ros2/install/my_first_package_msgs/lib/libmy_first_package_msgs__rosidl_typesupport_introspection_cpp.so" to ""
[6.104s] -- Installing: /home/kdy/sj_ros2/install/my_first_package_msgs/lib/libmy_first_package_msgs__rosidl_typesupport_cpp.so
[6.104s] -- Set non-toolchain portion of runtime path of "/home/kdy/sj_ros2/install/my_first_package_msgs/lib/libmy_first_package_msgs__rosidl_typesupport_cpp.so" to ""
[6.104s] -- Installing: /home/kdy/sj_ros2/install/my_first_package_msgs/share/my_first_package_msgs/environment/pythonpath.sh
[6.105s] -- Installing: /home/kdy/sj_ros2/install/my_first_package_msgs/share/my_first_package_msgs/environment/pythonpath.dsv
[6.105s] -- Up-to-date: /home/kdy/sj_ros2/install/my_first_package_msgs/lib/python3.12/site-packages/my_first_package_msgs-0.0.0-py3.12.egg-info
[6.105s] -- Installing: /home/kdy/sj_ros2/install/my_first_package_msgs/lib/python3.12/site-packages/my_first_package_msgs-0.0.0-py3.12.egg-info/SOURCES.txt
[6.105s] -- Installing: /home/kdy/sj_ros2/install/my_first_package_msgs/lib/python3.12/site-packages/my_first_package_msgs-0.0.0-py3.12.egg-info/dependency_links.txt
[6.105s] -- Installing: /home/kdy/sj_ros2/install/my_first_package_msgs/lib/python3.12/site-packages/my_first_package_msgs-0.0.0-py3.12.egg-info/PKG-INFO
[6.105s] -- Installing: /home/kdy/sj_ros2/install/my_first_package_msgs/lib/python3.12/site-packages/my_first_package_msgs-0.0.0-py3.12.egg-info/top_level.txt
[6.105s] -- Up-to-date: /home/kdy/sj_ros2/install/my_first_package_msgs/lib/python3.12/site-packages/my_first_package_msgs
[6.105s] -- Up-to-date: /home/kdy/sj_ros2/install/my_first_package_msgs/lib/python3.12/site-packages/my_first_package_msgs/srv
[6.105s] -- Installing: /home/kdy/sj_ros2/install/my_first_package_msgs/lib/python3.12/site-packages/my_first_package_msgs/srv/_multi_spawn.py
[6.105s] -- Installing: /home/kdy/sj_ros2/install/my_first_package_msgs/lib/python3.12/site-packages/my_first_package_msgs/srv/_multi_spawn_s.c
[6.105s] -- Installing: /home/kdy/sj_ros2/install/my_first_package_msgs/lib/python3.12/site-packages/my_first_package_msgs/srv/__init__.py
[6.105s] -- Installing: /home/kdy/sj_ros2/install/my_first_package_msgs/lib/python3.12/site-packages/my_first_package_msgs/my_first_package_msgs_s__rosidl_typesupport_introspection_c.so
[6.105s] -- Installing: /home/kdy/sj_ros2/install/my_first_package_msgs/lib/python3.12/site-packages/my_first_package_msgs/my_first_package_msgs_s__rosidl_typesupport_fastrtps_c.so
[6.105s] -- Up-to-date: /home/kdy/sj_ros2/install/my_first_package_msgs/lib/python3.12/site-packages/my_first_package_msgs/msg
[6.105s] -- Installing: /home/kdy/sj_ros2/install/my_first_package_msgs/lib/python3.12/site-packages/my_first_package_msgs/msg/_cmd_and_pose_vel.py
[6.106s] -- Installing: /home/kdy/sj_ros2/install/my_first_package_msgs/lib/python3.12/site-packages/my_first_package_msgs/msg/__init__.py
[6.106s] -- Installing: /home/kdy/sj_ros2/install/my_first_package_msgs/lib/python3.12/site-packages/my_first_package_msgs/msg/_cmd_and_pose_vel_s.c
[6.106s] -- Installing: /home/kdy/sj_ros2/install/my_first_package_msgs/lib/python3.12/site-packages/my_first_package_msgs/_my_first_package_msgs_s.ep.rosidl_typesupport_c.c
[6.106s] -- Installing: /home/kdy/sj_ros2/install/my_first_package_msgs/lib/python3.12/site-packages/my_first_package_msgs/_my_first_package_msgs_s.ep.rosidl_typesupport_introspection_c.c
[6.106s] -- Up-to-date: /home/kdy/sj_ros2/install/my_first_package_msgs/lib/python3.12/site-packages/my_first_package_msgs/action
[6.106s] -- Installing: /home/kdy/sj_ros2/install/my_first_package_msgs/lib/python3.12/site-packages/my_first_package_msgs/action/_dist_turtle.py
[6.106s] -- Installing: /home/kdy/sj_ros2/install/my_first_package_msgs/lib/python3.12/site-packages/my_first_package_msgs/action/_dist_turtle_s.c
[6.106s] -- Installing: /home/kdy/sj_ros2/install/my_first_package_msgs/lib/python3.12/site-packages/my_first_package_msgs/action/__init__.py
[6.106s] -- Installing: /home/kdy/sj_ros2/install/my_first_package_msgs/lib/python3.12/site-packages/my_first_package_msgs/my_first_package_msgs_s__rosidl_typesupport_c.so
[6.106s] -- Installing: /home/kdy/sj_ros2/install/my_first_package_msgs/lib/python3.12/site-packages/my_first_package_msgs/__init__.py
[6.106s] -- Installing: /home/kdy/sj_ros2/install/my_first_package_msgs/lib/python3.12/site-packages/my_first_package_msgs/_my_first_package_msgs_s.ep.rosidl_typesupport_fastrtps_c.c
[6.149s] Listing '/home/kdy/sj_ros2/install/my_first_package_msgs/lib/python3.12/site-packages/my_first_package_msgs'...
[6.149s] Compiling '/home/kdy/sj_ros2/install/my_first_package_msgs/lib/python3.12/site-packages/my_first_package_msgs/__init__.py'...
[6.149s] Listing '/home/kdy/sj_ros2/install/my_first_package_msgs/lib/python3.12/site-packages/my_first_package_msgs/action'...
[6.149s] Compiling '/home/kdy/sj_ros2/install/my_first_package_msgs/lib/python3.12/site-packages/my_first_package_msgs/action/__init__.py'...
[6.149s] Compiling '/home/kdy/sj_ros2/install/my_first_package_msgs/lib/python3.12/site-packages/my_first_package_msgs/action/_dist_turtle.py'...
[6.149s] Listing '/home/kdy/sj_ros2/install/my_first_package_msgs/lib/python3.12/site-packages/my_first_package_msgs/msg'...
[6.149s] Compiling '/home/kdy/sj_ros2/install/my_first_package_msgs/lib/python3.12/site-packages/my_first_package_msgs/msg/__init__.py'...
[6.149s] Compiling '/home/kdy/sj_ros2/install/my_first_package_msgs/lib/python3.12/site-packages/my_first_package_msgs/msg/_cmd_and_pose_vel.py'...
[6.149s] Listing '/home/kdy/sj_ros2/install/my_first_package_msgs/lib/python3.12/site-packages/my_first_package_msgs/srv'...
[6.149s] Compiling '/home/kdy/sj_ros2/install/my_first_package_msgs/lib/python3.12/site-packages/my_first_package_msgs/srv/__init__.py'...
[6.149s] Compiling '/home/kdy/sj_ros2/install/my_first_package_msgs/lib/python3.12/site-packages/my_first_package_msgs/srv/_multi_spawn.py'...
[6.154s] -- Installing: /home/kdy/sj_ros2/install/my_first_package_msgs/lib/python3.12/site-packages/my_first_package_msgs/my_first_package_msgs_s__rosidl_typesupport_fastrtps_c.so
[6.157s] -- Set non-toolchain portion of runtime path of "/home/kdy/sj_ros2/install/my_first_package_msgs/lib/python3.12/site-packages/my_first_package_msgs/my_first_package_msgs_s__rosidl_typesupport_fastrtps_c.so" to ""
[6.157s] -- Installing: /home/kdy/sj_ros2/install/my_first_package_msgs/lib/python3.12/site-packages/my_first_package_msgs/my_first_package_msgs_s__rosidl_typesupport_introspection_c.so
[6.157s] -- Set non-toolchain portion of runtime path of "/home/kdy/sj_ros2/install/my_first_package_msgs/lib/python3.12/site-packages/my_first_package_msgs/my_first_package_msgs_s__rosidl_typesupport_introspection_c.so" to ""
[6.157s] -- Installing: /home/kdy/sj_ros2/install/my_first_package_msgs/lib/python3.12/site-packages/my_first_package_msgs/my_first_package_msgs_s__rosidl_typesupport_c.so
[6.157s] -- Set non-toolchain portion of runtime path of "/home/kdy/sj_ros2/install/my_first_package_msgs/lib/python3.12/site-packages/my_first_package_msgs/my_first_package_msgs_s__rosidl_typesupport_c.so" to ""
[6.157s] -- Installing: /home/kdy/sj_ros2/install/my_first_package_msgs/lib/libmy_first_package_msgs__rosidl_generator_py.so
[6.157s] -- Set non-toolchain portion of runtime path of "/home/kdy/sj_ros2/install/my_first_package_msgs/lib/libmy_first_package_msgs__rosidl_generator_py.so" to ""
[6.157s] -- Installing: /home/kdy/sj_ros2/install/my_first_package_msgs/share/my_first_package_msgs/msg/CmdAndPoseVel.idl
[6.157s] -- Installing: /home/kdy/sj_ros2/install/my_first_package_msgs/share/my_first_package_msgs/srv/MultiSpawn.idl
[6.157s] -- Installing: /home/kdy/sj_ros2/install/my_first_package_msgs/share/my_first_package_msgs/action/DistTurtle.idl
[6.157s] -- Up-to-date: /home/kdy/sj_ros2/install/my_first_package_msgs/share/my_first_package_msgs/msg/CmdAndPoseVel.msg
[6.157s] -- Up-to-date: /home/kdy/sj_ros2/install/my_first_package_msgs/share/my_first_package_msgs/srv/MultiSpawn.srv
[6.157s] -- Up-to-date: /home/kdy/sj_ros2/install/my_first_package_msgs/share/my_first_package_msgs/action/DistTurtle.action
[6.157s] -- Installing: /home/kdy/sj_ros2/install/my_first_package_msgs/share/ament_index/resource_index/package_run_dependencies/my_first_package_msgs
[6.157s] -- Installing: /home/kdy/sj_ros2/install/my_first_package_msgs/share/ament_index/resource_index/parent_prefix_path/my_first_package_msgs
[6.157s] -- Up-to-date: /home/kdy/sj_ros2/install/my_first_package_msgs/share/my_first_package_msgs/environment/ament_prefix_path.sh
[6.158s] -- Installing: /home/kdy/sj_ros2/install/my_first_package_msgs/share/my_first_package_msgs/environment/ament_prefix_path.dsv
[6.158s] -- Up-to-date: /home/kdy/sj_ros2/install/my_first_package_msgs/share/my_first_package_msgs/environment/path.sh
[6.158s] -- Installing: /home/kdy/sj_ros2/install/my_first_package_msgs/share/my_first_package_msgs/environment/path.dsv
[6.158s] -- Installing: /home/kdy/sj_ros2/install/my_first_package_msgs/share/my_first_package_msgs/local_setup.bash
[6.158s] -- Installing: /home/kdy/sj_ros2/install/my_first_package_msgs/share/my_first_package_msgs/local_setup.sh
[6.158s] -- Installing: /home/kdy/sj_ros2/install/my_first_package_msgs/share/my_first_package_msgs/local_setup.zsh
[6.158s] -- Installing: /home/kdy/sj_ros2/install/my_first_package_msgs/share/my_first_package_msgs/local_setup.dsv
[6.158s] -- Installing: /home/kdy/sj_ros2/install/my_first_package_msgs/share/my_first_package_msgs/package.dsv
[6.158s] -- Installing: /home/kdy/sj_ros2/install/my_first_package_msgs/share/ament_index/resource_index/packages/my_first_package_msgs
[6.158s] -- Installing: /home/kdy/sj_ros2/install/my_first_package_msgs/share/my_first_package_msgs/cmake/export_my_first_package_msgs__rosidl_generator_cExport.cmake
[6.158s] -- Installing: /home/kdy/sj_ros2/install/my_first_package_msgs/share/my_first_package_msgs/cmake/export_my_first_package_msgs__rosidl_generator_cExport-noconfig.cmake
[6.158s] -- Installing: /home/kdy/sj_ros2/install/my_first_package_msgs/share/my_first_package_msgs/cmake/export_my_first_package_msgs__rosidl_typesupport_fastrtps_cExport.cmake
[6.158s] -- Installing: /home/kdy/sj_ros2/install/my_first_package_msgs/share/my_first_package_msgs/cmake/export_my_first_package_msgs__rosidl_typesupport_fastrtps_cExport-noconfig.cmake
[6.158s] -- Installing: /home/kdy/sj_ros2/install/my_first_package_msgs/share/my_first_package_msgs/cmake/my_first_package_msgs__rosidl_typesupport_introspection_cExport.cmake
[6.158s] -- Installing: /home/kdy/sj_ros2/install/my_first_package_msgs/share/my_first_package_msgs/cmake/my_first_package_msgs__rosidl_typesupport_introspection_cExport-noconfig.cmake
[6.158s] -- Installing: /home/kdy/sj_ros2/install/my_first_package_msgs/share/my_first_package_msgs/cmake/my_first_package_msgs__rosidl_typesupport_cExport.cmake
[6.158s] -- Installing: /home/kdy/sj_ros2/install/my_first_package_msgs/share/my_first_package_msgs/cmake/my_first_package_msgs__rosidl_typesupport_cExport-noconfig.cmake
[6.159s] -- Installing: /home/kdy/sj_ros2/install/my_first_package_msgs/share/my_first_package_msgs/cmake/export_my_first_package_msgs__rosidl_generator_cppExport.cmake
[6.159s] -- Installing: /home/kdy/sj_ros2/install/my_first_package_msgs/share/my_first_package_msgs/cmake/export_my_first_package_msgs__rosidl_typesupport_fastrtps_cppExport.cmake
[6.159s] -- Installing: /home/kdy/sj_ros2/install/my_first_package_msgs/share/my_first_package_msgs/cmake/export_my_first_package_msgs__rosidl_typesupport_fastrtps_cppExport-noconfig.cmake
[6.159s] -- Installing: /home/kdy/sj_ros2/install/my_first_package_msgs/share/my_first_package_msgs/cmake/my_first_package_msgs__rosidl_typesupport_introspection_cppExport.cmake
[6.159s] -- Installing: /home/kdy/sj_ros2/install/my_first_package_msgs/share/my_first_package_msgs/cmake/my_first_package_msgs__rosidl_typesupport_introspection_cppExport-noconfig.cmake
[6.159s] -- Installing: /home/kdy/sj_ros2/install/my_first_package_msgs/share/my_first_package_msgs/cmake/my_first_package_msgs__rosidl_typesupport_cppExport.cmake
[6.159s] -- Installing: /home/kdy/sj_ros2/install/my_first_package_msgs/share/my_first_package_msgs/cmake/my_first_package_msgs__rosidl_typesupport_cppExport-noconfig.cmake
[6.159s] -- Installing: /home/kdy/sj_ros2/install/my_first_package_msgs/share/my_first_package_msgs/cmake/export_my_first_package_msgs__rosidl_generator_pyExport.cmake
[6.159s] -- Installing: /home/kdy/sj_ros2/install/my_first_package_msgs/share/my_first_package_msgs/cmake/export_my_first_package_msgs__rosidl_generator_pyExport-noconfig.cmake
[6.159s] -- Installing: /home/kdy/sj_ros2/install/my_first_package_msgs/share/my_first_package_msgs/cmake/rosidl_cmake-extras.cmake
[6.159s] -- Installing: /home/kdy/sj_ros2/install/my_first_package_msgs/share/my_first_package_msgs/cmake/ament_cmake_export_dependencies-extras.cmake
[6.159s] -- Installing: /home/kdy/sj_ros2/install/my_first_package_msgs/share/my_first_package_msgs/cmake/ament_cmake_export_include_directories-extras.cmake
[6.159s] -- Installing: /home/kdy/sj_ros2/install/my_first_package_msgs/share/my_first_package_msgs/cmake/ament_cmake_export_libraries-extras.cmake
[6.159s] -- Installing: /home/kdy/sj_ros2/install/my_first_package_msgs/share/my_first_package_msgs/cmake/ament_cmake_export_targets-extras.cmake
[6.159s] -- Installing: /home/kdy/sj_ros2/install/my_first_package_msgs/share/my_first_package_msgs/cmake/rosidl_cmake_export_typesupport_targets-extras.cmake
[6.159s] -- Installing: /home/kdy/sj_ros2/install/my_first_package_msgs/share/my_first_package_msgs/cmake/rosidl_cmake_export_typesupport_libraries-extras.cmake
[6.159s] -- Installing: /home/kdy/sj_ros2/install/my_first_package_msgs/share/my_first_package_msgs/cmake/my_first_package_msgsConfig.cmake
[6.159s] -- Installing: /home/kdy/sj_ros2/install/my_first_package_msgs/share/my_first_package_msgs/cmake/my_first_package_msgsConfig-version.cmake
[6.160s] -- Up-to-date: /home/kdy/sj_ros2/install/my_first_package_msgs/share/my_first_package_msgs/package.xml
[6.161s] Invoked command in '/home/kdy/sj_ros2/build/my_first_package_msgs' returned '0': CMAKE_PREFIX_PATH=${CMAKE_PREFIX_PATH}:/home/kdy/sj_ros2/install/my_first_package:/opt/ros/jazzy DEBUGINFOD_URLS=https://debuginfod.ubuntu.com /usr/bin/cmake --install /home/kdy/sj_ros2/build/my_first_package_msgs
