[0.658s] Invoking command in '/home/kdy/ros2_study/src/my_first_package': DEBUGINFOD_URLS=https://debuginfod.ubuntu.com PYTHONPATH=/home/kdy/ros2_study/build/my_first_package/prefix_override:/usr/lib/python3/dist-packages/colcon_core/task/python/colcon_distutils_commands:/home/kdy/ros2_study/install/my_first_package/lib/python3.12/site-packages:${PYTHONPATH} /usr/bin/python3 -W ignore:setup.py install is deprecated -W ignore:easy_install command is deprecated setup.py egg_info --egg-base ../../build/my_first_package build --build-base /home/kdy/ros2_study/build/my_first_package/build install --record /home/kdy/ros2_study/build/my_first_package/install.log --single-version-externally-managed install_data
[0.866s] running egg_info
[0.881s] writing ../../build/my_first_package/my_first_package.egg-info/PKG-INFO
[0.881s] writing dependency_links to ../../build/my_first_package/my_first_package.egg-info/dependency_links.txt
[0.881s] writing entry points to ../../build/my_first_package/my_first_package.egg-info/entry_points.txt
[0.881s] writing requirements to ../../build/my_first_package/my_first_package.egg-info/requires.txt
[0.882s] writing top-level names to ../../build/my_first_package/my_first_package.egg-info/top_level.txt
[0.913s] reading manifest file '../../build/my_first_package/my_first_package.egg-info/SOURCES.txt'
[0.913s] writing manifest file '../../build/my_first_package/my_first_package.egg-info/SOURCES.txt'
[0.913s] running build
[0.913s] running build_py
[0.913s] copying my_first_package/my_publisher.py -> /home/kdy/ros2_study/build/my_first_package/build/lib/my_first_package
[0.915s] running install
[0.919s] running install_lib
[0.936s] copying /home/kdy/ros2_study/build/my_first_package/build/lib/my_first_package/my_publisher.py -> /home/kdy/ros2_study/install/my_first_package/lib/python3.12/site-packages/my_first_package
[0.936s] byte-compiling /home/kdy/ros2_study/install/my_first_package/lib/python3.12/site-packages/my_first_package/my_publisher.py to my_publisher.cpython-312.pyc
[0.937s] running install_data
[0.937s] copying launch/turtlesim_and_teleop.launch.py -> /home/kdy/ros2_study/install/my_first_package/share/my_first_package/launch
[0.937s] running install_egg_info
[0.955s] removing '/home/kdy/ros2_study/install/my_first_package/lib/python3.12/site-packages/my_first_package-0.0.0-py3.12.egg-info' (and everything under it)
[0.955s] Copying ../../build/my_first_package/my_first_package.egg-info to /home/kdy/ros2_study/install/my_first_package/lib/python3.12/site-packages/my_first_package-0.0.0-py3.12.egg-info
[0.955s] running install_scripts
[1.060s] Installing dist_turtle_action_server script to /home/kdy/ros2_study/install/my_first_package/lib/my_first_package
[1.060s] Installing my_first_node script to /home/kdy/ros2_study/install/my_first_package/lib/my_first_package
[1.060s] Installing my_multi_thread script to /home/kdy/ros2_study/install/my_first_package/lib/my_first_package
[1.060s] Installing my_publisher script to /home/kdy/ros2_study/install/my_first_package/lib/my_first_package
[1.060s] Installing my_service_server script to /home/kdy/ros2_study/install/my_first_package/lib/my_first_package
[1.060s] Installing my_subscriber script to /home/kdy/ros2_study/install/my_first_package/lib/my_first_package
[1.060s] Installing turtle_cmd_and_pose script to /home/kdy/ros2_study/install/my_first_package/lib/my_first_package
[1.061s] writing list of installed files to '/home/kdy/ros2_study/build/my_first_package/install.log'
[1.081s] Invoked command in '/home/kdy/ros2_study/src/my_first_package' returned '0': DEBUGINFOD_URLS=https://debuginfod.ubuntu.com PYTHONPATH=/home/kdy/ros2_study/build/my_first_package/prefix_override:/usr/lib/python3/dist-packages/colcon_core/task/python/colcon_distutils_commands:/home/kdy/ros2_study/install/my_first_package/lib/python3.12/site-packages:${PYTHONPATH} /usr/bin/python3 -W ignore:setup.py install is deprecated -W ignore:easy_install command is deprecated setup.py egg_info --egg-base ../../build/my_first_package build --build-base /home/kdy/ros2_study/build/my_first_package/build install --record /home/kdy/ros2_study/build/my_first_package/install.log --single-version-externally-managed install_data
