[0.668s] Invoking command in '/home/kdy/ros2_study/src/my_first_package': DEBUGINFOD_URLS=https://debuginfod.ubuntu.com PYTHONPATH=/home/kdy/ros2_study/build/my_first_package/prefix_override:/usr/lib/python3/dist-packages/colcon_core/task/python/colcon_distutils_commands:/home/kdy/ros2_study/install/my_first_package/lib/python3.12/site-packages:${PYTHONPATH} /usr/bin/python3 -W ignore:setup.py install is deprecated -W ignore:easy_install command is deprecated setup.py egg_info --egg-base ../../build/my_first_package build --build-base /home/kdy/ros2_study/build/my_first_package/build install --record /home/kdy/ros2_study/build/my_first_package/install.log --single-version-externally-managed install_data
[0.869s] running egg_info
[0.887s] writing ../../build/my_first_package/my_first_package.egg-info/PKG-INFO
[0.887s] writing dependency_links to ../../build/my_first_package/my_first_package.egg-info/dependency_links.txt
[0.887s] writing entry points to ../../build/my_first_package/my_first_package.egg-info/entry_points.txt
[0.887s] writing requirements to ../../build/my_first_package/my_first_package.egg-info/requires.txt
[0.887s] writing top-level names to ../../build/my_first_package/my_first_package.egg-info/top_level.txt
[0.916s] reading manifest file '../../build/my_first_package/my_first_package.egg-info/SOURCES.txt'
[0.916s] writing manifest file '../../build/my_first_package/my_first_package.egg-info/SOURCES.txt'
[0.916s] running build
[0.916s] running build_py
[0.916s] copying my_first_package/dist_turtle_action_server.py -> /home/kdy/ros2_study/build/my_first_package/build/lib/my_first_package
[0.916s] running install
[0.920s] running install_lib
[0.935s] copying /home/kdy/ros2_study/build/my_first_package/build/lib/my_first_package/dist_turtle_action_server.py -> /home/kdy/ros2_study/install/my_first_package/lib/python3.12/site-packages/my_first_package
[0.935s] byte-compiling /home/kdy/ros2_study/install/my_first_package/lib/python3.12/site-packages/my_first_package/dist_turtle_action_server.py to dist_turtle_action_server.cpython-312.pyc
[0.936s] running install_data
[0.936s] running install_egg_info
[0.951s] removing '/home/kdy/ros2_study/install/my_first_package/lib/python3.12/site-packages/my_first_package-0.0.0-py3.12.egg-info' (and everything under it)
[0.951s] Copying ../../build/my_first_package/my_first_package.egg-info to /home/kdy/ros2_study/install/my_first_package/lib/python3.12/site-packages/my_first_package-0.0.0-py3.12.egg-info
[0.952s] running install_scripts
[1.053s] Installing my_first_node script to /home/kdy/ros2_study/install/my_first_package/lib/my_first_package
[1.053s] Installing my_publisher script to /home/kdy/ros2_study/install/my_first_package/lib/my_first_package
[1.053s] Installing my_service_server script to /home/kdy/ros2_study/install/my_first_package/lib/my_first_package
[1.053s] Installing my_subscriber script to /home/kdy/ros2_study/install/my_first_package/lib/my_first_package
[1.053s] Installing turtle_cmd_and_pose script to /home/kdy/ros2_study/install/my_first_package/lib/my_first_package
[1.053s] writing list of installed files to '/home/kdy/ros2_study/build/my_first_package/install.log'
[1.075s] Invoked command in '/home/kdy/ros2_study/src/my_first_package' returned '0': DEBUGINFOD_URLS=https://debuginfod.ubuntu.com PYTHONPATH=/home/kdy/ros2_study/build/my_first_package/prefix_override:/usr/lib/python3/dist-packages/colcon_core/task/python/colcon_distutils_commands:/home/kdy/ros2_study/install/my_first_package/lib/python3.12/site-packages:${PYTHONPATH} /usr/bin/python3 -W ignore:setup.py install is deprecated -W ignore:easy_install command is deprecated setup.py egg_info --egg-base ../../build/my_first_package build --build-base /home/kdy/ros2_study/build/my_first_package/build install --record /home/kdy/ros2_study/build/my_first_package/install.log --single-version-externally-managed install_data
