[0.271s] Invoking command in '/home/kdy/ros2_study/build/my_first_package_msgs': CMAKE_PREFIX_PATH=${CMAKE_PREFIX_PATH}:/home/kdy/ros2_study_sj/install/my_first_package:/home/kdy/ros2_study/install/my_first_package:/opt/ros/jazzy DEBUGINFOD_URLS=https://debuginfod.ubuntu.com /usr/bin/cmake --build /home/kdy/ros2_study/build/my_first_package_msgs -- -j8 -l8
[0.452s] [  2%] Built target my_first_package_msgs__rosidl_generator_type_description
[0.459s] [  2%] Built target ament_cmake_python_copy_my_first_package_msgs
[0.482s] [  5%] Built target my_first_package_msgs__cpp
[0.492s] [ 20%] Built target my_first_package_msgs__rosidl_generator_c
[0.529s] [ 29%] Built target my_first_package_msgs__rosidl_typesupport_introspection_c
[0.533s] [ 38%] Built target my_first_package_msgs__rosidl_typesupport_c
[0.537s] [ 47%] Built target my_first_package_msgs__rosidl_typesupport_cpp
[0.541s] [ 64%] Built target my_first_package_msgs__rosidl_typesupport_fastrtps_c
[0.541s] [ 64%] Built target my_first_package_msgs__rosidl_typesupport_fastrtps_cpp
[0.542s] [ 73%] Built target my_first_package_msgs__rosidl_typesupport_introspection_cpp
[0.558s] [ 73%] Built target my_first_package_msgs
[0.574s] [ 76%] Built target my_first_package_msgs__py
[0.595s] [ 82%] Built target my_first_package_msgs__rosidl_generator_py
[0.629s] [ 88%] Built target my_first_package_msgs_s__rosidl_typesupport_introspection_c
[0.629s] [ 94%] Built target my_first_package_msgs_s__rosidl_typesupport_c
[0.629s] [100%] Built target my_first_package_msgs_s__rosidl_typesupport_fastrtps_c
[0.726s] running egg_info
[0.742s] writing my_first_package_msgs.egg-info/PKG-INFO
[0.743s] writing dependency_links to my_first_package_msgs.egg-info/dependency_links.txt
[0.743s] writing top-level names to my_first_package_msgs.egg-info/top_level.txt
[0.803s] reading manifest file 'my_first_package_msgs.egg-info/SOURCES.txt'
[0.804s] writing manifest file 'my_first_package_msgs.egg-info/SOURCES.txt'
[0.841s] [100%] Built target ament_cmake_python_build_my_first_package_msgs_egg
[0.850s] Invoked command in '/home/kdy/ros2_study/build/my_first_package_msgs' returned '0': CMAKE_PREFIX_PATH=${CMAKE_PREFIX_PATH}:/home/kdy/ros2_study_sj/install/my_first_package:/home/kdy/ros2_study/install/my_first_package:/opt/ros/jazzy DEBUGINFOD_URLS=https://debuginfod.ubuntu.com /usr/bin/cmake --build /home/kdy/ros2_study/build/my_first_package_msgs -- -j8 -l8
[0.873s] Invoking command in '/home/kdy/ros2_study/build/my_first_package_msgs': CMAKE_PREFIX_PATH=${CMAKE_PREFIX_PATH}:/home/kdy/ros2_study_sj/install/my_first_package:/home/kdy/ros2_study/install/my_first_package:/opt/ros/jazzy DEBUGINFOD_URLS=https://debuginfod.ubuntu.com /usr/bin/cmake --install /home/kdy/ros2_study/build/my_first_package_msgs
[0.879s] -- Install configuration: ""
[0.880s] -- Up-to-date: /home/kdy/ros2_study/install/my_first_package_msgs/share/ament_index/resource_index/rosidl_interfaces/my_first_package_msgs
[0.880s] -- Up-to-date: /home/kdy/ros2_study/install/my_first_package_msgs/share/my_first_package_msgs/msg/CmdAndPoseVel.json
[0.881s] -- Up-to-date: /home/kdy/ros2_study/install/my_first_package_msgs/include/my_first_package_msgs/my_first_package_msgs
[0.881s] -- Up-to-date: /home/kdy/ros2_study/install/my_first_package_msgs/include/my_first_package_msgs/my_first_package_msgs/msg
[0.881s] -- Up-to-date: /home/kdy/ros2_study/install/my_first_package_msgs/include/my_first_package_msgs/my_first_package_msgs/msg/rosidl_generator_c__visibility_control.h
[0.881s] -- Up-to-date: /home/kdy/ros2_study/install/my_first_package_msgs/include/my_first_package_msgs/my_first_package_msgs/msg/detail
[0.881s] -- Up-to-date: /home/kdy/ros2_study/install/my_first_package_msgs/include/my_first_package_msgs/my_first_package_msgs/msg/detail/cmd_and_pose_vel__type_support.h
[0.882s] -- Up-to-date: /home/kdy/ros2_study/install/my_first_package_msgs/include/my_first_package_msgs/my_first_package_msgs/msg/detail/cmd_and_pose_vel__type_support.c
[0.882s] -- Up-to-date: /home/kdy/ros2_study/install/my_first_package_msgs/include/my_first_package_msgs/my_first_package_msgs/msg/detail/cmd_and_pose_vel__functions.h
[0.882s] -- Up-to-date: /home/kdy/ros2_study/install/my_first_package_msgs/include/my_first_package_msgs/my_first_package_msgs/msg/detail/cmd_and_pose_vel__functions.c
[0.882s] -- Up-to-date: /home/kdy/ros2_study/install/my_first_package_msgs/include/my_first_package_msgs/my_first_package_msgs/msg/detail/cmd_and_pose_vel__description.c
[0.882s] -- Up-to-date: /home/kdy/ros2_study/install/my_first_package_msgs/include/my_first_package_msgs/my_first_package_msgs/msg/detail/cmd_and_pose_vel__struct.h
[0.882s] -- Up-to-date: /home/kdy/ros2_study/install/my_first_package_msgs/include/my_first_package_msgs/my_first_package_msgs/msg/cmd_and_pose_vel.h
[0.882s] -- Up-to-date: /home/kdy/ros2_study/install/my_first_package_msgs/share/my_first_package_msgs/environment/library_path.sh
[0.882s] -- Up-to-date: /home/kdy/ros2_study/install/my_first_package_msgs/share/my_first_package_msgs/environment/library_path.dsv
[0.882s] -- Up-to-date: /home/kdy/ros2_study/install/my_first_package_msgs/lib/libmy_first_package_msgs__rosidl_generator_c.so
[0.882s] -- Up-to-date: /home/kdy/ros2_study/install/my_first_package_msgs/include/my_first_package_msgs/my_first_package_msgs
[0.882s] -- Up-to-date: /home/kdy/ros2_study/install/my_first_package_msgs/include/my_first_package_msgs/my_first_package_msgs/msg
[0.882s] -- Up-to-date: /home/kdy/ros2_study/install/my_first_package_msgs/include/my_first_package_msgs/my_first_package_msgs/msg/detail
[0.883s] -- Up-to-date: /home/kdy/ros2_study/install/my_first_package_msgs/include/my_first_package_msgs/my_first_package_msgs/msg/detail/cmd_and_pose_vel__rosidl_typesupport_fastrtps_c.h
[0.883s] -- Up-to-date: /home/kdy/ros2_study/install/my_first_package_msgs/include/my_first_package_msgs/my_first_package_msgs/msg/rosidl_typesupport_fastrtps_c__visibility_control.h
[0.883s] -- Up-to-date: /home/kdy/ros2_study/install/my_first_package_msgs/lib/libmy_first_package_msgs__rosidl_typesupport_fastrtps_c.so
[0.883s] -- Up-to-date: /home/kdy/ros2_study/install/my_first_package_msgs/include/my_first_package_msgs/my_first_package_msgs
[0.883s] -- Up-to-date: /home/kdy/ros2_study/install/my_first_package_msgs/include/my_first_package_msgs/my_first_package_msgs/msg
[0.883s] -- Up-to-date: /home/kdy/ros2_study/install/my_first_package_msgs/include/my_first_package_msgs/my_first_package_msgs/msg/rosidl_typesupport_introspection_c__visibility_control.h
[0.883s] -- Up-to-date: /home/kdy/ros2_study/install/my_first_package_msgs/include/my_first_package_msgs/my_first_package_msgs/msg/detail
[0.883s] -- Up-to-date: /home/kdy/ros2_study/install/my_first_package_msgs/include/my_first_package_msgs/my_first_package_msgs/msg/detail/cmd_and_pose_vel__type_support.c
[0.883s] -- Up-to-date: /home/kdy/ros2_study/install/my_first_package_msgs/include/my_first_package_msgs/my_first_package_msgs/msg/detail/cmd_and_pose_vel__rosidl_typesupport_introspection_c.h
[0.884s] -- Up-to-date: /home/kdy/ros2_study/install/my_first_package_msgs/lib/libmy_first_package_msgs__rosidl_typesupport_introspection_c.so
[0.884s] -- Up-to-date: /home/kdy/ros2_study/install/my_first_package_msgs/lib/libmy_first_package_msgs__rosidl_typesupport_c.so
[0.884s] -- Up-to-date: /home/kdy/ros2_study/install/my_first_package_msgs/include/my_first_package_msgs/my_first_package_msgs
[0.884s] -- Up-to-date: /home/kdy/ros2_study/install/my_first_package_msgs/include/my_first_package_msgs/my_first_package_msgs/msg
[0.884s] -- Up-to-date: /home/kdy/ros2_study/install/my_first_package_msgs/include/my_first_package_msgs/my_first_package_msgs/msg/cmd_and_pose_vel.hpp
[0.885s] -- Up-to-date: /home/kdy/ros2_study/install/my_first_package_msgs/include/my_first_package_msgs/my_first_package_msgs/msg/detail
[0.885s] -- Up-to-date: /home/kdy/ros2_study/install/my_first_package_msgs/include/my_first_package_msgs/my_first_package_msgs/msg/detail/cmd_and_pose_vel__struct.hpp
[0.885s] -- Up-to-date: /home/kdy/ros2_study/install/my_first_package_msgs/include/my_first_package_msgs/my_first_package_msgs/msg/detail/cmd_and_pose_vel__type_support.hpp
[0.885s] -- Up-to-date: /home/kdy/ros2_study/install/my_first_package_msgs/include/my_first_package_msgs/my_first_package_msgs/msg/detail/cmd_and_pose_vel__builder.hpp
[0.885s] -- Up-to-date: /home/kdy/ros2_study/install/my_first_package_msgs/include/my_first_package_msgs/my_first_package_msgs/msg/detail/cmd_and_pose_vel__traits.hpp
[0.885s] -- Up-to-date: /home/kdy/ros2_study/install/my_first_package_msgs/include/my_first_package_msgs/my_first_package_msgs/msg/rosidl_generator_cpp__visibility_control.hpp
[0.885s] -- Up-to-date: /home/kdy/ros2_study/install/my_first_package_msgs/include/my_first_package_msgs/my_first_package_msgs
[0.885s] -- Up-to-date: /home/kdy/ros2_study/install/my_first_package_msgs/include/my_first_package_msgs/my_first_package_msgs/msg
[0.885s] -- Up-to-date: /home/kdy/ros2_study/install/my_first_package_msgs/include/my_first_package_msgs/my_first_package_msgs/msg/rosidl_typesupport_fastrtps_cpp__visibility_control.h
[0.885s] -- Up-to-date: /home/kdy/ros2_study/install/my_first_package_msgs/include/my_first_package_msgs/my_first_package_msgs/msg/detail
[0.885s] -- Up-to-date: /home/kdy/ros2_study/install/my_first_package_msgs/include/my_first_package_msgs/my_first_package_msgs/msg/detail/cmd_and_pose_vel__rosidl_typesupport_fastrtps_cpp.hpp
[0.885s] -- Up-to-date: /home/kdy/ros2_study/install/my_first_package_msgs/include/my_first_package_msgs/my_first_package_msgs/msg/detail/dds_fastrtps
[0.885s] -- Up-to-date: /home/kdy/ros2_study/install/my_first_package_msgs/lib/libmy_first_package_msgs__rosidl_typesupport_fastrtps_cpp.so
[0.885s] -- Up-to-date: /home/kdy/ros2_study/install/my_first_package_msgs/include/my_first_package_msgs/my_first_package_msgs
[0.885s] -- Up-to-date: /home/kdy/ros2_study/install/my_first_package_msgs/include/my_first_package_msgs/my_first_package_msgs/msg
[0.885s] -- Up-to-date: /home/kdy/ros2_study/install/my_first_package_msgs/include/my_first_package_msgs/my_first_package_msgs/msg/detail
[0.885s] -- Up-to-date: /home/kdy/ros2_study/install/my_first_package_msgs/include/my_first_package_msgs/my_first_package_msgs/msg/detail/cmd_and_pose_vel__rosidl_typesupport_introspection_cpp.hpp
[0.885s] -- Up-to-date: /home/kdy/ros2_study/install/my_first_package_msgs/include/my_first_package_msgs/my_first_package_msgs/msg/detail/cmd_and_pose_vel__type_support.cpp
[0.886s] -- Up-to-date: /home/kdy/ros2_study/install/my_first_package_msgs/lib/libmy_first_package_msgs__rosidl_typesupport_introspection_cpp.so
[0.886s] -- Up-to-date: /home/kdy/ros2_study/install/my_first_package_msgs/lib/libmy_first_package_msgs__rosidl_typesupport_cpp.so
[0.886s] -- Up-to-date: /home/kdy/ros2_study/install/my_first_package_msgs/share/my_first_package_msgs/environment/pythonpath.sh
[0.887s] -- Up-to-date: /home/kdy/ros2_study/install/my_first_package_msgs/share/my_first_package_msgs/environment/pythonpath.dsv
[0.887s] -- Up-to-date: /home/kdy/ros2_study/install/my_first_package_msgs/lib/python3.12/site-packages/my_first_package_msgs-0.0.0-py3.12.egg-info
[0.887s] -- Installing: /home/kdy/ros2_study/install/my_first_package_msgs/lib/python3.12/site-packages/my_first_package_msgs-0.0.0-py3.12.egg-info/SOURCES.txt
[0.887s] -- Installing: /home/kdy/ros2_study/install/my_first_package_msgs/lib/python3.12/site-packages/my_first_package_msgs-0.0.0-py3.12.egg-info/dependency_links.txt
[0.887s] -- Installing: /home/kdy/ros2_study/install/my_first_package_msgs/lib/python3.12/site-packages/my_first_package_msgs-0.0.0-py3.12.egg-info/PKG-INFO
[0.887s] -- Installing: /home/kdy/ros2_study/install/my_first_package_msgs/lib/python3.12/site-packages/my_first_package_msgs-0.0.0-py3.12.egg-info/top_level.txt
[0.887s] -- Up-to-date: /home/kdy/ros2_study/install/my_first_package_msgs/lib/python3.12/site-packages/my_first_package_msgs
[0.887s] -- Up-to-date: /home/kdy/ros2_study/install/my_first_package_msgs/lib/python3.12/site-packages/my_first_package_msgs/my_first_package_msgs_s__rosidl_typesupport_introspection_c.so
[0.887s] -- Up-to-date: /home/kdy/ros2_study/install/my_first_package_msgs/lib/python3.12/site-packages/my_first_package_msgs/my_first_package_msgs_s__rosidl_typesupport_fastrtps_c.so
[0.887s] -- Up-to-date: /home/kdy/ros2_study/install/my_first_package_msgs/lib/python3.12/site-packages/my_first_package_msgs/msg
[0.887s] -- Up-to-date: /home/kdy/ros2_study/install/my_first_package_msgs/lib/python3.12/site-packages/my_first_package_msgs/msg/_cmd_and_pose_vel.py
[0.887s] -- Up-to-date: /home/kdy/ros2_study/install/my_first_package_msgs/lib/python3.12/site-packages/my_first_package_msgs/msg/__init__.py
[0.887s] -- Up-to-date: /home/kdy/ros2_study/install/my_first_package_msgs/lib/python3.12/site-packages/my_first_package_msgs/msg/_cmd_and_pose_vel_s.c
[0.887s] -- Up-to-date: /home/kdy/ros2_study/install/my_first_package_msgs/lib/python3.12/site-packages/my_first_package_msgs/_my_first_package_msgs_s.ep.rosidl_typesupport_c.c
[0.887s] -- Up-to-date: /home/kdy/ros2_study/install/my_first_package_msgs/lib/python3.12/site-packages/my_first_package_msgs/_my_first_package_msgs_s.ep.rosidl_typesupport_introspection_c.c
[0.887s] -- Up-to-date: /home/kdy/ros2_study/install/my_first_package_msgs/lib/python3.12/site-packages/my_first_package_msgs/my_first_package_msgs_s__rosidl_typesupport_c.so
[0.887s] -- Up-to-date: /home/kdy/ros2_study/install/my_first_package_msgs/lib/python3.12/site-packages/my_first_package_msgs/__init__.py
[0.887s] -- Up-to-date: /home/kdy/ros2_study/install/my_first_package_msgs/lib/python3.12/site-packages/my_first_package_msgs/_my_first_package_msgs_s.ep.rosidl_typesupport_fastrtps_c.c
[0.915s] Listing '/home/kdy/ros2_study/install/my_first_package_msgs/lib/python3.12/site-packages/my_first_package_msgs'...
[0.915s] Listing '/home/kdy/ros2_study/install/my_first_package_msgs/lib/python3.12/site-packages/my_first_package_msgs/msg'...
[0.920s] -- Up-to-date: /home/kdy/ros2_study/install/my_first_package_msgs/lib/python3.12/site-packages/my_first_package_msgs/my_first_package_msgs_s__rosidl_typesupport_fastrtps_c.so
[0.920s] -- Up-to-date: /home/kdy/ros2_study/install/my_first_package_msgs/lib/python3.12/site-packages/my_first_package_msgs/my_first_package_msgs_s__rosidl_typesupport_introspection_c.so
[0.920s] -- Up-to-date: /home/kdy/ros2_study/install/my_first_package_msgs/lib/python3.12/site-packages/my_first_package_msgs/my_first_package_msgs_s__rosidl_typesupport_c.so
[0.921s] -- Up-to-date: /home/kdy/ros2_study/install/my_first_package_msgs/lib/libmy_first_package_msgs__rosidl_generator_py.so
[0.921s] -- Up-to-date: /home/kdy/ros2_study/install/my_first_package_msgs/share/my_first_package_msgs/msg/CmdAndPoseVel.idl
[0.921s] -- Up-to-date: /home/kdy/ros2_study/install/my_first_package_msgs/share/my_first_package_msgs/msg/CmdAndPoseVel.msg
[0.921s] -- Up-to-date: /home/kdy/ros2_study/install/my_first_package_msgs/share/ament_index/resource_index/package_run_dependencies/my_first_package_msgs
[0.921s] -- Up-to-date: /home/kdy/ros2_study/install/my_first_package_msgs/share/ament_index/resource_index/parent_prefix_path/my_first_package_msgs
[0.921s] -- Up-to-date: /home/kdy/ros2_study/install/my_first_package_msgs/share/my_first_package_msgs/environment/ament_prefix_path.sh
[0.922s] -- Up-to-date: /home/kdy/ros2_study/install/my_first_package_msgs/share/my_first_package_msgs/environment/ament_prefix_path.dsv
[0.922s] -- Up-to-date: /home/kdy/ros2_study/install/my_first_package_msgs/share/my_first_package_msgs/environment/path.sh
[0.922s] -- Up-to-date: /home/kdy/ros2_study/install/my_first_package_msgs/share/my_first_package_msgs/environment/path.dsv
[0.922s] -- Up-to-date: /home/kdy/ros2_study/install/my_first_package_msgs/share/my_first_package_msgs/local_setup.bash
[0.922s] -- Up-to-date: /home/kdy/ros2_study/install/my_first_package_msgs/share/my_first_package_msgs/local_setup.sh
[0.922s] -- Up-to-date: /home/kdy/ros2_study/install/my_first_package_msgs/share/my_first_package_msgs/local_setup.zsh
[0.922s] -- Up-to-date: /home/kdy/ros2_study/install/my_first_package_msgs/share/my_first_package_msgs/local_setup.dsv
[0.922s] -- Installing: /home/kdy/ros2_study/install/my_first_package_msgs/share/my_first_package_msgs/package.dsv
[0.922s] -- Up-to-date: /home/kdy/ros2_study/install/my_first_package_msgs/share/ament_index/resource_index/packages/my_first_package_msgs
[0.923s] -- Up-to-date: /home/kdy/ros2_study/install/my_first_package_msgs/share/my_first_package_msgs/cmake/export_my_first_package_msgs__rosidl_generator_cExport.cmake
[0.923s] -- Up-to-date: /home/kdy/ros2_study/install/my_first_package_msgs/share/my_first_package_msgs/cmake/export_my_first_package_msgs__rosidl_generator_cExport-noconfig.cmake
[0.924s] -- Up-to-date: /home/kdy/ros2_study/install/my_first_package_msgs/share/my_first_package_msgs/cmake/export_my_first_package_msgs__rosidl_typesupport_fastrtps_cExport.cmake
[0.924s] -- Up-to-date: /home/kdy/ros2_study/install/my_first_package_msgs/share/my_first_package_msgs/cmake/export_my_first_package_msgs__rosidl_typesupport_fastrtps_cExport-noconfig.cmake
[0.924s] -- Up-to-date: /home/kdy/ros2_study/install/my_first_package_msgs/share/my_first_package_msgs/cmake/my_first_package_msgs__rosidl_typesupport_introspection_cExport.cmake
[0.924s] -- Up-to-date: /home/kdy/ros2_study/install/my_first_package_msgs/share/my_first_package_msgs/cmake/my_first_package_msgs__rosidl_typesupport_introspection_cExport-noconfig.cmake
[0.925s] -- Up-to-date: /home/kdy/ros2_study/install/my_first_package_msgs/share/my_first_package_msgs/cmake/my_first_package_msgs__rosidl_typesupport_cExport.cmake
[0.925s] -- Up-to-date: /home/kdy/ros2_study/install/my_first_package_msgs/share/my_first_package_msgs/cmake/my_first_package_msgs__rosidl_typesupport_cExport-noconfig.cmake
[0.925s] -- Up-to-date: /home/kdy/ros2_study/install/my_first_package_msgs/share/my_first_package_msgs/cmake/export_my_first_package_msgs__rosidl_generator_cppExport.cmake
[0.926s] -- Up-to-date: /home/kdy/ros2_study/install/my_first_package_msgs/share/my_first_package_msgs/cmake/export_my_first_package_msgs__rosidl_typesupport_fastrtps_cppExport.cmake
[0.926s] -- Up-to-date: /home/kdy/ros2_study/install/my_first_package_msgs/share/my_first_package_msgs/cmake/export_my_first_package_msgs__rosidl_typesupport_fastrtps_cppExport-noconfig.cmake
[0.926s] -- Up-to-date: /home/kdy/ros2_study/install/my_first_package_msgs/share/my_first_package_msgs/cmake/my_first_package_msgs__rosidl_typesupport_introspection_cppExport.cmake
[0.926s] -- Up-to-date: /home/kdy/ros2_study/install/my_first_package_msgs/share/my_first_package_msgs/cmake/my_first_package_msgs__rosidl_typesupport_introspection_cppExport-noconfig.cmake
[0.927s] -- Up-to-date: /home/kdy/ros2_study/install/my_first_package_msgs/share/my_first_package_msgs/cmake/my_first_package_msgs__rosidl_typesupport_cppExport.cmake
[0.927s] -- Up-to-date: /home/kdy/ros2_study/install/my_first_package_msgs/share/my_first_package_msgs/cmake/my_first_package_msgs__rosidl_typesupport_cppExport-noconfig.cmake
[0.927s] -- Up-to-date: /home/kdy/ros2_study/install/my_first_package_msgs/share/my_first_package_msgs/cmake/export_my_first_package_msgs__rosidl_generator_pyExport.cmake
[0.927s] -- Up-to-date: /home/kdy/ros2_study/install/my_first_package_msgs/share/my_first_package_msgs/cmake/export_my_first_package_msgs__rosidl_generator_pyExport-noconfig.cmake
[0.927s] -- Up-to-date: /home/kdy/ros2_study/install/my_first_package_msgs/share/my_first_package_msgs/cmake/rosidl_cmake-extras.cmake
[0.927s] -- Up-to-date: /home/kdy/ros2_study/install/my_first_package_msgs/share/my_first_package_msgs/cmake/ament_cmake_export_include_directories-extras.cmake
[0.927s] -- Up-to-date: /home/kdy/ros2_study/install/my_first_package_msgs/share/my_first_package_msgs/cmake/ament_cmake_export_libraries-extras.cmake
[0.928s] -- Up-to-date: /home/kdy/ros2_study/install/my_first_package_msgs/share/my_first_package_msgs/cmake/ament_cmake_export_targets-extras.cmake
[0.928s] -- Up-to-date: /home/kdy/ros2_study/install/my_first_package_msgs/share/my_first_package_msgs/cmake/rosidl_cmake_export_typesupport_targets-extras.cmake
[0.928s] -- Up-to-date: /home/kdy/ros2_study/install/my_first_package_msgs/share/my_first_package_msgs/cmake/ament_cmake_export_dependencies-extras.cmake
[0.928s] -- Up-to-date: /home/kdy/ros2_study/install/my_first_package_msgs/share/my_first_package_msgs/cmake/rosidl_cmake_export_typesupport_libraries-extras.cmake
[0.928s] -- Up-to-date: /home/kdy/ros2_study/install/my_first_package_msgs/share/my_first_package_msgs/cmake/my_first_package_msgsConfig.cmake
[0.928s] -- Up-to-date: /home/kdy/ros2_study/install/my_first_package_msgs/share/my_first_package_msgs/cmake/my_first_package_msgsConfig-version.cmake
[0.928s] -- Up-to-date: /home/kdy/ros2_study/install/my_first_package_msgs/share/my_first_package_msgs/package.xml
[0.929s] Invoked command in '/home/kdy/ros2_study/build/my_first_package_msgs' returned '0': CMAKE_PREFIX_PATH=${CMAKE_PREFIX_PATH}:/home/kdy/ros2_study_sj/install/my_first_package:/home/kdy/ros2_study/install/my_first_package:/opt/ros/jazzy DEBUGINFOD_URLS=https://debuginfod.ubuntu.com /usr/bin/cmake --install /home/kdy/ros2_study/build/my_first_package_msgs
