[0.647s] Invoking command in '/home/kdy/ros2_study/src/my_first_package': DEBUGINFOD_URLS=https://debuginfod.ubuntu.com PYTHONPATH=/home/kdy/ros2_study/build/my_first_package/prefix_override:/usr/lib/python3/dist-packages/colcon_core/task/python/colcon_distutils_commands:/home/kdy/ros2_study/install/my_first_package/lib/python3.12/site-packages:${PYTHONPATH} /usr/bin/python3 -W ignore:setup.py install is deprecated -W ignore:easy_install command is deprecated setup.py egg_info --egg-base ../../build/my_first_package build --build-base /home/kdy/ros2_study/build/my_first_package/build install --record /home/kdy/ros2_study/build/my_first_package/install.log --single-version-externally-managed install_data
[0.840s] running egg_info
[0.853s] writing ../../build/my_first_package/my_first_package.egg-info/PKG-INFO
[0.853s] writing dependency_links to ../../build/my_first_package/my_first_package.egg-info/dependency_links.txt
[0.853s] writing entry points to ../../build/my_first_package/my_first_package.egg-info/entry_points.txt
[0.854s] writing requirements to ../../build/my_first_package/my_first_package.egg-info/requires.txt
[0.854s] writing top-level names to ../../build/my_first_package/my_first_package.egg-info/top_level.txt
[0.883s] reading manifest file '../../build/my_first_package/my_first_package.egg-info/SOURCES.txt'
[0.884s] writing manifest file '../../build/my_first_package/my_first_package.egg-info/SOURCES.txt'
[0.884s] running build
[0.884s] running build_py
[0.884s] copying my_first_package/dist_turtle_action_server.py -> /home/kdy/ros2_study/build/my_first_package/build/lib/my_first_package
[0.884s] running install
[0.888s] running install_lib
[0.903s] copying /home/kdy/ros2_study/build/my_first_package/build/lib/my_first_package/dist_turtle_action_server.py -> /home/kdy/ros2_study/install/my_first_package/lib/python3.12/site-packages/my_first_package
[0.903s] byte-compiling /home/kdy/ros2_study/install/my_first_package/lib/python3.12/site-packages/my_first_package/dist_turtle_action_server.py to dist_turtle_action_server.cpython-312.pyc
[0.904s] running install_data
[0.904s] running install_egg_info
[0.921s] removing '/home/kdy/ros2_study/install/my_first_package/lib/python3.12/site-packages/my_first_package-0.0.0-py3.12.egg-info' (and everything under it)
[0.921s] Copying ../../build/my_first_package/my_first_package.egg-info to /home/kdy/ros2_study/install/my_first_package/lib/python3.12/site-packages/my_first_package-0.0.0-py3.12.egg-info
[0.922s] running install_scripts
[1.013s] Installing dist_turtle_action_server script to /home/kdy/ros2_study/install/my_first_package/lib/my_first_package
[1.013s] Installing my_first_node script to /home/kdy/ros2_study/install/my_first_package/lib/my_first_package
[1.013s] Installing my_multi_thread script to /home/kdy/ros2_study/install/my_first_package/lib/my_first_package
[1.013s] Installing my_publisher script to /home/kdy/ros2_study/install/my_first_package/lib/my_first_package
[1.013s] Installing my_service_server script to /home/kdy/ros2_study/install/my_first_package/lib/my_first_package
[1.014s] Installing my_subscriber script to /home/kdy/ros2_study/install/my_first_package/lib/my_first_package
[1.014s] Installing turtle_cmd_and_pose script to /home/kdy/ros2_study/install/my_first_package/lib/my_first_package
[1.014s] writing list of installed files to '/home/kdy/ros2_study/build/my_first_package/install.log'
[1.037s] Invoked command in '/home/kdy/ros2_study/src/my_first_package' returned '0': DEBUGINFOD_URLS=https://debuginfod.ubuntu.com PYTHONPATH=/home/kdy/ros2_study/build/my_first_package/prefix_override:/usr/lib/python3/dist-packages/colcon_core/task/python/colcon_distutils_commands:/home/kdy/ros2_study/install/my_first_package/lib/python3.12/site-packages:${PYTHONPATH} /usr/bin/python3 -W ignore:setup.py install is deprecated -W ignore:easy_install command is deprecated setup.py egg_info --egg-base ../../build/my_first_package build --build-base /home/kdy/ros2_study/build/my_first_package/build install --record /home/kdy/ros2_study/build/my_first_package/install.log --single-version-externally-managed install_data
