[0.181s] Invoking command in '/home/kdy/ros2_study/build/my_first_package_msgs': DEBUGINFOD_URLS=https://debuginfod.ubuntu.com /usr/bin/cmake --build /home/kdy/ros2_study/build/my_first_package_msgs -- -j8 -l8
[0.230s] [  2%] Built target my_first_package_msgs__rosidl_generator_type_description
[0.234s] [  2%] Built target ament_cmake_python_copy_my_first_package_msgs
[0.246s] [  5%] Built target my_first_package_msgs__cpp
[0.246s] [ 20%] Built target my_first_package_msgs__rosidl_generator_c
[0.264s] [ 29%] Built target my_first_package_msgs__rosidl_typesupport_cpp
[0.264s] [ 38%] Built target my_first_package_msgs__rosidl_typesupport_introspection_c
[0.266s] [ 47%] Built target my_first_package_msgs__rosidl_typesupport_c
[0.268s] [ 55%] Built target my_first_package_msgs__rosidl_typesupport_fastrtps_c
[0.268s] [ 64%] Built target my_first_package_msgs__rosidl_typesupport_introspection_cpp
[0.269s] [ 73%] Built target my_first_package_msgs__rosidl_typesupport_fastrtps_cpp
[0.287s] [ 73%] Built target my_first_package_msgs
[0.307s] [ 76%] Built target my_first_package_msgs__py
[0.326s] [ 82%] Built target my_first_package_msgs__rosidl_generator_py
[0.343s] [ 88%] Built target my_first_package_msgs_s__rosidl_typesupport_fastrtps_c
[0.344s] [ 94%] Built target my_first_package_msgs_s__rosidl_typesupport_introspection_c
[0.344s] [100%] Built target my_first_package_msgs_s__rosidl_typesupport_c
[0.397s] running egg_info
[0.410s] writing my_first_package_msgs.egg-info/PKG-INFO
[0.410s] writing dependency_links to my_first_package_msgs.egg-info/dependency_links.txt
[0.410s] writing top-level names to my_first_package_msgs.egg-info/top_level.txt
[0.449s] reading manifest file 'my_first_package_msgs.egg-info/SOURCES.txt'
[0.449s] writing manifest file 'my_first_package_msgs.egg-info/SOURCES.txt'
[0.472s] [100%] Built target ament_cmake_python_build_my_first_package_msgs_egg
[0.481s] Invoked command in '/home/kdy/ros2_study/build/my_first_package_msgs' returned '0': DEBUGINFOD_URLS=https://debuginfod.ubuntu.com /usr/bin/cmake --build /home/kdy/ros2_study/build/my_first_package_msgs -- -j8 -l8
[0.488s] Invoking command in '/home/kdy/ros2_study/build/my_first_package_msgs': DEBUGINFOD_URLS=https://debuginfod.ubuntu.com /usr/bin/cmake --install /home/kdy/ros2_study/build/my_first_package_msgs
[0.495s] -- Install configuration: ""
[0.495s] -- Up-to-date: /home/kdy/ros2_study/install/my_first_package_msgs/share/ament_index/resource_index/rosidl_interfaces/my_first_package_msgs
[0.495s] -- Up-to-date: /home/kdy/ros2_study/install/my_first_package_msgs/share/my_first_package_msgs/msg/CmdAndPoseVel.json
[0.495s] -- Up-to-date: /home/kdy/ros2_study/install/my_first_package_msgs/include/my_first_package_msgs/my_first_package_msgs
[0.495s] -- Up-to-date: /home/kdy/ros2_study/install/my_first_package_msgs/include/my_first_package_msgs/my_first_package_msgs/msg
[0.495s] -- Up-to-date: /home/kdy/ros2_study/install/my_first_package_msgs/include/my_first_package_msgs/my_first_package_msgs/msg/rosidl_generator_c__visibility_control.h
[0.495s] -- Up-to-date: /home/kdy/ros2_study/install/my_first_package_msgs/include/my_first_package_msgs/my_first_package_msgs/msg/detail
[0.495s] -- Up-to-date: /home/kdy/ros2_study/install/my_first_package_msgs/include/my_first_package_msgs/my_first_package_msgs/msg/detail/cmd_and_pose_vel__type_support.h
[0.495s] -- Up-to-date: /home/kdy/ros2_study/install/my_first_package_msgs/include/my_first_package_msgs/my_first_package_msgs/msg/detail/cmd_and_pose_vel__type_support.c
[0.495s] -- Up-to-date: /home/kdy/ros2_study/install/my_first_package_msgs/include/my_first_package_msgs/my_first_package_msgs/msg/detail/cmd_and_pose_vel__functions.h
[0.495s] -- Up-to-date: /home/kdy/ros2_study/install/my_first_package_msgs/include/my_first_package_msgs/my_first_package_msgs/msg/detail/cmd_and_pose_vel__functions.c
[0.495s] -- Up-to-date: /home/kdy/ros2_study/install/my_first_package_msgs/include/my_first_package_msgs/my_first_package_msgs/msg/detail/cmd_and_pose_vel__description.c
[0.496s] -- Up-to-date: /home/kdy/ros2_study/install/my_first_package_msgs/include/my_first_package_msgs/my_first_package_msgs/msg/detail/cmd_and_pose_vel__struct.h
[0.496s] -- Up-to-date: /home/kdy/ros2_study/install/my_first_package_msgs/include/my_first_package_msgs/my_first_package_msgs/msg/cmd_and_pose_vel.h
[0.496s] -- Up-to-date: /home/kdy/ros2_study/install/my_first_package_msgs/share/my_first_package_msgs/environment/library_path.sh
[0.496s] -- Up-to-date: /home/kdy/ros2_study/install/my_first_package_msgs/share/my_first_package_msgs/environment/library_path.dsv
[0.496s] -- Up-to-date: /home/kdy/ros2_study/install/my_first_package_msgs/lib/libmy_first_package_msgs__rosidl_generator_c.so
[0.496s] -- Up-to-date: /home/kdy/ros2_study/install/my_first_package_msgs/include/my_first_package_msgs/my_first_package_msgs
[0.496s] -- Up-to-date: /home/kdy/ros2_study/install/my_first_package_msgs/include/my_first_package_msgs/my_first_package_msgs/msg
[0.496s] -- Up-to-date: /home/kdy/ros2_study/install/my_first_package_msgs/include/my_first_package_msgs/my_first_package_msgs/msg/detail
[0.496s] -- Up-to-date: /home/kdy/ros2_study/install/my_first_package_msgs/include/my_first_package_msgs/my_first_package_msgs/msg/detail/cmd_and_pose_vel__rosidl_typesupport_fastrtps_c.h
[0.496s] -- Up-to-date: /home/kdy/ros2_study/install/my_first_package_msgs/include/my_first_package_msgs/my_first_package_msgs/msg/rosidl_typesupport_fastrtps_c__visibility_control.h
[0.496s] -- Up-to-date: /home/kdy/ros2_study/install/my_first_package_msgs/lib/libmy_first_package_msgs__rosidl_typesupport_fastrtps_c.so
[0.496s] -- Up-to-date: /home/kdy/ros2_study/install/my_first_package_msgs/include/my_first_package_msgs/my_first_package_msgs
[0.496s] -- Up-to-date: /home/kdy/ros2_study/install/my_first_package_msgs/include/my_first_package_msgs/my_first_package_msgs/msg
[0.496s] -- Up-to-date: /home/kdy/ros2_study/install/my_first_package_msgs/include/my_first_package_msgs/my_first_package_msgs/msg/rosidl_typesupport_introspection_c__visibility_control.h
[0.496s] -- Up-to-date: /home/kdy/ros2_study/install/my_first_package_msgs/include/my_first_package_msgs/my_first_package_msgs/msg/detail
[0.496s] -- Up-to-date: /home/kdy/ros2_study/install/my_first_package_msgs/include/my_first_package_msgs/my_first_package_msgs/msg/detail/cmd_and_pose_vel__type_support.c
[0.496s] -- Up-to-date: /home/kdy/ros2_study/install/my_first_package_msgs/include/my_first_package_msgs/my_first_package_msgs/msg/detail/cmd_and_pose_vel__rosidl_typesupport_introspection_c.h
[0.497s] -- Up-to-date: /home/kdy/ros2_study/install/my_first_package_msgs/lib/libmy_first_package_msgs__rosidl_typesupport_introspection_c.so
[0.497s] -- Up-to-date: /home/kdy/ros2_study/install/my_first_package_msgs/lib/libmy_first_package_msgs__rosidl_typesupport_c.so
[0.497s] -- Up-to-date: /home/kdy/ros2_study/install/my_first_package_msgs/include/my_first_package_msgs/my_first_package_msgs
[0.497s] -- Up-to-date: /home/kdy/ros2_study/install/my_first_package_msgs/include/my_first_package_msgs/my_first_package_msgs/msg
[0.497s] -- Up-to-date: /home/kdy/ros2_study/install/my_first_package_msgs/include/my_first_package_msgs/my_first_package_msgs/msg/cmd_and_pose_vel.hpp
[0.497s] -- Up-to-date: /home/kdy/ros2_study/install/my_first_package_msgs/include/my_first_package_msgs/my_first_package_msgs/msg/detail
[0.497s] -- Up-to-date: /home/kdy/ros2_study/install/my_first_package_msgs/include/my_first_package_msgs/my_first_package_msgs/msg/detail/cmd_and_pose_vel__struct.hpp
[0.497s] -- Up-to-date: /home/kdy/ros2_study/install/my_first_package_msgs/include/my_first_package_msgs/my_first_package_msgs/msg/detail/cmd_and_pose_vel__type_support.hpp
[0.497s] -- Up-to-date: /home/kdy/ros2_study/install/my_first_package_msgs/include/my_first_package_msgs/my_first_package_msgs/msg/detail/cmd_and_pose_vel__builder.hpp
[0.497s] -- Up-to-date: /home/kdy/ros2_study/install/my_first_package_msgs/include/my_first_package_msgs/my_first_package_msgs/msg/detail/cmd_and_pose_vel__traits.hpp
[0.497s] -- Up-to-date: /home/kdy/ros2_study/install/my_first_package_msgs/include/my_first_package_msgs/my_first_package_msgs/msg/rosidl_generator_cpp__visibility_control.hpp
[0.498s] -- Up-to-date: /home/kdy/ros2_study/install/my_first_package_msgs/include/my_first_package_msgs/my_first_package_msgs
[0.498s] -- Up-to-date: /home/kdy/ros2_study/install/my_first_package_msgs/include/my_first_package_msgs/my_first_package_msgs/msg
[0.498s] -- Up-to-date: /home/kdy/ros2_study/install/my_first_package_msgs/include/my_first_package_msgs/my_first_package_msgs/msg/rosidl_typesupport_fastrtps_cpp__visibility_control.h
[0.498s] -- Up-to-date: /home/kdy/ros2_study/install/my_first_package_msgs/include/my_first_package_msgs/my_first_package_msgs/msg/detail
[0.498s] -- Up-to-date: /home/kdy/ros2_study/install/my_first_package_msgs/include/my_first_package_msgs/my_first_package_msgs/msg/detail/cmd_and_pose_vel__rosidl_typesupport_fastrtps_cpp.hpp
[0.498s] -- Up-to-date: /home/kdy/ros2_study/install/my_first_package_msgs/include/my_first_package_msgs/my_first_package_msgs/msg/detail/dds_fastrtps
[0.498s] -- Up-to-date: /home/kdy/ros2_study/install/my_first_package_msgs/lib/libmy_first_package_msgs__rosidl_typesupport_fastrtps_cpp.so
[0.498s] -- Up-to-date: /home/kdy/ros2_study/install/my_first_package_msgs/include/my_first_package_msgs/my_first_package_msgs
[0.498s] -- Up-to-date: /home/kdy/ros2_study/install/my_first_package_msgs/include/my_first_package_msgs/my_first_package_msgs/msg
[0.498s] -- Up-to-date: /home/kdy/ros2_study/install/my_first_package_msgs/include/my_first_package_msgs/my_first_package_msgs/msg/detail
[0.498s] -- Up-to-date: /home/kdy/ros2_study/install/my_first_package_msgs/include/my_first_package_msgs/my_first_package_msgs/msg/detail/cmd_and_pose_vel__rosidl_typesupport_introspection_cpp.hpp
[0.498s] -- Up-to-date: /home/kdy/ros2_study/install/my_first_package_msgs/include/my_first_package_msgs/my_first_package_msgs/msg/detail/cmd_and_pose_vel__type_support.cpp
[0.498s] -- Up-to-date: /home/kdy/ros2_study/install/my_first_package_msgs/lib/libmy_first_package_msgs__rosidl_typesupport_introspection_cpp.so
[0.498s] -- Up-to-date: /home/kdy/ros2_study/install/my_first_package_msgs/lib/libmy_first_package_msgs__rosidl_typesupport_cpp.so
[0.498s] -- Up-to-date: /home/kdy/ros2_study/install/my_first_package_msgs/share/my_first_package_msgs/environment/pythonpath.sh
[0.498s] -- Up-to-date: /home/kdy/ros2_study/install/my_first_package_msgs/share/my_first_package_msgs/environment/pythonpath.dsv
[0.498s] -- Up-to-date: /home/kdy/ros2_study/install/my_first_package_msgs/lib/python3.12/site-packages/my_first_package_msgs-0.0.0-py3.12.egg-info
[0.498s] -- Installing: /home/kdy/ros2_study/install/my_first_package_msgs/lib/python3.12/site-packages/my_first_package_msgs-0.0.0-py3.12.egg-info/SOURCES.txt
[0.498s] -- Installing: /home/kdy/ros2_study/install/my_first_package_msgs/lib/python3.12/site-packages/my_first_package_msgs-0.0.0-py3.12.egg-info/dependency_links.txt
[0.498s] -- Installing: /home/kdy/ros2_study/install/my_first_package_msgs/lib/python3.12/site-packages/my_first_package_msgs-0.0.0-py3.12.egg-info/PKG-INFO
[0.498s] -- Installing: /home/kdy/ros2_study/install/my_first_package_msgs/lib/python3.12/site-packages/my_first_package_msgs-0.0.0-py3.12.egg-info/top_level.txt
[0.498s] -- Up-to-date: /home/kdy/ros2_study/install/my_first_package_msgs/lib/python3.12/site-packages/my_first_package_msgs
[0.498s] -- Up-to-date: /home/kdy/ros2_study/install/my_first_package_msgs/lib/python3.12/site-packages/my_first_package_msgs/my_first_package_msgs_s__rosidl_typesupport_introspection_c.so
[0.498s] -- Up-to-date: /home/kdy/ros2_study/install/my_first_package_msgs/lib/python3.12/site-packages/my_first_package_msgs/my_first_package_msgs_s__rosidl_typesupport_fastrtps_c.so
[0.498s] -- Up-to-date: /home/kdy/ros2_study/install/my_first_package_msgs/lib/python3.12/site-packages/my_first_package_msgs/msg
[0.498s] -- Up-to-date: /home/kdy/ros2_study/install/my_first_package_msgs/lib/python3.12/site-packages/my_first_package_msgs/msg/_cmd_and_pose_vel.py
[0.498s] -- Up-to-date: /home/kdy/ros2_study/install/my_first_package_msgs/lib/python3.12/site-packages/my_first_package_msgs/msg/__init__.py
[0.498s] -- Up-to-date: /home/kdy/ros2_study/install/my_first_package_msgs/lib/python3.12/site-packages/my_first_package_msgs/msg/_cmd_and_pose_vel_s.c
[0.498s] -- Up-to-date: /home/kdy/ros2_study/install/my_first_package_msgs/lib/python3.12/site-packages/my_first_package_msgs/_my_first_package_msgs_s.ep.rosidl_typesupport_c.c
[0.499s] -- Up-to-date: /home/kdy/ros2_study/install/my_first_package_msgs/lib/python3.12/site-packages/my_first_package_msgs/_my_first_package_msgs_s.ep.rosidl_typesupport_introspection_c.c
[0.499s] -- Up-to-date: /home/kdy/ros2_study/install/my_first_package_msgs/lib/python3.12/site-packages/my_first_package_msgs/my_first_package_msgs_s__rosidl_typesupport_c.so
[0.499s] -- Up-to-date: /home/kdy/ros2_study/install/my_first_package_msgs/lib/python3.12/site-packages/my_first_package_msgs/__init__.py
[0.499s] -- Up-to-date: /home/kdy/ros2_study/install/my_first_package_msgs/lib/python3.12/site-packages/my_first_package_msgs/_my_first_package_msgs_s.ep.rosidl_typesupport_fastrtps_c.c
[0.528s] Listing '/home/kdy/ros2_study/install/my_first_package_msgs/lib/python3.12/site-packages/my_first_package_msgs'...
[0.528s] Listing '/home/kdy/ros2_study/install/my_first_package_msgs/lib/python3.12/site-packages/my_first_package_msgs/msg'...
[0.532s] -- Up-to-date: /home/kdy/ros2_study/install/my_first_package_msgs/lib/python3.12/site-packages/my_first_package_msgs/my_first_package_msgs_s__rosidl_typesupport_fastrtps_c.so
[0.532s] -- Up-to-date: /home/kdy/ros2_study/install/my_first_package_msgs/lib/python3.12/site-packages/my_first_package_msgs/my_first_package_msgs_s__rosidl_typesupport_introspection_c.so
[0.533s] -- Up-to-date: /home/kdy/ros2_study/install/my_first_package_msgs/lib/python3.12/site-packages/my_first_package_msgs/my_first_package_msgs_s__rosidl_typesupport_c.so
[0.533s] -- Up-to-date: /home/kdy/ros2_study/install/my_first_package_msgs/lib/libmy_first_package_msgs__rosidl_generator_py.so
[0.533s] -- Up-to-date: /home/kdy/ros2_study/install/my_first_package_msgs/share/my_first_package_msgs/msg/CmdAndPoseVel.idl
[0.533s] -- Up-to-date: /home/kdy/ros2_study/install/my_first_package_msgs/share/my_first_package_msgs/msg/CmdAndPoseVel.msg
[0.533s] -- Up-to-date: /home/kdy/ros2_study/install/my_first_package_msgs/share/ament_index/resource_index/package_run_dependencies/my_first_package_msgs
[0.533s] -- Up-to-date: /home/kdy/ros2_study/install/my_first_package_msgs/share/ament_index/resource_index/parent_prefix_path/my_first_package_msgs
[0.533s] -- Up-to-date: /home/kdy/ros2_study/install/my_first_package_msgs/share/my_first_package_msgs/environment/ament_prefix_path.sh
[0.533s] -- Up-to-date: /home/kdy/ros2_study/install/my_first_package_msgs/share/my_first_package_msgs/environment/ament_prefix_path.dsv
[0.533s] -- Up-to-date: /home/kdy/ros2_study/install/my_first_package_msgs/share/my_first_package_msgs/environment/path.sh
[0.533s] -- Up-to-date: /home/kdy/ros2_study/install/my_first_package_msgs/share/my_first_package_msgs/environment/path.dsv
[0.533s] -- Up-to-date: /home/kdy/ros2_study/install/my_first_package_msgs/share/my_first_package_msgs/local_setup.bash
[0.533s] -- Up-to-date: /home/kdy/ros2_study/install/my_first_package_msgs/share/my_first_package_msgs/local_setup.sh
[0.533s] -- Up-to-date: /home/kdy/ros2_study/install/my_first_package_msgs/share/my_first_package_msgs/local_setup.zsh
[0.533s] -- Up-to-date: /home/kdy/ros2_study/install/my_first_package_msgs/share/my_first_package_msgs/local_setup.dsv
[0.534s] -- Installing: /home/kdy/ros2_study/install/my_first_package_msgs/share/my_first_package_msgs/package.dsv
[0.534s] -- Up-to-date: /home/kdy/ros2_study/install/my_first_package_msgs/share/ament_index/resource_index/packages/my_first_package_msgs
[0.534s] -- Up-to-date: /home/kdy/ros2_study/install/my_first_package_msgs/share/my_first_package_msgs/cmake/export_my_first_package_msgs__rosidl_generator_cExport.cmake
[0.534s] -- Up-to-date: /home/kdy/ros2_study/install/my_first_package_msgs/share/my_first_package_msgs/cmake/export_my_first_package_msgs__rosidl_generator_cExport-noconfig.cmake
[0.534s] -- Up-to-date: /home/kdy/ros2_study/install/my_first_package_msgs/share/my_first_package_msgs/cmake/export_my_first_package_msgs__rosidl_typesupport_fastrtps_cExport.cmake
[0.534s] -- Up-to-date: /home/kdy/ros2_study/install/my_first_package_msgs/share/my_first_package_msgs/cmake/export_my_first_package_msgs__rosidl_typesupport_fastrtps_cExport-noconfig.cmake
[0.534s] -- Up-to-date: /home/kdy/ros2_study/install/my_first_package_msgs/share/my_first_package_msgs/cmake/my_first_package_msgs__rosidl_typesupport_introspection_cExport.cmake
[0.534s] -- Up-to-date: /home/kdy/ros2_study/install/my_first_package_msgs/share/my_first_package_msgs/cmake/my_first_package_msgs__rosidl_typesupport_introspection_cExport-noconfig.cmake
[0.534s] -- Up-to-date: /home/kdy/ros2_study/install/my_first_package_msgs/share/my_first_package_msgs/cmake/my_first_package_msgs__rosidl_typesupport_cExport.cmake
[0.534s] -- Up-to-date: /home/kdy/ros2_study/install/my_first_package_msgs/share/my_first_package_msgs/cmake/my_first_package_msgs__rosidl_typesupport_cExport-noconfig.cmake
[0.534s] -- Up-to-date: /home/kdy/ros2_study/install/my_first_package_msgs/share/my_first_package_msgs/cmake/export_my_first_package_msgs__rosidl_generator_cppExport.cmake
[0.534s] -- Up-to-date: /home/kdy/ros2_study/install/my_first_package_msgs/share/my_first_package_msgs/cmake/export_my_first_package_msgs__rosidl_typesupport_fastrtps_cppExport.cmake
[0.534s] -- Up-to-date: /home/kdy/ros2_study/install/my_first_package_msgs/share/my_first_package_msgs/cmake/export_my_first_package_msgs__rosidl_typesupport_fastrtps_cppExport-noconfig.cmake
[0.534s] -- Up-to-date: /home/kdy/ros2_study/install/my_first_package_msgs/share/my_first_package_msgs/cmake/my_first_package_msgs__rosidl_typesupport_introspection_cppExport.cmake
[0.534s] -- Up-to-date: /home/kdy/ros2_study/install/my_first_package_msgs/share/my_first_package_msgs/cmake/my_first_package_msgs__rosidl_typesupport_introspection_cppExport-noconfig.cmake
[0.534s] -- Up-to-date: /home/kdy/ros2_study/install/my_first_package_msgs/share/my_first_package_msgs/cmake/my_first_package_msgs__rosidl_typesupport_cppExport.cmake
[0.534s] -- Up-to-date: /home/kdy/ros2_study/install/my_first_package_msgs/share/my_first_package_msgs/cmake/my_first_package_msgs__rosidl_typesupport_cppExport-noconfig.cmake
[0.535s] -- Up-to-date: /home/kdy/ros2_study/install/my_first_package_msgs/share/my_first_package_msgs/cmake/export_my_first_package_msgs__rosidl_generator_pyExport.cmake
[0.535s] -- Up-to-date: /home/kdy/ros2_study/install/my_first_package_msgs/share/my_first_package_msgs/cmake/export_my_first_package_msgs__rosidl_generator_pyExport-noconfig.cmake
[0.535s] -- Up-to-date: /home/kdy/ros2_study/install/my_first_package_msgs/share/my_first_package_msgs/cmake/rosidl_cmake-extras.cmake
[0.535s] -- Up-to-date: /home/kdy/ros2_study/install/my_first_package_msgs/share/my_first_package_msgs/cmake/ament_cmake_export_include_directories-extras.cmake
[0.535s] -- Up-to-date: /home/kdy/ros2_study/install/my_first_package_msgs/share/my_first_package_msgs/cmake/ament_cmake_export_libraries-extras.cmake
[0.535s] -- Up-to-date: /home/kdy/ros2_study/install/my_first_package_msgs/share/my_first_package_msgs/cmake/ament_cmake_export_targets-extras.cmake
[0.535s] -- Up-to-date: /home/kdy/ros2_study/install/my_first_package_msgs/share/my_first_package_msgs/cmake/rosidl_cmake_export_typesupport_targets-extras.cmake
[0.535s] -- Up-to-date: /home/kdy/ros2_study/install/my_first_package_msgs/share/my_first_package_msgs/cmake/ament_cmake_export_dependencies-extras.cmake
[0.535s] -- Up-to-date: /home/kdy/ros2_study/install/my_first_package_msgs/share/my_first_package_msgs/cmake/rosidl_cmake_export_typesupport_libraries-extras.cmake
[0.535s] -- Up-to-date: /home/kdy/ros2_study/install/my_first_package_msgs/share/my_first_package_msgs/cmake/my_first_package_msgsConfig.cmake
[0.535s] -- Up-to-date: /home/kdy/ros2_study/install/my_first_package_msgs/share/my_first_package_msgs/cmake/my_first_package_msgsConfig-version.cmake
[0.535s] -- Up-to-date: /home/kdy/ros2_study/install/my_first_package_msgs/share/my_first_package_msgs/package.xml
[0.536s] Invoked command in '/home/kdy/ros2_study/build/my_first_package_msgs' returned '0': DEBUGINFOD_URLS=https://debuginfod.ubuntu.com /usr/bin/cmake --install /home/kdy/ros2_study/build/my_first_package_msgs
