[0.181s] Invoking command in '/home/kdy/ros2_study/build/my_first_package_msgs': CMAKE_PREFIX_PATH=${CMAKE_PREFIX_PATH}:/home/kdy/ros2_study/install/my_first_package:/opt/ros/jazzy DEBUGINFOD_URLS=https://debuginfod.ubuntu.com /usr/bin/cmake /home/kdy/ros2_study/src/my_first_package_msgs -DCMAKE_INSTALL_PREFIX=/home/kdy/ros2_study/install/my_first_package_msgs
[0.226s] -- The C compiler identification is GNU 13.3.0
[0.269s] -- The CXX compiler identification is GNU 13.3.0
[0.282s] -- Detecting C compiler ABI info
[0.353s] -- Detecting C compiler ABI info - done
[0.360s] -- Check for working C compiler: /usr/bin/cc - skipped
[0.360s] -- Detecting C compile features
[0.360s] -- Detecting C compile features - done
[0.369s] -- Detecting CXX compiler ABI info
[0.450s] -- Detecting CXX compiler ABI info - done
[0.457s] -- Check for working CXX compiler: /usr/bin/c++ - skipped
[0.457s] -- Detecting CXX compile features
[0.458s] -- Detecting CXX compile features - done
[0.459s] -- Found ament_cmake: 2.5.4 (/opt/ros/jazzy/share/ament_cmake/cmake)
[0.578s] -- Found Python3: /usr/bin/python3 (found version "3.12.3") found components: Interpreter 
[0.656s] -- Found ament_lint_auto: 0.17.3 (/opt/ros/jazzy/share/ament_lint_auto/cmake)
[0.746s] -- Added test 'cppcheck' to perform static code analysis on C / C++ code
[0.746s] -- Configured cppcheck include dirs: 
[0.746s] -- Configured cppcheck exclude dirs and/or files: 
[0.747s] -- Added test 'flake8' to check Python code syntax and style conventions
[0.747s] -- Configured 'flake8' exclude dirs and/or files: 
[0.749s] -- Added test 'lint_cmake' to check CMake code style
[0.750s] -- Added test 'pep257' to check Python code against some of the docstring style conventions in PEP 257
[0.754s] -- Added test 'uncrustify' to check C / C++ code style
[0.755s] -- Configured uncrustify additional arguments: 
[0.755s] -- Added test 'xmllint' to check XML markup files
[0.756s] -- Configuring done (0.6s)
[0.759s] -- Generating done (0.0s)
[0.760s] -- Build files have been written to: /home/kdy/ros2_study/build/my_first_package_msgs
[0.764s] Invoked command in '/home/kdy/ros2_study/build/my_first_package_msgs' returned '0': CMAKE_PREFIX_PATH=${CMAKE_PREFIX_PATH}:/home/kdy/ros2_study/install/my_first_package:/opt/ros/jazzy DEBUGINFOD_URLS=https://debuginfod.ubuntu.com /usr/bin/cmake /home/kdy/ros2_study/src/my_first_package_msgs -DCMAKE_INSTALL_PREFIX=/home/kdy/ros2_study/install/my_first_package_msgs
[0.766s] Invoking command in '/home/kdy/ros2_study/build/my_first_package_msgs': CMAKE_PREFIX_PATH=${CMAKE_PREFIX_PATH}:/home/kdy/ros2_study/install/my_first_package:/opt/ros/jazzy DEBUGINFOD_URLS=https://debuginfod.ubuntu.com /usr/bin/cmake --build /home/kdy/ros2_study/build/my_first_package_msgs -- -j8 -l8
[0.797s] Invoked command in '/home/kdy/ros2_study/build/my_first_package_msgs' returned '0': CMAKE_PREFIX_PATH=${CMAKE_PREFIX_PATH}:/home/kdy/ros2_study/install/my_first_package:/opt/ros/jazzy DEBUGINFOD_URLS=https://debuginfod.ubuntu.com /usr/bin/cmake --build /home/kdy/ros2_study/build/my_first_package_msgs -- -j8 -l8
[0.805s] Invoking command in '/home/kdy/ros2_study/build/my_first_package_msgs': CMAKE_PREFIX_PATH=${CMAKE_PREFIX_PATH}:/home/kdy/ros2_study/install/my_first_package:/opt/ros/jazzy DEBUGINFOD_URLS=https://debuginfod.ubuntu.com /usr/bin/cmake --install /home/kdy/ros2_study/build/my_first_package_msgs
[0.812s] -- Install configuration: ""
[0.812s] -- Installing: /home/kdy/ros2_study/install/my_first_package_msgs/share/ament_index/resource_index/package_run_dependencies/my_first_package_msgs
[0.812s] -- Installing: /home/kdy/ros2_study/install/my_first_package_msgs/share/ament_index/resource_index/parent_prefix_path/my_first_package_msgs
[0.812s] -- Installing: /home/kdy/ros2_study/install/my_first_package_msgs/share/my_first_package_msgs/environment/ament_prefix_path.sh
[0.812s] -- Installing: /home/kdy/ros2_study/install/my_first_package_msgs/share/my_first_package_msgs/environment/ament_prefix_path.dsv
[0.813s] -- Installing: /home/kdy/ros2_study/install/my_first_package_msgs/share/my_first_package_msgs/environment/path.sh
[0.813s] -- Installing: /home/kdy/ros2_study/install/my_first_package_msgs/share/my_first_package_msgs/environment/path.dsv
[0.813s] -- Installing: /home/kdy/ros2_study/install/my_first_package_msgs/share/my_first_package_msgs/local_setup.bash
[0.813s] -- Installing: /home/kdy/ros2_study/install/my_first_package_msgs/share/my_first_package_msgs/local_setup.sh
[0.813s] -- Installing: /home/kdy/ros2_study/install/my_first_package_msgs/share/my_first_package_msgs/local_setup.zsh
[0.813s] -- Installing: /home/kdy/ros2_study/install/my_first_package_msgs/share/my_first_package_msgs/local_setup.dsv
[0.813s] -- Installing: /home/kdy/ros2_study/install/my_first_package_msgs/share/my_first_package_msgs/package.dsv
[0.813s] -- Installing: /home/kdy/ros2_study/install/my_first_package_msgs/share/ament_index/resource_index/packages/my_first_package_msgs
[0.813s] -- Installing: /home/kdy/ros2_study/install/my_first_package_msgs/share/my_first_package_msgs/cmake/my_first_package_msgsConfig.cmake
[0.813s] -- Installing: /home/kdy/ros2_study/install/my_first_package_msgs/share/my_first_package_msgs/cmake/my_first_package_msgsConfig-version.cmake
[0.813s] -- Installing: /home/kdy/ros2_study/install/my_first_package_msgs/share/my_first_package_msgs/package.xml
[0.814s] Invoked command in '/home/kdy/ros2_study/build/my_first_package_msgs' returned '0': CMAKE_PREFIX_PATH=${CMAKE_PREFIX_PATH}:/home/kdy/ros2_study/install/my_first_package:/opt/ros/jazzy DEBUGINFOD_URLS=https://debuginfod.ubuntu.com /usr/bin/cmake --install /home/kdy/ros2_study/build/my_first_package_msgs
