[0.078s] DEBUG:colcon:Command line arguments: ['/usr/bin/colcon', 'build']
[0.079s] DEBUG:colcon:Parsed command line arguments: Namespace(log_base=None, log_level=None, verb_name='build', build_base='build', install_base='install', merge_install=False, symlink_install=False, test_result_base=None, continue_on_error=False, executor='parallel', parallel_workers=8, event_handlers=None, ignore_user_meta=False, metas=['./colcon.meta'], base_paths=['.'], packages_ignore=None, packages_ignore_regex=None, paths=None, packages_up_to=None, packages_up_to_regex=None, packages_above=None, packages_above_and_dependencies=None, packages_above_depth=None, packages_select_by_dep=None, packages_skip_by_dep=None, packages_skip_up_to=None, packages_select_build_failed=False, packages_skip_build_finished=False, packages_select_test_failures=False, packages_skip_test_passed=False, packages_select=None, packages_skip=None, packages_select_regex=None, packages_skip_regex=None, packages_start=None, packages_end=None, allow_overriding=[], cmake_args=None, cmake_target=None, cmake_target_skip_unavailable=False, cmake_clean_cache=False, cmake_clean_first=False, cmake_force_configure=False, ament_cmake_args=None, catkin_cmake_args=None, catkin_skip_building_tests=False, mixin_files=None, mixin=None, verb_parser=<colcon_mixin.mixin.mixin_argument.MixinArgumentDecorator object at 0x77ca41bbcd10>, verb_extension=<colcon_core.verb.build.BuildVerb object at 0x77ca41bbcaa0>, main=<bound method BuildVerb.main of <colcon_core.verb.build.BuildVerb object at 0x77ca41bbcaa0>>, mixin_verb=('build',))
[0.111s] Level 1:colcon.colcon_core.package_discovery:discover_packages(colcon_meta) check parameters
[0.111s] Level 1:colcon.colcon_core.package_discovery:discover_packages(recursive) check parameters
[0.111s] Level 1:colcon.colcon_core.package_discovery:discover_packages(ignore) check parameters
[0.111s] Level 1:colcon.colcon_core.package_discovery:discover_packages(path) check parameters
[0.111s] Level 1:colcon.colcon_core.package_discovery:discover_packages(colcon_meta) discover
[0.111s] Level 1:colcon.colcon_core.package_discovery:discover_packages(recursive) discover
[0.111s] INFO:colcon.colcon_core.package_discovery:Crawling recursively for packages in '/home/kdy/ros2_study/my_first_package_msgs'
[0.111s] Level 1:colcon.colcon_core.package_identification:_identify(.) by extensions ['ignore', 'ignore_ament_install']
[0.111s] Level 1:colcon.colcon_core.package_identification:_identify(.) by extension 'ignore'
[0.111s] Level 1:colcon.colcon_core.package_identification:_identify(.) by extension 'ignore_ament_install'
[0.111s] Level 1:colcon.colcon_core.package_identification:_identify(.) by extensions ['colcon_pkg']
[0.111s] Level 1:colcon.colcon_core.package_identification:_identify(.) by extension 'colcon_pkg'
[0.111s] Level 1:colcon.colcon_core.package_identification:_identify(.) by extensions ['colcon_meta']
[0.111s] Level 1:colcon.colcon_core.package_identification:_identify(.) by extension 'colcon_meta'
[0.111s] Level 1:colcon.colcon_core.package_identification:_identify(.) by extensions ['ros']
[0.111s] Level 1:colcon.colcon_core.package_identification:_identify(.) by extension 'ros'
[0.131s] DEBUG:colcon.colcon_core.package_identification:Package '.' with type 'ros.ament_cmake' and name 'my_first_package_msgs'
[0.131s] Level 1:colcon.colcon_core.package_discovery:discover_packages(recursive) using defaults
[0.131s] Level 1:colcon.colcon_core.package_discovery:discover_packages(ignore) discover
[0.131s] Level 1:colcon.colcon_core.package_discovery:discover_packages(ignore) using defaults
[0.131s] Level 1:colcon.colcon_core.package_discovery:discover_packages(path) discover
[0.132s] Level 1:colcon.colcon_core.package_discovery:discover_packages(path) using defaults
[0.145s] Level 1:colcon.colcon_core.package_discovery:discover_packages(prefix_path) check parameters
[0.145s] Level 1:colcon.colcon_core.package_discovery:discover_packages(prefix_path) discover
[0.146s] DEBUG:colcon.colcon_installed_package_information.package_discovery:Found 1 installed packages in /home/kdy/ros2_study/install
[0.147s] DEBUG:colcon.colcon_installed_package_information.package_discovery:Found 285 installed packages in /opt/ros/jazzy
[0.148s] Level 1:colcon.colcon_core.package_discovery:discover_packages(prefix_path) using defaults
[0.172s] Level 5:colcon.colcon_core.verb:set package 'my_first_package_msgs' build argument 'cmake_args' from command line to 'None'
[0.172s] Level 5:colcon.colcon_core.verb:set package 'my_first_package_msgs' build argument 'cmake_target' from command line to 'None'
[0.172s] Level 5:colcon.colcon_core.verb:set package 'my_first_package_msgs' build argument 'cmake_target_skip_unavailable' from command line to 'False'
[0.172s] Level 5:colcon.colcon_core.verb:set package 'my_first_package_msgs' build argument 'cmake_clean_cache' from command line to 'False'
[0.172s] Level 5:colcon.colcon_core.verb:set package 'my_first_package_msgs' build argument 'cmake_clean_first' from command line to 'False'
[0.172s] Level 5:colcon.colcon_core.verb:set package 'my_first_package_msgs' build argument 'cmake_force_configure' from command line to 'False'
[0.172s] Level 5:colcon.colcon_core.verb:set package 'my_first_package_msgs' build argument 'ament_cmake_args' from command line to 'None'
[0.172s] Level 5:colcon.colcon_core.verb:set package 'my_first_package_msgs' build argument 'catkin_cmake_args' from command line to 'None'
[0.172s] Level 5:colcon.colcon_core.verb:set package 'my_first_package_msgs' build argument 'catkin_skip_building_tests' from command line to 'False'
[0.172s] DEBUG:colcon.colcon_core.verb:Building package 'my_first_package_msgs' with the following arguments: {'ament_cmake_args': None, 'build_base': '/home/kdy/ros2_study/my_first_package_msgs/build/my_first_package_msgs', 'catkin_cmake_args': None, 'catkin_skip_building_tests': False, 'cmake_args': None, 'cmake_clean_cache': False, 'cmake_clean_first': False, 'cmake_force_configure': False, 'cmake_target': None, 'cmake_target_skip_unavailable': False, 'install_base': '/home/kdy/ros2_study/my_first_package_msgs/install/my_first_package_msgs', 'merge_install': False, 'path': '/home/kdy/ros2_study/my_first_package_msgs', 'symlink_install': False, 'test_result_base': None}
[0.172s] INFO:colcon.colcon_core.executor:Executing jobs using 'parallel' executor
[0.173s] DEBUG:colcon.colcon_parallel_executor.executor.parallel:run_until_complete
[0.174s] INFO:colcon.colcon_ros.task.ament_cmake.build:Building ROS package in '/home/kdy/ros2_study/my_first_package_msgs' with build type 'ament_cmake'
[0.174s] INFO:colcon.colcon_cmake.task.cmake.build:Building CMake package in '/home/kdy/ros2_study/my_first_package_msgs'
[0.176s] INFO:colcon.colcon_core.plugin_system:Skipping extension 'colcon_core.shell.bat': Not used on non-Windows systems
[0.176s] INFO:colcon.colcon_core.shell:Skip shell extension 'powershell' for command environment: Not usable outside of PowerShell
[0.176s] DEBUG:colcon.colcon_core.shell:Skip shell extension 'dsv' for command environment
[0.183s] DEBUG:colcon.colcon_core.event_handler.log_command:Invoking command in '/home/kdy/ros2_study/my_first_package_msgs/build/my_first_package_msgs': CMAKE_PREFIX_PATH=${CMAKE_PREFIX_PATH}:/home/kdy/ros2_study/install/my_first_package:/opt/ros/jazzy DEBUGINFOD_URLS=https://debuginfod.ubuntu.com /usr/bin/cmake /home/kdy/ros2_study/my_first_package_msgs -DCMAKE_INSTALL_PREFIX=/home/kdy/ros2_study/my_first_package_msgs/install/my_first_package_msgs
[0.825s] DEBUG:colcon.colcon_core.event_handler.log_command:Invoked command in '/home/kdy/ros2_study/my_first_package_msgs/build/my_first_package_msgs' returned '0': CMAKE_PREFIX_PATH=${CMAKE_PREFIX_PATH}:/home/kdy/ros2_study/install/my_first_package:/opt/ros/jazzy DEBUGINFOD_URLS=https://debuginfod.ubuntu.com /usr/bin/cmake /home/kdy/ros2_study/my_first_package_msgs -DCMAKE_INSTALL_PREFIX=/home/kdy/ros2_study/my_first_package_msgs/install/my_first_package_msgs
[0.826s] DEBUG:colcon.colcon_core.event_handler.log_command:Invoking command in '/home/kdy/ros2_study/my_first_package_msgs/build/my_first_package_msgs': CMAKE_PREFIX_PATH=${CMAKE_PREFIX_PATH}:/home/kdy/ros2_study/install/my_first_package:/opt/ros/jazzy DEBUGINFOD_URLS=https://debuginfod.ubuntu.com /usr/bin/cmake --build /home/kdy/ros2_study/my_first_package_msgs/build/my_first_package_msgs -- -j8 -l8
[0.855s] DEBUG:colcon.colcon_core.event_handler.log_command:Invoked command in '/home/kdy/ros2_study/my_first_package_msgs/build/my_first_package_msgs' returned '0': CMAKE_PREFIX_PATH=${CMAKE_PREFIX_PATH}:/home/kdy/ros2_study/install/my_first_package:/opt/ros/jazzy DEBUGINFOD_URLS=https://debuginfod.ubuntu.com /usr/bin/cmake --build /home/kdy/ros2_study/my_first_package_msgs/build/my_first_package_msgs -- -j8 -l8
[0.863s] DEBUG:colcon.colcon_core.event_handler.log_command:Invoking command in '/home/kdy/ros2_study/my_first_package_msgs/build/my_first_package_msgs': CMAKE_PREFIX_PATH=${CMAKE_PREFIX_PATH}:/home/kdy/ros2_study/install/my_first_package:/opt/ros/jazzy DEBUGINFOD_URLS=https://debuginfod.ubuntu.com /usr/bin/cmake --install /home/kdy/ros2_study/my_first_package_msgs/build/my_first_package_msgs
[0.871s] Level 1:colcon.colcon_core.environment:create_environment_scripts_only(my_first_package_msgs)
[0.871s] DEBUG:colcon.colcon_core.event_handler.log_command:Invoked command in '/home/kdy/ros2_study/my_first_package_msgs/build/my_first_package_msgs' returned '0': CMAKE_PREFIX_PATH=${CMAKE_PREFIX_PATH}:/home/kdy/ros2_study/install/my_first_package:/opt/ros/jazzy DEBUGINFOD_URLS=https://debuginfod.ubuntu.com /usr/bin/cmake --install /home/kdy/ros2_study/my_first_package_msgs/build/my_first_package_msgs
[0.873s] Level 1:colcon.colcon_core.environment:checking '/home/kdy/ros2_study/my_first_package_msgs/install/my_first_package_msgs' for CMake module files
[0.873s] Level 1:colcon.colcon_core.environment:checking '/home/kdy/ros2_study/my_first_package_msgs/install/my_first_package_msgs' for CMake config files
[0.873s] Level 1:colcon.colcon_core.shell:create_environment_hook('my_first_package_msgs', 'cmake_prefix_path')
[0.873s] INFO:colcon.colcon_core.shell:Creating environment hook '/home/kdy/ros2_study/my_first_package_msgs/install/my_first_package_msgs/share/my_first_package_msgs/hook/cmake_prefix_path.ps1'
[0.874s] INFO:colcon.colcon_core.shell:Creating environment descriptor '/home/kdy/ros2_study/my_first_package_msgs/install/my_first_package_msgs/share/my_first_package_msgs/hook/cmake_prefix_path.dsv'
[0.874s] INFO:colcon.colcon_core.shell:Creating environment hook '/home/kdy/ros2_study/my_first_package_msgs/install/my_first_package_msgs/share/my_first_package_msgs/hook/cmake_prefix_path.sh'
[0.875s] Level 1:colcon.colcon_core.environment:checking '/home/kdy/ros2_study/my_first_package_msgs/install/my_first_package_msgs/bin'
[0.875s] Level 1:colcon.colcon_core.environment:checking '/home/kdy/ros2_study/my_first_package_msgs/install/my_first_package_msgs/lib/pkgconfig/my_first_package_msgs.pc'
[0.875s] Level 1:colcon.colcon_core.environment:checking '/home/kdy/ros2_study/my_first_package_msgs/install/my_first_package_msgs/lib/python3.12/site-packages'
[0.875s] Level 1:colcon.colcon_core.environment:checking '/home/kdy/ros2_study/my_first_package_msgs/install/my_first_package_msgs/bin'
[0.875s] INFO:colcon.colcon_core.shell:Creating package script '/home/kdy/ros2_study/my_first_package_msgs/install/my_first_package_msgs/share/my_first_package_msgs/package.ps1'
[0.876s] INFO:colcon.colcon_core.shell:Creating package descriptor '/home/kdy/ros2_study/my_first_package_msgs/install/my_first_package_msgs/share/my_first_package_msgs/package.dsv'
[0.876s] INFO:colcon.colcon_core.shell:Creating package script '/home/kdy/ros2_study/my_first_package_msgs/install/my_first_package_msgs/share/my_first_package_msgs/package.sh'
[0.877s] INFO:colcon.colcon_core.shell:Creating package script '/home/kdy/ros2_study/my_first_package_msgs/install/my_first_package_msgs/share/my_first_package_msgs/package.bash'
[0.877s] INFO:colcon.colcon_core.shell:Creating package script '/home/kdy/ros2_study/my_first_package_msgs/install/my_first_package_msgs/share/my_first_package_msgs/package.zsh'
[0.877s] Level 1:colcon.colcon_core.environment:create_file_with_runtime_dependencies(/home/kdy/ros2_study/my_first_package_msgs/install/my_first_package_msgs/share/colcon-core/packages/my_first_package_msgs)
[0.878s] Level 1:colcon.colcon_core.environment:create_environment_scripts_only(my_first_package_msgs)
[0.878s] Level 1:colcon.colcon_core.environment:checking '/home/kdy/ros2_study/my_first_package_msgs/install/my_first_package_msgs' for CMake module files
[0.878s] Level 1:colcon.colcon_core.environment:checking '/home/kdy/ros2_study/my_first_package_msgs/install/my_first_package_msgs' for CMake config files
[0.878s] Level 1:colcon.colcon_core.shell:create_environment_hook('my_first_package_msgs', 'cmake_prefix_path')
[0.878s] INFO:colcon.colcon_core.shell:Creating environment hook '/home/kdy/ros2_study/my_first_package_msgs/install/my_first_package_msgs/share/my_first_package_msgs/hook/cmake_prefix_path.ps1'
[0.879s] INFO:colcon.colcon_core.shell:Creating environment descriptor '/home/kdy/ros2_study/my_first_package_msgs/install/my_first_package_msgs/share/my_first_package_msgs/hook/cmake_prefix_path.dsv'
[0.879s] INFO:colcon.colcon_core.shell:Creating environment hook '/home/kdy/ros2_study/my_first_package_msgs/install/my_first_package_msgs/share/my_first_package_msgs/hook/cmake_prefix_path.sh'
[0.879s] Level 1:colcon.colcon_core.environment:checking '/home/kdy/ros2_study/my_first_package_msgs/install/my_first_package_msgs/bin'
[0.880s] Level 1:colcon.colcon_core.environment:checking '/home/kdy/ros2_study/my_first_package_msgs/install/my_first_package_msgs/lib/pkgconfig/my_first_package_msgs.pc'
[0.881s] Level 1:colcon.colcon_core.environment:checking '/home/kdy/ros2_study/my_first_package_msgs/install/my_first_package_msgs/lib/python3.12/site-packages'
[0.881s] Level 1:colcon.colcon_core.environment:checking '/home/kdy/ros2_study/my_first_package_msgs/install/my_first_package_msgs/bin'
[0.881s] INFO:colcon.colcon_core.shell:Creating package script '/home/kdy/ros2_study/my_first_package_msgs/install/my_first_package_msgs/share/my_first_package_msgs/package.ps1'
[0.881s] INFO:colcon.colcon_core.shell:Creating package descriptor '/home/kdy/ros2_study/my_first_package_msgs/install/my_first_package_msgs/share/my_first_package_msgs/package.dsv'
[0.882s] INFO:colcon.colcon_core.shell:Creating package script '/home/kdy/ros2_study/my_first_package_msgs/install/my_first_package_msgs/share/my_first_package_msgs/package.sh'
[0.882s] INFO:colcon.colcon_core.shell:Creating package script '/home/kdy/ros2_study/my_first_package_msgs/install/my_first_package_msgs/share/my_first_package_msgs/package.bash'
[0.882s] INFO:colcon.colcon_core.shell:Creating package script '/home/kdy/ros2_study/my_first_package_msgs/install/my_first_package_msgs/share/my_first_package_msgs/package.zsh'
[0.883s] Level 1:colcon.colcon_core.environment:create_file_with_runtime_dependencies(/home/kdy/ros2_study/my_first_package_msgs/install/my_first_package_msgs/share/colcon-core/packages/my_first_package_msgs)
[0.883s] DEBUG:colcon.colcon_parallel_executor.executor.parallel:closing loop
[0.883s] DEBUG:colcon.colcon_parallel_executor.executor.parallel:loop closed
[0.883s] DEBUG:colcon.colcon_parallel_executor.executor.parallel:run_until_complete finished with '0'
[0.883s] DEBUG:colcon.colcon_core.event_reactor:joining thread
[0.888s] INFO:colcon.colcon_core.plugin_system:Skipping extension 'colcon_notification.desktop_notification.terminal_notifier': Not used on non-Darwin systems
[0.888s] INFO:colcon.colcon_core.plugin_system:Skipping extension 'colcon_notification.desktop_notification.win32': Not used on non-Windows systems
[0.888s] INFO:colcon.colcon_notification.desktop_notification:Sending desktop notification using 'notify2'
[0.901s] DEBUG:colcon.colcon_core.event_reactor:joined thread
[0.901s] INFO:colcon.colcon_core.shell:Creating prefix script '/home/kdy/ros2_study/my_first_package_msgs/install/local_setup.ps1'
[0.902s] INFO:colcon.colcon_core.shell:Creating prefix util module '/home/kdy/ros2_study/my_first_package_msgs/install/_local_setup_util_ps1.py'
[0.903s] INFO:colcon.colcon_core.shell:Creating prefix chain script '/home/kdy/ros2_study/my_first_package_msgs/install/setup.ps1'
[0.903s] INFO:colcon.colcon_core.shell:Creating prefix script '/home/kdy/ros2_study/my_first_package_msgs/install/local_setup.sh'
[0.904s] INFO:colcon.colcon_core.shell:Creating prefix util module '/home/kdy/ros2_study/my_first_package_msgs/install/_local_setup_util_sh.py'
[0.904s] INFO:colcon.colcon_core.shell:Creating prefix chain script '/home/kdy/ros2_study/my_first_package_msgs/install/setup.sh'
[0.905s] INFO:colcon.colcon_core.shell:Creating prefix script '/home/kdy/ros2_study/my_first_package_msgs/install/local_setup.bash'
[0.905s] INFO:colcon.colcon_core.shell:Creating prefix chain script '/home/kdy/ros2_study/my_first_package_msgs/install/setup.bash'
[0.906s] INFO:colcon.colcon_core.shell:Creating prefix script '/home/kdy/ros2_study/my_first_package_msgs/install/local_setup.zsh'
[0.906s] INFO:colcon.colcon_core.shell:Creating prefix chain script '/home/kdy/ros2_study/my_first_package_msgs/install/setup.zsh'
