[0.677s] Invoking command in '/home/kdy/ros2_study/src/my_first_package': DEBUGINFOD_URLS=https://debuginfod.ubuntu.com PYTHONPATH=/home/kdy/ros2_study/src/build/my_first_package/prefix_override:/usr/lib/python3/dist-packages/colcon_core/task/python/colcon_distutils_commands:/home/kdy/ros2_study/src/install/my_first_package/lib/python3.12/site-packages:${PYTHONPATH} /usr/bin/python3 -W ignore:setup.py install is deprecated -W ignore:easy_install command is deprecated setup.py egg_info --egg-base ../build/my_first_package build --build-base /home/kdy/ros2_study/src/build/my_first_package/build install --record /home/kdy/ros2_study/src/build/my_first_package/install.log --single-version-externally-managed install_data
[0.911s] running egg_info
[0.911s] creating ../build/my_first_package/my_first_package.egg-info
[0.929s] writing ../build/my_first_package/my_first_package.egg-info/PKG-INFO
[0.929s] writing dependency_links to ../build/my_first_package/my_first_package.egg-info/dependency_links.txt
[0.929s] writing entry points to ../build/my_first_package/my_first_package.egg-info/entry_points.txt
[0.929s] writing requirements to ../build/my_first_package/my_first_package.egg-info/requires.txt
[0.929s] writing top-level names to ../build/my_first_package/my_first_package.egg-info/top_level.txt
[0.929s] writing manifest file '../build/my_first_package/my_first_package.egg-info/SOURCES.txt'
[0.966s] reading manifest file '../build/my_first_package/my_first_package.egg-info/SOURCES.txt'
[0.967s] writing manifest file '../build/my_first_package/my_first_package.egg-info/SOURCES.txt'
[0.967s] running build
[0.967s] running build_py
[0.968s] creating /home/kdy/ros2_study/src/build/my_first_package/build
[0.968s] creating /home/kdy/ros2_study/src/build/my_first_package/build/lib
[0.968s] creating /home/kdy/ros2_study/src/build/my_first_package/build/lib/my_first_package
[0.968s] copying my_first_package/__init__.py -> /home/kdy/ros2_study/src/build/my_first_package/build/lib/my_first_package
[0.968s] copying my_first_package/my_first_node.py -> /home/kdy/ros2_study/src/build/my_first_package/build/lib/my_first_package
[0.968s] running install
[0.974s] running install_lib
[0.993s] creating /home/kdy/ros2_study/src/install/my_first_package/lib/python3.12/site-packages/my_first_package
[0.993s] copying /home/kdy/ros2_study/src/build/my_first_package/build/lib/my_first_package/__init__.py -> /home/kdy/ros2_study/src/install/my_first_package/lib/python3.12/site-packages/my_first_package
[0.993s] copying /home/kdy/ros2_study/src/build/my_first_package/build/lib/my_first_package/my_first_node.py -> /home/kdy/ros2_study/src/install/my_first_package/lib/python3.12/site-packages/my_first_package
[0.994s] byte-compiling /home/kdy/ros2_study/src/install/my_first_package/lib/python3.12/site-packages/my_first_package/__init__.py to __init__.cpython-312.pyc
[0.994s] byte-compiling /home/kdy/ros2_study/src/install/my_first_package/lib/python3.12/site-packages/my_first_package/my_first_node.py to my_first_node.cpython-312.pyc
[0.994s] running install_data
[0.994s] creating /home/kdy/ros2_study/src/install/my_first_package/share/ament_index
[0.994s] creating /home/kdy/ros2_study/src/install/my_first_package/share/ament_index/resource_index
[0.995s] creating /home/kdy/ros2_study/src/install/my_first_package/share/ament_index/resource_index/packages
[0.995s] copying resource/my_first_package -> /home/kdy/ros2_study/src/install/my_first_package/share/ament_index/resource_index/packages
[0.995s] copying package.xml -> /home/kdy/ros2_study/src/install/my_first_package/share/my_first_package
[0.995s] running install_egg_info
[1.014s] Copying ../build/my_first_package/my_first_package.egg-info to /home/kdy/ros2_study/src/install/my_first_package/lib/python3.12/site-packages/my_first_package-0.0.0-py3.12.egg-info
[1.015s] running install_scripts
[1.138s] Installing my_first_node script to /home/kdy/ros2_study/src/install/my_first_package/lib/my_first_package
[1.138s] Installing my_subscriber script to /home/kdy/ros2_study/src/install/my_first_package/lib/my_first_package
[1.138s] writing list of installed files to '/home/kdy/ros2_study/src/build/my_first_package/install.log'
[1.162s] Invoked command in '/home/kdy/ros2_study/src/my_first_package' returned '0': DEBUGINFOD_URLS=https://debuginfod.ubuntu.com PYTHONPATH=/home/kdy/ros2_study/src/build/my_first_package/prefix_override:/usr/lib/python3/dist-packages/colcon_core/task/python/colcon_distutils_commands:/home/kdy/ros2_study/src/install/my_first_package/lib/python3.12/site-packages:${PYTHONPATH} /usr/bin/python3 -W ignore:setup.py install is deprecated -W ignore:easy_install command is deprecated setup.py egg_info --egg-base ../build/my_first_package build --build-base /home/kdy/ros2_study/src/build/my_first_package/build install --record /home/kdy/ros2_study/src/build/my_first_package/install.log --single-version-externally-managed install_data
