[0.234s] Invoking command in '/home/kdy/ros2_study/build/my_first_package_msgs': CMAKE_PREFIX_PATH=${CMAKE_PREFIX_PATH}:/home/kdy/ros2_study/install/my_first_package_msgs:/home/kdy/ros2_study/install/my_first_package:/opt/ros/jazzy DEBUGINFOD_URLS=https://debuginfod.ubuntu.com /usr/bin/cmake --build /home/kdy/ros2_study/build/my_first_package_msgs -- -j8 -l8
[0.254s] -- Found ament_cmake: 2.5.4 (/opt/ros/jazzy/share/ament_cmake/cmake)
[0.338s] -- Found rosidl_default_generators: 1.6.0 (/opt/ros/jazzy/share/rosidl_default_generators/cmake)
[0.340s] -- Using all available rosidl_typesupport_c: rosidl_typesupport_fastrtps_c;rosidl_typesupport_introspection_c
[0.365s] -- Using all available rosidl_typesupport_cpp: rosidl_typesupport_fastrtps_cpp;rosidl_typesupport_introspection_cpp
[0.385s] -- Found rosidl_adapter: 4.6.6 (/opt/ros/jazzy/share/rosidl_adapter/cmake)
[0.635s] -- Found ament_cmake_ros: 0.12.0 (/opt/ros/jazzy/share/ament_cmake_ros/cmake)
[0.711s] -- Using all available rosidl_typesupport_c: rosidl_typesupport_fastrtps_c;rosidl_typesupport_introspection_c
[0.813s] -- Using all available rosidl_typesupport_cpp: rosidl_typesupport_fastrtps_cpp;rosidl_typesupport_introspection_cpp
[0.814s] -- Found python_cmake_module: 0.11.1 (/opt/ros/jazzy/share/python_cmake_module/cmake)
[1.020s] -- Found Python3: /usr/bin/python3 (found version "3.12.3") found components: Interpreter Development NumPy Development.Module Development.Embed 
[1.032s] -- Found ament_lint_auto: 0.17.3 (/opt/ros/jazzy/share/ament_lint_auto/cmake)
[1.041s] -- Added test 'cppcheck' to perform static code analysis on C / C++ code
[1.041s] -- Configured cppcheck include dirs: 
[1.042s] -- Configured cppcheck exclude dirs and/or files: 
[1.042s] -- Added test 'flake8' to check Python code syntax and style conventions
[1.042s] -- Configured 'flake8' exclude dirs and/or files: 
[1.044s] -- Added test 'lint_cmake' to check CMake code style
[1.044s] -- Added test 'pep257' to check Python code against some of the docstring style conventions in PEP 257
[1.049s] -- Added test 'uncrustify' to check C / C++ code style
[1.049s] -- Configured uncrustify additional arguments: 
[1.049s] -- Added test 'xmllint' to check XML markup files
[1.050s] -- Configuring done (0.8s)
[1.079s] -- Generating done (0.0s)
[1.088s] -- Build files have been written to: /home/kdy/ros2_study/build/my_first_package_msgs
[1.128s] [  1%] Built target my_first_package_msgs__rosidl_generator_type_description
[1.133s] [  1%] Built target ament_cmake_python_copy_my_first_package_msgs
[1.151s] [  3%] Built target my_first_package_msgs__cpp
[1.156s] [  5%] [32mBuilding C object CMakeFiles/my_first_package_msgs__rosidl_generator_c.dir/rosidl_generator_c/my_first_package_msgs/msg/detail/cmd_and_pose_vel__description.c.o[0m
[1.156s] [  7%] [32mBuilding C object CMakeFiles/my_first_package_msgs__rosidl_generator_c.dir/rosidl_generator_c/my_first_package_msgs/msg/detail/cmd_and_pose_vel__type_support.c.o[0m
[1.159s] [  9%] [32mBuilding C object CMakeFiles/my_first_package_msgs__rosidl_generator_c.dir/rosidl_generator_c/my_first_package_msgs/srv/detail/multi_spawn__description.c.o[0m
[1.159s] [ 11%] [32mBuilding C object CMakeFiles/my_first_package_msgs__rosidl_generator_c.dir/rosidl_generator_c/my_first_package_msgs/srv/detail/multi_spawn__type_support.c.o[0m
[1.159s] [ 12%] [32mBuilding C object CMakeFiles/my_first_package_msgs__rosidl_generator_c.dir/rosidl_generator_c/my_first_package_msgs/msg/detail/cmd_and_pose_vel__functions.c.o[0m
[1.161s] [ 14%] [32mBuilding C object CMakeFiles/my_first_package_msgs__rosidl_generator_c.dir/rosidl_generator_c/my_first_package_msgs/srv/detail/multi_spawn__functions.c.o[0m
[1.161s] [ 16%] [32mBuilding C object CMakeFiles/my_first_package_msgs__rosidl_generator_c.dir/rosidl_generator_c/my_first_package_msgs/action/detail/dist_turtle__description.c.o[0m
[1.190s] [ 18%] [32mBuilding C object CMakeFiles/my_first_package_msgs__rosidl_generator_c.dir/rosidl_generator_c/my_first_package_msgs/action/detail/dist_turtle__functions.c.o[0m
[1.192s] [ 20%] [32mBuilding C object CMakeFiles/my_first_package_msgs__rosidl_generator_c.dir/rosidl_generator_c/my_first_package_msgs/action/detail/dist_turtle__type_support.c.o[0m
[1.319s] [ 22%] [32m[1mLinking C shared library libmy_first_package_msgs__rosidl_generator_c.so[0m
[1.347s] running egg_info
[1.350s] [ 24%] Built target my_first_package_msgs__rosidl_generator_c
[1.366s] writing my_first_package_msgs.egg-info/PKG-INFO
[1.367s] writing dependency_links to my_first_package_msgs.egg-info/dependency_links.txt
[1.367s] writing top-level names to my_first_package_msgs.egg-info/top_level.txt
[1.373s] [ 25%] [32mBuilding CXX object CMakeFiles/my_first_package_msgs__rosidl_typesupport_cpp.dir/rosidl_typesupport_cpp/my_first_package_msgs/msg/cmd_and_pose_vel__type_support.cpp.o[0m
[1.373s] [ 27%] [32mBuilding CXX object CMakeFiles/my_first_package_msgs__rosidl_typesupport_c.dir/rosidl_typesupport_c/my_first_package_msgs/msg/cmd_and_pose_vel__type_support.cpp.o[0m
[1.378s] [ 29%] [32mBuilding C object CMakeFiles/my_first_package_msgs__rosidl_typesupport_introspection_c.dir/rosidl_typesupport_introspection_c/my_first_package_msgs/msg/detail/cmd_and_pose_vel__type_support.c.o[0m
[1.378s] [ 31%] [32mBuilding CXX object CMakeFiles/my_first_package_msgs__rosidl_typesupport_c.dir/rosidl_typesupport_c/my_first_package_msgs/srv/multi_spawn__type_support.cpp.o[0m
[1.386s] [ 33%] [32mBuilding CXX object CMakeFiles/my_first_package_msgs__rosidl_typesupport_introspection_cpp.dir/rosidl_typesupport_introspection_cpp/my_first_package_msgs/msg/detail/cmd_and_pose_vel__type_support.cpp.o[0m
[1.395s] [ 35%] [32mBuilding CXX object CMakeFiles/my_first_package_msgs__rosidl_typesupport_fastrtps_cpp.dir/rosidl_typesupport_fastrtps_cpp/my_first_package_msgs/msg/detail/dds_fastrtps/cmd_and_pose_vel__type_support.cpp.o[0m
[1.400s] [ 37%] [32mBuilding CXX object CMakeFiles/my_first_package_msgs__rosidl_typesupport_fastrtps_c.dir/rosidl_typesupport_fastrtps_c/my_first_package_msgs/msg/detail/cmd_and_pose_vel__type_support_c.cpp.o[0m
[1.412s] [ 38%] [32mBuilding CXX object CMakeFiles/my_first_package_msgs__rosidl_typesupport_c.dir/rosidl_typesupport_c/my_first_package_msgs/action/dist_turtle__type_support.cpp.o[0m
[1.417s] [ 40%] [32mBuilding C object CMakeFiles/my_first_package_msgs__rosidl_typesupport_introspection_c.dir/rosidl_typesupport_introspection_c/my_first_package_msgs/srv/detail/multi_spawn__type_support.c.o[0m
[1.421s] [ 42%] [32mBuilding C object CMakeFiles/my_first_package_msgs__rosidl_typesupport_introspection_c.dir/rosidl_typesupport_introspection_c/my_first_package_msgs/action/detail/dist_turtle__type_support.c.o[0m
[1.434s] reading manifest file 'my_first_package_msgs.egg-info/SOURCES.txt'
[1.437s] writing manifest file 'my_first_package_msgs.egg-info/SOURCES.txt'
[1.464s] [ 44%] Built target ament_cmake_python_build_my_first_package_msgs_egg
[1.464s] [ 44%] [32m[1mLinking CXX shared library libmy_first_package_msgs__rosidl_typesupport_c.so[0m
[1.472s] [ 46%] [32mBuilding CXX object CMakeFiles/my_first_package_msgs__rosidl_typesupport_fastrtps_c.dir/rosidl_typesupport_fastrtps_c/my_first_package_msgs/srv/detail/multi_spawn__type_support_c.cpp.o[0m
[1.472s] [ 48%] [32mBuilding CXX object CMakeFiles/my_first_package_msgs__rosidl_typesupport_fastrtps_cpp.dir/rosidl_typesupport_fastrtps_cpp/my_first_package_msgs/srv/detail/dds_fastrtps/multi_spawn__type_support.cpp.o[0m
[1.494s] [ 50%] [32m[1mLinking C shared library libmy_first_package_msgs__rosidl_typesupport_introspection_c.so[0m
[1.505s] [ 51%] Built target my_first_package_msgs__rosidl_typesupport_c
[1.517s] [ 53%] [32mBuilding CXX object CMakeFiles/my_first_package_msgs__rosidl_typesupport_fastrtps_cpp.dir/rosidl_typesupport_fastrtps_cpp/my_first_package_msgs/action/detail/dds_fastrtps/dist_turtle__type_support.cpp.o[0m
[1.546s] [ 55%] Built target my_first_package_msgs__rosidl_typesupport_introspection_c
[1.554s] [ 57%] [32mBuilding CXX object CMakeFiles/my_first_package_msgs__rosidl_typesupport_introspection_cpp.dir/rosidl_typesupport_introspection_cpp/my_first_package_msgs/srv/detail/multi_spawn__type_support.cpp.o[0m
[1.680s] [ 59%] [32mBuilding CXX object CMakeFiles/my_first_package_msgs__rosidl_typesupport_introspection_cpp.dir/rosidl_typesupport_introspection_cpp/my_first_package_msgs/action/detail/dist_turtle__type_support.cpp.o[0m
[1.683s] [ 61%] [32mBuilding CXX object CMakeFiles/my_first_package_msgs__rosidl_typesupport_cpp.dir/rosidl_typesupport_cpp/my_first_package_msgs/srv/multi_spawn__type_support.cpp.o[0m
[2.062s] [ 62%] [32mBuilding CXX object CMakeFiles/my_first_package_msgs__rosidl_typesupport_fastrtps_c.dir/rosidl_typesupport_fastrtps_c/my_first_package_msgs/action/detail/dist_turtle__type_support_c.cpp.o[0m
[2.090s] [ 64%] [32mBuilding CXX object CMakeFiles/my_first_package_msgs__rosidl_typesupport_cpp.dir/rosidl_typesupport_cpp/my_first_package_msgs/action/dist_turtle__type_support.cpp.o[0m
[2.878s] [ 66%] [32m[1mLinking CXX shared library libmy_first_package_msgs__rosidl_typesupport_fastrtps_c.so[0m
[2.894s] [ 68%] [32m[1mLinking CXX shared library libmy_first_package_msgs__rosidl_typesupport_introspection_cpp.so[0m
[2.923s] [ 70%] Built target my_first_package_msgs__rosidl_typesupport_fastrtps_c
[2.954s] [ 72%] [32m[1mLinking CXX shared library libmy_first_package_msgs__rosidl_typesupport_cpp.so[0m
[2.954s] [ 74%] Built target my_first_package_msgs__rosidl_typesupport_introspection_cpp
[2.979s] [ 75%] [32m[1mLinking CXX shared library libmy_first_package_msgs__rosidl_typesupport_fastrtps_cpp.so[0m
[3.017s] [ 77%] Built target my_first_package_msgs__rosidl_typesupport_cpp
[3.041s] [ 79%] Built target my_first_package_msgs__rosidl_typesupport_fastrtps_cpp
[3.057s] [ 79%] Built target my_first_package_msgs
[3.072s] [ 81%] Built target my_first_package_msgs__py
[3.092s] [ 85%] [32mBuilding C object CMakeFiles/my_first_package_msgs__rosidl_generator_py.dir/rosidl_generator_py/my_first_package_msgs/msg/_cmd_and_pose_vel_s.c.o[0m
[3.092s] [ 85%] [32mBuilding C object CMakeFiles/my_first_package_msgs__rosidl_generator_py.dir/rosidl_generator_py/my_first_package_msgs/srv/_multi_spawn_s.c.o[0m
[3.092s] [ 87%] [32mBuilding C object CMakeFiles/my_first_package_msgs__rosidl_generator_py.dir/rosidl_generator_py/my_first_package_msgs/action/_dist_turtle_s.c.o[0m
[3.234s] [ 88%] [32m[1mLinking C shared library libmy_first_package_msgs__rosidl_generator_py.so[0m
[3.270s] [ 88%] Built target my_first_package_msgs__rosidl_generator_py
[3.288s] [ 90%] [32mBuilding C object CMakeFiles/my_first_package_msgs_s__rosidl_typesupport_c.dir/rosidl_generator_py/my_first_package_msgs/_my_first_package_msgs_s.ep.rosidl_typesupport_c.c.o[0m
[3.288s] [ 92%] [32mBuilding C object CMakeFiles/my_first_package_msgs_s__rosidl_typesupport_introspection_c.dir/rosidl_generator_py/my_first_package_msgs/_my_first_package_msgs_s.ep.rosidl_typesupport_introspection_c.c.o[0m
[3.288s] [ 94%] [32mBuilding C object CMakeFiles/my_first_package_msgs_s__rosidl_typesupport_fastrtps_c.dir/rosidl_generator_py/my_first_package_msgs/_my_first_package_msgs_s.ep.rosidl_typesupport_fastrtps_c.c.o[0m
[3.385s] [ 96%] [32m[1mLinking C shared module rosidl_generator_py/my_first_package_msgs/my_first_package_msgs_s__rosidl_typesupport_c.so[0m
[3.386s] [ 98%] [32m[1mLinking C shared module rosidl_generator_py/my_first_package_msgs/my_first_package_msgs_s__rosidl_typesupport_introspection_c.so[0m
[3.386s] [100%] [32m[1mLinking C shared module rosidl_generator_py/my_first_package_msgs/my_first_package_msgs_s__rosidl_typesupport_fastrtps_c.so[0m
[3.413s] [100%] Built target my_first_package_msgs_s__rosidl_typesupport_c
[3.413s] [100%] Built target my_first_package_msgs_s__rosidl_typesupport_fastrtps_c
[3.413s] [100%] Built target my_first_package_msgs_s__rosidl_typesupport_introspection_c
[3.423s] Invoked command in '/home/kdy/ros2_study/build/my_first_package_msgs' returned '0': CMAKE_PREFIX_PATH=${CMAKE_PREFIX_PATH}:/home/kdy/ros2_study/install/my_first_package_msgs:/home/kdy/ros2_study/install/my_first_package:/opt/ros/jazzy DEBUGINFOD_URLS=https://debuginfod.ubuntu.com /usr/bin/cmake --build /home/kdy/ros2_study/build/my_first_package_msgs -- -j8 -l8
[3.432s] Invoking command in '/home/kdy/ros2_study/build/my_first_package_msgs': CMAKE_PREFIX_PATH=${CMAKE_PREFIX_PATH}:/home/kdy/ros2_study/install/my_first_package_msgs:/home/kdy/ros2_study/install/my_first_package:/opt/ros/jazzy DEBUGINFOD_URLS=https://debuginfod.ubuntu.com /usr/bin/cmake --install /home/kdy/ros2_study/build/my_first_package_msgs
[3.439s] -- Install configuration: ""
[3.439s] -- Up-to-date: /home/kdy/ros2_study/install/my_first_package_msgs/share/ament_index/resource_index/rosidl_interfaces/my_first_package_msgs
[3.439s] -- Up-to-date: /home/kdy/ros2_study/install/my_first_package_msgs/share/my_first_package_msgs/msg/CmdAndPoseVel.json
[3.439s] -- Up-to-date: /home/kdy/ros2_study/install/my_first_package_msgs/share/my_first_package_msgs/srv/MultiSpawn.json
[3.439s] -- Installing: /home/kdy/ros2_study/install/my_first_package_msgs/share/my_first_package_msgs/action/DistTurtle.json
[3.439s] -- Up-to-date: /home/kdy/ros2_study/install/my_first_package_msgs/include/my_first_package_msgs/my_first_package_msgs
[3.439s] -- Up-to-date: /home/kdy/ros2_study/install/my_first_package_msgs/include/my_first_package_msgs/my_first_package_msgs/srv
[3.439s] -- Up-to-date: /home/kdy/ros2_study/install/my_first_package_msgs/include/my_first_package_msgs/my_first_package_msgs/srv/detail
[3.439s] -- Up-to-date: /home/kdy/ros2_study/install/my_first_package_msgs/include/my_first_package_msgs/my_first_package_msgs/srv/detail/multi_spawn__type_support.h
[3.439s] -- Up-to-date: /home/kdy/ros2_study/install/my_first_package_msgs/include/my_first_package_msgs/my_first_package_msgs/srv/detail/multi_spawn__type_support.c
[3.439s] -- Up-to-date: /home/kdy/ros2_study/install/my_first_package_msgs/include/my_first_package_msgs/my_first_package_msgs/srv/detail/multi_spawn__description.c
[3.439s] -- Up-to-date: /home/kdy/ros2_study/install/my_first_package_msgs/include/my_first_package_msgs/my_first_package_msgs/srv/detail/multi_spawn__functions.c
[3.440s] -- Up-to-date: /home/kdy/ros2_study/install/my_first_package_msgs/include/my_first_package_msgs/my_first_package_msgs/srv/detail/multi_spawn__functions.h
[3.440s] -- Up-to-date: /home/kdy/ros2_study/install/my_first_package_msgs/include/my_first_package_msgs/my_first_package_msgs/srv/detail/multi_spawn__struct.h
[3.440s] -- Up-to-date: /home/kdy/ros2_study/install/my_first_package_msgs/include/my_first_package_msgs/my_first_package_msgs/srv/multi_spawn.h
[3.440s] -- Up-to-date: /home/kdy/ros2_study/install/my_first_package_msgs/include/my_first_package_msgs/my_first_package_msgs/msg
[3.440s] -- Up-to-date: /home/kdy/ros2_study/install/my_first_package_msgs/include/my_first_package_msgs/my_first_package_msgs/msg/rosidl_generator_c__visibility_control.h
[3.440s] -- Up-to-date: /home/kdy/ros2_study/install/my_first_package_msgs/include/my_first_package_msgs/my_first_package_msgs/msg/detail
[3.440s] -- Up-to-date: /home/kdy/ros2_study/install/my_first_package_msgs/include/my_first_package_msgs/my_first_package_msgs/msg/detail/cmd_and_pose_vel__type_support.h
[3.440s] -- Up-to-date: /home/kdy/ros2_study/install/my_first_package_msgs/include/my_first_package_msgs/my_first_package_msgs/msg/detail/cmd_and_pose_vel__type_support.c
[3.440s] -- Up-to-date: /home/kdy/ros2_study/install/my_first_package_msgs/include/my_first_package_msgs/my_first_package_msgs/msg/detail/cmd_and_pose_vel__functions.h
[3.440s] -- Up-to-date: /home/kdy/ros2_study/install/my_first_package_msgs/include/my_first_package_msgs/my_first_package_msgs/msg/detail/cmd_and_pose_vel__functions.c
[3.440s] -- Up-to-date: /home/kdy/ros2_study/install/my_first_package_msgs/include/my_first_package_msgs/my_first_package_msgs/msg/detail/cmd_and_pose_vel__description.c
[3.440s] -- Up-to-date: /home/kdy/ros2_study/install/my_first_package_msgs/include/my_first_package_msgs/my_first_package_msgs/msg/detail/cmd_and_pose_vel__struct.h
[3.440s] -- Up-to-date: /home/kdy/ros2_study/install/my_first_package_msgs/include/my_first_package_msgs/my_first_package_msgs/msg/cmd_and_pose_vel.h
[3.440s] -- Up-to-date: /home/kdy/ros2_study/install/my_first_package_msgs/include/my_first_package_msgs/my_first_package_msgs/action
[3.440s] -- Up-to-date: /home/kdy/ros2_study/install/my_first_package_msgs/include/my_first_package_msgs/my_first_package_msgs/action/dist_turtle.h
[3.440s] -- Up-to-date: /home/kdy/ros2_study/install/my_first_package_msgs/include/my_first_package_msgs/my_first_package_msgs/action/detail
[3.440s] -- Installing: /home/kdy/ros2_study/install/my_first_package_msgs/include/my_first_package_msgs/my_first_package_msgs/action/detail/dist_turtle__description.c
[3.440s] -- Up-to-date: /home/kdy/ros2_study/install/my_first_package_msgs/include/my_first_package_msgs/my_first_package_msgs/action/detail/dist_turtle__functions.h
[3.440s] -- Up-to-date: /home/kdy/ros2_study/install/my_first_package_msgs/include/my_first_package_msgs/my_first_package_msgs/action/detail/dist_turtle__type_support.c
[3.440s] -- Up-to-date: /home/kdy/ros2_study/install/my_first_package_msgs/include/my_first_package_msgs/my_first_package_msgs/action/detail/dist_turtle__functions.c
[3.440s] -- Up-to-date: /home/kdy/ros2_study/install/my_first_package_msgs/include/my_first_package_msgs/my_first_package_msgs/action/detail/dist_turtle__type_support.h
[3.440s] -- Up-to-date: /home/kdy/ros2_study/install/my_first_package_msgs/include/my_first_package_msgs/my_first_package_msgs/action/detail/dist_turtle__struct.h
[3.441s] -- Installing: /home/kdy/ros2_study/install/my_first_package_msgs/share/my_first_package_msgs/environment/library_path.sh
[3.441s] -- Up-to-date: /home/kdy/ros2_study/install/my_first_package_msgs/share/my_first_package_msgs/environment/library_path.dsv
[3.441s] -- Installing: /home/kdy/ros2_study/install/my_first_package_msgs/lib/libmy_first_package_msgs__rosidl_generator_c.so
[3.441s] -- Set non-toolchain portion of runtime path of "/home/kdy/ros2_study/install/my_first_package_msgs/lib/libmy_first_package_msgs__rosidl_generator_c.so" to ""
[3.441s] -- Up-to-date: /home/kdy/ros2_study/install/my_first_package_msgs/include/my_first_package_msgs/my_first_package_msgs
[3.441s] -- Up-to-date: /home/kdy/ros2_study/install/my_first_package_msgs/include/my_first_package_msgs/my_first_package_msgs/srv
[3.441s] -- Up-to-date: /home/kdy/ros2_study/install/my_first_package_msgs/include/my_first_package_msgs/my_first_package_msgs/srv/detail
[3.441s] -- Up-to-date: /home/kdy/ros2_study/install/my_first_package_msgs/include/my_first_package_msgs/my_first_package_msgs/srv/detail/multi_spawn__rosidl_typesupport_fastrtps_c.h
[3.441s] -- Up-to-date: /home/kdy/ros2_study/install/my_first_package_msgs/include/my_first_package_msgs/my_first_package_msgs/msg
[3.441s] -- Up-to-date: /home/kdy/ros2_study/install/my_first_package_msgs/include/my_first_package_msgs/my_first_package_msgs/msg/detail
[3.441s] -- Up-to-date: /home/kdy/ros2_study/install/my_first_package_msgs/include/my_first_package_msgs/my_first_package_msgs/msg/detail/cmd_and_pose_vel__rosidl_typesupport_fastrtps_c.h
[3.441s] -- Up-to-date: /home/kdy/ros2_study/install/my_first_package_msgs/include/my_first_package_msgs/my_first_package_msgs/msg/rosidl_typesupport_fastrtps_c__visibility_control.h
[3.441s] -- Up-to-date: /home/kdy/ros2_study/install/my_first_package_msgs/include/my_first_package_msgs/my_first_package_msgs/action
[3.441s] -- Up-to-date: /home/kdy/ros2_study/install/my_first_package_msgs/include/my_first_package_msgs/my_first_package_msgs/action/detail
[3.441s] -- Installing: /home/kdy/ros2_study/install/my_first_package_msgs/include/my_first_package_msgs/my_first_package_msgs/action/detail/dist_turtle__rosidl_typesupport_fastrtps_c.h
[3.441s] -- Installing: /home/kdy/ros2_study/install/my_first_package_msgs/lib/libmy_first_package_msgs__rosidl_typesupport_fastrtps_c.so
[3.441s] -- Set non-toolchain portion of runtime path of "/home/kdy/ros2_study/install/my_first_package_msgs/lib/libmy_first_package_msgs__rosidl_typesupport_fastrtps_c.so" to ""
[3.441s] -- Up-to-date: /home/kdy/ros2_study/install/my_first_package_msgs/include/my_first_package_msgs/my_first_package_msgs
[3.442s] -- Up-to-date: /home/kdy/ros2_study/install/my_first_package_msgs/include/my_first_package_msgs/my_first_package_msgs/srv
[3.442s] -- Up-to-date: /home/kdy/ros2_study/install/my_first_package_msgs/include/my_first_package_msgs/my_first_package_msgs/srv/detail
[3.442s] -- Up-to-date: /home/kdy/ros2_study/install/my_first_package_msgs/include/my_first_package_msgs/my_first_package_msgs/srv/detail/multi_spawn__type_support.c
[3.442s] -- Up-to-date: /home/kdy/ros2_study/install/my_first_package_msgs/include/my_first_package_msgs/my_first_package_msgs/srv/detail/multi_spawn__rosidl_typesupport_introspection_c.h
[3.442s] -- Up-to-date: /home/kdy/ros2_study/install/my_first_package_msgs/include/my_first_package_msgs/my_first_package_msgs/msg
[3.442s] -- Up-to-date: /home/kdy/ros2_study/install/my_first_package_msgs/include/my_first_package_msgs/my_first_package_msgs/msg/rosidl_typesupport_introspection_c__visibility_control.h
[3.442s] -- Up-to-date: /home/kdy/ros2_study/install/my_first_package_msgs/include/my_first_package_msgs/my_first_package_msgs/msg/detail
[3.442s] -- Up-to-date: /home/kdy/ros2_study/install/my_first_package_msgs/include/my_first_package_msgs/my_first_package_msgs/msg/detail/cmd_and_pose_vel__type_support.c
[3.442s] -- Up-to-date: /home/kdy/ros2_study/install/my_first_package_msgs/include/my_first_package_msgs/my_first_package_msgs/msg/detail/cmd_and_pose_vel__rosidl_typesupport_introspection_c.h
[3.442s] -- Up-to-date: /home/kdy/ros2_study/install/my_first_package_msgs/include/my_first_package_msgs/my_first_package_msgs/action
[3.442s] -- Up-to-date: /home/kdy/ros2_study/install/my_first_package_msgs/include/my_first_package_msgs/my_first_package_msgs/action/detail
[3.442s] -- Installing: /home/kdy/ros2_study/install/my_first_package_msgs/include/my_first_package_msgs/my_first_package_msgs/action/detail/dist_turtle__type_support.c
[3.442s] -- Installing: /home/kdy/ros2_study/install/my_first_package_msgs/include/my_first_package_msgs/my_first_package_msgs/action/detail/dist_turtle__rosidl_typesupport_introspection_c.h
[3.442s] -- Installing: /home/kdy/ros2_study/install/my_first_package_msgs/lib/libmy_first_package_msgs__rosidl_typesupport_introspection_c.so
[3.442s] -- Set non-toolchain portion of runtime path of "/home/kdy/ros2_study/install/my_first_package_msgs/lib/libmy_first_package_msgs__rosidl_typesupport_introspection_c.so" to ""
[3.442s] -- Installing: /home/kdy/ros2_study/install/my_first_package_msgs/lib/libmy_first_package_msgs__rosidl_typesupport_c.so
[3.442s] -- Set non-toolchain portion of runtime path of "/home/kdy/ros2_study/install/my_first_package_msgs/lib/libmy_first_package_msgs__rosidl_typesupport_c.so" to ""
[3.443s] -- Up-to-date: /home/kdy/ros2_study/install/my_first_package_msgs/include/my_first_package_msgs/my_first_package_msgs
[3.443s] -- Up-to-date: /home/kdy/ros2_study/install/my_first_package_msgs/include/my_first_package_msgs/my_first_package_msgs/srv
[3.443s] -- Up-to-date: /home/kdy/ros2_study/install/my_first_package_msgs/include/my_first_package_msgs/my_first_package_msgs/srv/multi_spawn.hpp
[3.443s] -- Up-to-date: /home/kdy/ros2_study/install/my_first_package_msgs/include/my_first_package_msgs/my_first_package_msgs/srv/detail
[3.443s] -- Up-to-date: /home/kdy/ros2_study/install/my_first_package_msgs/include/my_first_package_msgs/my_first_package_msgs/srv/detail/multi_spawn__type_support.hpp
[3.443s] -- Up-to-date: /home/kdy/ros2_study/install/my_first_package_msgs/include/my_first_package_msgs/my_first_package_msgs/srv/detail/multi_spawn__builder.hpp
[3.443s] -- Up-to-date: /home/kdy/ros2_study/install/my_first_package_msgs/include/my_first_package_msgs/my_first_package_msgs/srv/detail/multi_spawn__struct.hpp
[3.443s] -- Up-to-date: /home/kdy/ros2_study/install/my_first_package_msgs/include/my_first_package_msgs/my_first_package_msgs/srv/detail/multi_spawn__traits.hpp
[3.443s] -- Up-to-date: /home/kdy/ros2_study/install/my_first_package_msgs/include/my_first_package_msgs/my_first_package_msgs/msg
[3.443s] -- Up-to-date: /home/kdy/ros2_study/install/my_first_package_msgs/include/my_first_package_msgs/my_first_package_msgs/msg/cmd_and_pose_vel.hpp
[3.443s] -- Up-to-date: /home/kdy/ros2_study/install/my_first_package_msgs/include/my_first_package_msgs/my_first_package_msgs/msg/detail
[3.443s] -- Up-to-date: /home/kdy/ros2_study/install/my_first_package_msgs/include/my_first_package_msgs/my_first_package_msgs/msg/detail/cmd_and_pose_vel__struct.hpp
[3.443s] -- Up-to-date: /home/kdy/ros2_study/install/my_first_package_msgs/include/my_first_package_msgs/my_first_package_msgs/msg/detail/cmd_and_pose_vel__type_support.hpp
[3.443s] -- Up-to-date: /home/kdy/ros2_study/install/my_first_package_msgs/include/my_first_package_msgs/my_first_package_msgs/msg/detail/cmd_and_pose_vel__builder.hpp
[3.443s] -- Up-to-date: /home/kdy/ros2_study/install/my_first_package_msgs/include/my_first_package_msgs/my_first_package_msgs/msg/detail/cmd_and_pose_vel__traits.hpp
[3.443s] -- Up-to-date: /home/kdy/ros2_study/install/my_first_package_msgs/include/my_first_package_msgs/my_first_package_msgs/msg/rosidl_generator_cpp__visibility_control.hpp
[3.443s] -- Up-to-date: /home/kdy/ros2_study/install/my_first_package_msgs/include/my_first_package_msgs/my_first_package_msgs/action
[3.443s] -- Up-to-date: /home/kdy/ros2_study/install/my_first_package_msgs/include/my_first_package_msgs/my_first_package_msgs/action/detail
[3.443s] -- Up-to-date: /home/kdy/ros2_study/install/my_first_package_msgs/include/my_first_package_msgs/my_first_package_msgs/action/detail/dist_turtle__type_support.hpp
[3.443s] -- Up-to-date: /home/kdy/ros2_study/install/my_first_package_msgs/include/my_first_package_msgs/my_first_package_msgs/action/detail/dist_turtle__traits.hpp
[3.443s] -- Installing: /home/kdy/ros2_study/install/my_first_package_msgs/include/my_first_package_msgs/my_first_package_msgs/action/detail/dist_turtle__builder.hpp
[3.444s] -- Up-to-date: /home/kdy/ros2_study/install/my_first_package_msgs/include/my_first_package_msgs/my_first_package_msgs/action/detail/dist_turtle__struct.hpp
[3.444s] -- Up-to-date: /home/kdy/ros2_study/install/my_first_package_msgs/include/my_first_package_msgs/my_first_package_msgs/action/dist_turtle.hpp
[3.444s] -- Up-to-date: /home/kdy/ros2_study/install/my_first_package_msgs/include/my_first_package_msgs/my_first_package_msgs
[3.444s] -- Up-to-date: /home/kdy/ros2_study/install/my_first_package_msgs/include/my_first_package_msgs/my_first_package_msgs/srv
[3.444s] -- Up-to-date: /home/kdy/ros2_study/install/my_first_package_msgs/include/my_first_package_msgs/my_first_package_msgs/srv/detail
[3.444s] -- Up-to-date: /home/kdy/ros2_study/install/my_first_package_msgs/include/my_first_package_msgs/my_first_package_msgs/srv/detail/multi_spawn__rosidl_typesupport_fastrtps_cpp.hpp
[3.444s] -- Installing: /home/kdy/ros2_study/install/my_first_package_msgs/include/my_first_package_msgs/my_first_package_msgs/srv/detail/dds_fastrtps
[3.444s] -- Up-to-date: /home/kdy/ros2_study/install/my_first_package_msgs/include/my_first_package_msgs/my_first_package_msgs/msg
[3.444s] -- Up-to-date: /home/kdy/ros2_study/install/my_first_package_msgs/include/my_first_package_msgs/my_first_package_msgs/msg/rosidl_typesupport_fastrtps_cpp__visibility_control.h
[3.444s] -- Up-to-date: /home/kdy/ros2_study/install/my_first_package_msgs/include/my_first_package_msgs/my_first_package_msgs/msg/detail
[3.444s] -- Installing: /home/kdy/ros2_study/install/my_first_package_msgs/include/my_first_package_msgs/my_first_package_msgs/msg/detail/cmd_and_pose_vel__rosidl_typesupport_fastrtps_cpp.hpp
[3.444s] -- Installing: /home/kdy/ros2_study/install/my_first_package_msgs/include/my_first_package_msgs/my_first_package_msgs/msg/detail/dds_fastrtps
[3.444s] -- Up-to-date: /home/kdy/ros2_study/install/my_first_package_msgs/include/my_first_package_msgs/my_first_package_msgs/action
[3.444s] -- Up-to-date: /home/kdy/ros2_study/install/my_first_package_msgs/include/my_first_package_msgs/my_first_package_msgs/action/detail
[3.444s] -- Installing: /home/kdy/ros2_study/install/my_first_package_msgs/include/my_first_package_msgs/my_first_package_msgs/action/detail/dist_turtle__rosidl_typesupport_fastrtps_cpp.hpp
[3.444s] -- Installing: /home/kdy/ros2_study/install/my_first_package_msgs/include/my_first_package_msgs/my_first_package_msgs/action/detail/dds_fastrtps
[3.444s] -- Installing: /home/kdy/ros2_study/install/my_first_package_msgs/lib/libmy_first_package_msgs__rosidl_typesupport_fastrtps_cpp.so
[3.444s] -- Set non-toolchain portion of runtime path of "/home/kdy/ros2_study/install/my_first_package_msgs/lib/libmy_first_package_msgs__rosidl_typesupport_fastrtps_cpp.so" to ""
[3.444s] -- Up-to-date: /home/kdy/ros2_study/install/my_first_package_msgs/include/my_first_package_msgs/my_first_package_msgs
[3.445s] -- Up-to-date: /home/kdy/ros2_study/install/my_first_package_msgs/include/my_first_package_msgs/my_first_package_msgs/srv
[3.445s] -- Up-to-date: /home/kdy/ros2_study/install/my_first_package_msgs/include/my_first_package_msgs/my_first_package_msgs/srv/detail
[3.445s] -- Up-to-date: /home/kdy/ros2_study/install/my_first_package_msgs/include/my_first_package_msgs/my_first_package_msgs/srv/detail/multi_spawn__type_support.cpp
[3.445s] -- Up-to-date: /home/kdy/ros2_study/install/my_first_package_msgs/include/my_first_package_msgs/my_first_package_msgs/srv/detail/multi_spawn__rosidl_typesupport_introspection_cpp.hpp
[3.445s] -- Up-to-date: /home/kdy/ros2_study/install/my_first_package_msgs/include/my_first_package_msgs/my_first_package_msgs/msg
[3.445s] -- Up-to-date: /home/kdy/ros2_study/install/my_first_package_msgs/include/my_first_package_msgs/my_first_package_msgs/msg/detail
[3.445s] -- Up-to-date: /home/kdy/ros2_study/install/my_first_package_msgs/include/my_first_package_msgs/my_first_package_msgs/msg/detail/cmd_and_pose_vel__rosidl_typesupport_introspection_cpp.hpp
[3.445s] -- Up-to-date: /home/kdy/ros2_study/install/my_first_package_msgs/include/my_first_package_msgs/my_first_package_msgs/msg/detail/cmd_and_pose_vel__type_support.cpp
[3.445s] -- Up-to-date: /home/kdy/ros2_study/install/my_first_package_msgs/include/my_first_package_msgs/my_first_package_msgs/action
[3.445s] -- Up-to-date: /home/kdy/ros2_study/install/my_first_package_msgs/include/my_first_package_msgs/my_first_package_msgs/action/detail
[3.445s] -- Installing: /home/kdy/ros2_study/install/my_first_package_msgs/include/my_first_package_msgs/my_first_package_msgs/action/detail/dist_turtle__type_support.cpp
[3.445s] -- Installing: /home/kdy/ros2_study/install/my_first_package_msgs/include/my_first_package_msgs/my_first_package_msgs/action/detail/dist_turtle__rosidl_typesupport_introspection_cpp.hpp
[3.445s] -- Installing: /home/kdy/ros2_study/install/my_first_package_msgs/lib/libmy_first_package_msgs__rosidl_typesupport_introspection_cpp.so
[3.445s] -- Set non-toolchain portion of runtime path of "/home/kdy/ros2_study/install/my_first_package_msgs/lib/libmy_first_package_msgs__rosidl_typesupport_introspection_cpp.so" to ""
[3.445s] -- Installing: /home/kdy/ros2_study/install/my_first_package_msgs/lib/libmy_first_package_msgs__rosidl_typesupport_cpp.so
[3.445s] -- Set non-toolchain portion of runtime path of "/home/kdy/ros2_study/install/my_first_package_msgs/lib/libmy_first_package_msgs__rosidl_typesupport_cpp.so" to ""
[3.445s] -- Up-to-date: /home/kdy/ros2_study/install/my_first_package_msgs/share/my_first_package_msgs/environment/pythonpath.sh
[3.446s] -- Up-to-date: /home/kdy/ros2_study/install/my_first_package_msgs/share/my_first_package_msgs/environment/pythonpath.dsv
[3.446s] -- Up-to-date: /home/kdy/ros2_study/install/my_first_package_msgs/lib/python3.12/site-packages/my_first_package_msgs-0.0.0-py3.12.egg-info
[3.446s] -- Installing: /home/kdy/ros2_study/install/my_first_package_msgs/lib/python3.12/site-packages/my_first_package_msgs-0.0.0-py3.12.egg-info/SOURCES.txt
[3.446s] -- Installing: /home/kdy/ros2_study/install/my_first_package_msgs/lib/python3.12/site-packages/my_first_package_msgs-0.0.0-py3.12.egg-info/dependency_links.txt
[3.446s] -- Installing: /home/kdy/ros2_study/install/my_first_package_msgs/lib/python3.12/site-packages/my_first_package_msgs-0.0.0-py3.12.egg-info/PKG-INFO
[3.446s] -- Installing: /home/kdy/ros2_study/install/my_first_package_msgs/lib/python3.12/site-packages/my_first_package_msgs-0.0.0-py3.12.egg-info/top_level.txt
[3.446s] -- Up-to-date: /home/kdy/ros2_study/install/my_first_package_msgs/lib/python3.12/site-packages/my_first_package_msgs
[3.446s] -- Up-to-date: /home/kdy/ros2_study/install/my_first_package_msgs/lib/python3.12/site-packages/my_first_package_msgs/srv
[3.446s] -- Up-to-date: /home/kdy/ros2_study/install/my_first_package_msgs/lib/python3.12/site-packages/my_first_package_msgs/srv/_multi_spawn.py
[3.446s] -- Up-to-date: /home/kdy/ros2_study/install/my_first_package_msgs/lib/python3.12/site-packages/my_first_package_msgs/srv/_multi_spawn_s.c
[3.446s] -- Up-to-date: /home/kdy/ros2_study/install/my_first_package_msgs/lib/python3.12/site-packages/my_first_package_msgs/srv/__init__.py
[3.446s] -- Installing: /home/kdy/ros2_study/install/my_first_package_msgs/lib/python3.12/site-packages/my_first_package_msgs/my_first_package_msgs_s__rosidl_typesupport_introspection_c.so
[3.446s] -- Installing: /home/kdy/ros2_study/install/my_first_package_msgs/lib/python3.12/site-packages/my_first_package_msgs/my_first_package_msgs_s__rosidl_typesupport_fastrtps_c.so
[3.446s] -- Up-to-date: /home/kdy/ros2_study/install/my_first_package_msgs/lib/python3.12/site-packages/my_first_package_msgs/msg
[3.446s] -- Up-to-date: /home/kdy/ros2_study/install/my_first_package_msgs/lib/python3.12/site-packages/my_first_package_msgs/msg/_cmd_and_pose_vel.py
[3.446s] -- Up-to-date: /home/kdy/ros2_study/install/my_first_package_msgs/lib/python3.12/site-packages/my_first_package_msgs/msg/__init__.py
[3.446s] -- Up-to-date: /home/kdy/ros2_study/install/my_first_package_msgs/lib/python3.12/site-packages/my_first_package_msgs/msg/_cmd_and_pose_vel_s.c
[3.446s] -- Up-to-date: /home/kdy/ros2_study/install/my_first_package_msgs/lib/python3.12/site-packages/my_first_package_msgs/_my_first_package_msgs_s.ep.rosidl_typesupport_c.c
[3.446s] -- Up-to-date: /home/kdy/ros2_study/install/my_first_package_msgs/lib/python3.12/site-packages/my_first_package_msgs/_my_first_package_msgs_s.ep.rosidl_typesupport_introspection_c.c
[3.446s] -- Up-to-date: /home/kdy/ros2_study/install/my_first_package_msgs/lib/python3.12/site-packages/my_first_package_msgs/action
[3.446s] -- Up-to-date: /home/kdy/ros2_study/install/my_first_package_msgs/lib/python3.12/site-packages/my_first_package_msgs/action/_dist_turtle.py
[3.446s] -- Up-to-date: /home/kdy/ros2_study/install/my_first_package_msgs/lib/python3.12/site-packages/my_first_package_msgs/action/_dist_turtle_s.c
[3.446s] -- Up-to-date: /home/kdy/ros2_study/install/my_first_package_msgs/lib/python3.12/site-packages/my_first_package_msgs/action/__init__.py
[3.446s] -- Installing: /home/kdy/ros2_study/install/my_first_package_msgs/lib/python3.12/site-packages/my_first_package_msgs/my_first_package_msgs_s__rosidl_typesupport_c.so
[3.446s] -- Installing: /home/kdy/ros2_study/install/my_first_package_msgs/lib/python3.12/site-packages/my_first_package_msgs/__init__.py
[3.447s] -- Up-to-date: /home/kdy/ros2_study/install/my_first_package_msgs/lib/python3.12/site-packages/my_first_package_msgs/_my_first_package_msgs_s.ep.rosidl_typesupport_fastrtps_c.c
[3.486s] Listing '/home/kdy/ros2_study/install/my_first_package_msgs/lib/python3.12/site-packages/my_first_package_msgs'...
[3.487s] Compiling '/home/kdy/ros2_study/install/my_first_package_msgs/lib/python3.12/site-packages/my_first_package_msgs/__init__.py'...
[3.487s] Listing '/home/kdy/ros2_study/install/my_first_package_msgs/lib/python3.12/site-packages/my_first_package_msgs/action'...
[3.487s] Compiling '/home/kdy/ros2_study/install/my_first_package_msgs/lib/python3.12/site-packages/my_first_package_msgs/action/__init__.py'...
[3.487s] Compiling '/home/kdy/ros2_study/install/my_first_package_msgs/lib/python3.12/site-packages/my_first_package_msgs/action/_dist_turtle.py'...
[3.487s] Listing '/home/kdy/ros2_study/install/my_first_package_msgs/lib/python3.12/site-packages/my_first_package_msgs/msg'...
[3.487s] Compiling '/home/kdy/ros2_study/install/my_first_package_msgs/lib/python3.12/site-packages/my_first_package_msgs/msg/__init__.py'...
[3.487s] Compiling '/home/kdy/ros2_study/install/my_first_package_msgs/lib/python3.12/site-packages/my_first_package_msgs/msg/_cmd_and_pose_vel.py'...
[3.487s] Listing '/home/kdy/ros2_study/install/my_first_package_msgs/lib/python3.12/site-packages/my_first_package_msgs/srv'...
[3.487s] Compiling '/home/kdy/ros2_study/install/my_first_package_msgs/lib/python3.12/site-packages/my_first_package_msgs/srv/__init__.py'...
[3.487s] Compiling '/home/kdy/ros2_study/install/my_first_package_msgs/lib/python3.12/site-packages/my_first_package_msgs/srv/_multi_spawn.py'...
[3.491s] -- Installing: /home/kdy/ros2_study/install/my_first_package_msgs/lib/python3.12/site-packages/my_first_package_msgs/my_first_package_msgs_s__rosidl_typesupport_fastrtps_c.so
[3.491s] -- Set non-toolchain portion of runtime path of "/home/kdy/ros2_study/install/my_first_package_msgs/lib/python3.12/site-packages/my_first_package_msgs/my_first_package_msgs_s__rosidl_typesupport_fastrtps_c.so" to ""
[3.491s] -- Installing: /home/kdy/ros2_study/install/my_first_package_msgs/lib/python3.12/site-packages/my_first_package_msgs/my_first_package_msgs_s__rosidl_typesupport_introspection_c.so
[3.491s] -- Set non-toolchain portion of runtime path of "/home/kdy/ros2_study/install/my_first_package_msgs/lib/python3.12/site-packages/my_first_package_msgs/my_first_package_msgs_s__rosidl_typesupport_introspection_c.so" to ""
[3.491s] -- Installing: /home/kdy/ros2_study/install/my_first_package_msgs/lib/python3.12/site-packages/my_first_package_msgs/my_first_package_msgs_s__rosidl_typesupport_c.so
[3.492s] -- Set non-toolchain portion of runtime path of "/home/kdy/ros2_study/install/my_first_package_msgs/lib/python3.12/site-packages/my_first_package_msgs/my_first_package_msgs_s__rosidl_typesupport_c.so" to ""
[3.492s] -- Installing: /home/kdy/ros2_study/install/my_first_package_msgs/lib/libmy_first_package_msgs__rosidl_generator_py.so
[3.492s] -- Set non-toolchain portion of runtime path of "/home/kdy/ros2_study/install/my_first_package_msgs/lib/libmy_first_package_msgs__rosidl_generator_py.so" to ""
[3.492s] -- Up-to-date: /home/kdy/ros2_study/install/my_first_package_msgs/share/my_first_package_msgs/msg/CmdAndPoseVel.idl
[3.492s] -- Up-to-date: /home/kdy/ros2_study/install/my_first_package_msgs/share/my_first_package_msgs/srv/MultiSpawn.idl
[3.492s] -- Up-to-date: /home/kdy/ros2_study/install/my_first_package_msgs/share/my_first_package_msgs/action/DistTurtle.idl
[3.492s] -- Up-to-date: /home/kdy/ros2_study/install/my_first_package_msgs/share/my_first_package_msgs/msg/CmdAndPoseVel.msg
[3.492s] -- Up-to-date: /home/kdy/ros2_study/install/my_first_package_msgs/share/my_first_package_msgs/srv/MultiSpawn.srv
[3.492s] -- Up-to-date: /home/kdy/ros2_study/install/my_first_package_msgs/share/my_first_package_msgs/action/DistTurtle.action
[3.492s] -- Up-to-date: /home/kdy/ros2_study/install/my_first_package_msgs/share/ament_index/resource_index/package_run_dependencies/my_first_package_msgs
[3.492s] -- Installing: /home/kdy/ros2_study/install/my_first_package_msgs/share/ament_index/resource_index/parent_prefix_path/my_first_package_msgs
[3.492s] -- Installing: /home/kdy/ros2_study/install/my_first_package_msgs/share/my_first_package_msgs/environment/ament_prefix_path.sh
[3.492s] -- Up-to-date: /home/kdy/ros2_study/install/my_first_package_msgs/share/my_first_package_msgs/environment/ament_prefix_path.dsv
[3.492s] -- Installing: /home/kdy/ros2_study/install/my_first_package_msgs/share/my_first_package_msgs/environment/path.sh
[3.493s] -- Up-to-date: /home/kdy/ros2_study/install/my_first_package_msgs/share/my_first_package_msgs/environment/path.dsv
[3.493s] -- Up-to-date: /home/kdy/ros2_study/install/my_first_package_msgs/share/my_first_package_msgs/local_setup.bash
[3.493s] -- Up-to-date: /home/kdy/ros2_study/install/my_first_package_msgs/share/my_first_package_msgs/local_setup.sh
[3.493s] -- Up-to-date: /home/kdy/ros2_study/install/my_first_package_msgs/share/my_first_package_msgs/local_setup.zsh
[3.493s] -- Up-to-date: /home/kdy/ros2_study/install/my_first_package_msgs/share/my_first_package_msgs/local_setup.dsv
[3.493s] -- Up-to-date: /home/kdy/ros2_study/install/my_first_package_msgs/share/my_first_package_msgs/package.dsv
[3.493s] -- Up-to-date: /home/kdy/ros2_study/install/my_first_package_msgs/share/ament_index/resource_index/packages/my_first_package_msgs
[3.493s] -- Up-to-date: /home/kdy/ros2_study/install/my_first_package_msgs/share/my_first_package_msgs/cmake/export_my_first_package_msgs__rosidl_generator_cExport.cmake
[3.493s] -- Up-to-date: /home/kdy/ros2_study/install/my_first_package_msgs/share/my_first_package_msgs/cmake/export_my_first_package_msgs__rosidl_generator_cExport-noconfig.cmake
[3.493s] -- Up-to-date: /home/kdy/ros2_study/install/my_first_package_msgs/share/my_first_package_msgs/cmake/export_my_first_package_msgs__rosidl_typesupport_fastrtps_cExport.cmake
[3.493s] -- Up-to-date: /home/kdy/ros2_study/install/my_first_package_msgs/share/my_first_package_msgs/cmake/export_my_first_package_msgs__rosidl_typesupport_fastrtps_cExport-noconfig.cmake
[3.493s] -- Up-to-date: /home/kdy/ros2_study/install/my_first_package_msgs/share/my_first_package_msgs/cmake/my_first_package_msgs__rosidl_typesupport_introspection_cExport.cmake
[3.493s] -- Up-to-date: /home/kdy/ros2_study/install/my_first_package_msgs/share/my_first_package_msgs/cmake/my_first_package_msgs__rosidl_typesupport_introspection_cExport-noconfig.cmake
[3.493s] -- Up-to-date: /home/kdy/ros2_study/install/my_first_package_msgs/share/my_first_package_msgs/cmake/my_first_package_msgs__rosidl_typesupport_cExport.cmake
[3.493s] -- Up-to-date: /home/kdy/ros2_study/install/my_first_package_msgs/share/my_first_package_msgs/cmake/my_first_package_msgs__rosidl_typesupport_cExport-noconfig.cmake
[3.493s] -- Up-to-date: /home/kdy/ros2_study/install/my_first_package_msgs/share/my_first_package_msgs/cmake/export_my_first_package_msgs__rosidl_generator_cppExport.cmake
[3.494s] -- Up-to-date: /home/kdy/ros2_study/install/my_first_package_msgs/share/my_first_package_msgs/cmake/export_my_first_package_msgs__rosidl_typesupport_fastrtps_cppExport.cmake
[3.494s] -- Up-to-date: /home/kdy/ros2_study/install/my_first_package_msgs/share/my_first_package_msgs/cmake/export_my_first_package_msgs__rosidl_typesupport_fastrtps_cppExport-noconfig.cmake
[3.494s] -- Up-to-date: /home/kdy/ros2_study/install/my_first_package_msgs/share/my_first_package_msgs/cmake/my_first_package_msgs__rosidl_typesupport_introspection_cppExport.cmake
[3.494s] -- Up-to-date: /home/kdy/ros2_study/install/my_first_package_msgs/share/my_first_package_msgs/cmake/my_first_package_msgs__rosidl_typesupport_introspection_cppExport-noconfig.cmake
[3.494s] -- Up-to-date: /home/kdy/ros2_study/install/my_first_package_msgs/share/my_first_package_msgs/cmake/my_first_package_msgs__rosidl_typesupport_cppExport.cmake
[3.494s] -- Up-to-date: /home/kdy/ros2_study/install/my_first_package_msgs/share/my_first_package_msgs/cmake/my_first_package_msgs__rosidl_typesupport_cppExport-noconfig.cmake
[3.494s] -- Up-to-date: /home/kdy/ros2_study/install/my_first_package_msgs/share/my_first_package_msgs/cmake/export_my_first_package_msgs__rosidl_generator_pyExport.cmake
[3.494s] -- Up-to-date: /home/kdy/ros2_study/install/my_first_package_msgs/share/my_first_package_msgs/cmake/export_my_first_package_msgs__rosidl_generator_pyExport-noconfig.cmake
[3.494s] -- Up-to-date: /home/kdy/ros2_study/install/my_first_package_msgs/share/my_first_package_msgs/cmake/rosidl_cmake-extras.cmake
[3.494s] -- Up-to-date: /home/kdy/ros2_study/install/my_first_package_msgs/share/my_first_package_msgs/cmake/ament_cmake_export_dependencies-extras.cmake
[3.494s] -- Up-to-date: /home/kdy/ros2_study/install/my_first_package_msgs/share/my_first_package_msgs/cmake/ament_cmake_export_include_directories-extras.cmake
[3.494s] -- Up-to-date: /home/kdy/ros2_study/install/my_first_package_msgs/share/my_first_package_msgs/cmake/ament_cmake_export_libraries-extras.cmake
[3.494s] -- Up-to-date: /home/kdy/ros2_study/install/my_first_package_msgs/share/my_first_package_msgs/cmake/ament_cmake_export_targets-extras.cmake
[3.494s] -- Up-to-date: /home/kdy/ros2_study/install/my_first_package_msgs/share/my_first_package_msgs/cmake/rosidl_cmake_export_typesupport_targets-extras.cmake
[3.494s] -- Up-to-date: /home/kdy/ros2_study/install/my_first_package_msgs/share/my_first_package_msgs/cmake/rosidl_cmake_export_typesupport_libraries-extras.cmake
[3.494s] -- Up-to-date: /home/kdy/ros2_study/install/my_first_package_msgs/share/my_first_package_msgs/cmake/my_first_package_msgsConfig.cmake
[3.494s] -- Up-to-date: /home/kdy/ros2_study/install/my_first_package_msgs/share/my_first_package_msgs/cmake/my_first_package_msgsConfig-version.cmake
[3.494s] -- Up-to-date: /home/kdy/ros2_study/install/my_first_package_msgs/share/my_first_package_msgs/package.xml
[3.496s] Invoked command in '/home/kdy/ros2_study/build/my_first_package_msgs' returned '0': CMAKE_PREFIX_PATH=${CMAKE_PREFIX_PATH}:/home/kdy/ros2_study/install/my_first_package_msgs:/home/kdy/ros2_study/install/my_first_package:/opt/ros/jazzy DEBUGINFOD_URLS=https://debuginfod.ubuntu.com /usr/bin/cmake --install /home/kdy/ros2_study/build/my_first_package_msgs
