[0.078s] DEBUG:colcon:Command line arguments: ['/usr/bin/colcon', 'build']
[0.078s] DEBUG:colcon:Parsed command line arguments: Namespace(log_base=None, log_level=None, verb_name='build', build_base='build', install_base='install', merge_install=False, symlink_install=False, test_result_base=None, continue_on_error=False, executor='parallel', parallel_workers=8, event_handlers=None, ignore_user_meta=False, metas=['./colcon.meta'], base_paths=['.'], packages_ignore=None, packages_ignore_regex=None, paths=None, packages_up_to=None, packages_up_to_regex=None, packages_above=None, packages_above_and_dependencies=None, packages_above_depth=None, packages_select_by_dep=None, packages_skip_by_dep=None, packages_skip_up_to=None, packages_select_build_failed=False, packages_skip_build_finished=False, packages_select_test_failures=False, packages_skip_test_passed=False, packages_select=None, packages_skip=None, packages_select_regex=None, packages_skip_regex=None, packages_start=None, packages_end=None, allow_overriding=[], cmake_args=None, cmake_target=None, cmake_target_skip_unavailable=False, cmake_clean_cache=False, cmake_clean_first=False, cmake_force_configure=False, ament_cmake_args=None, catkin_cmake_args=None, catkin_skip_building_tests=False, mixin_files=None, mixin=None, verb_parser=<colcon_mixin.mixin.mixin_argument.MixinArgumentDecorator object at 0x713337db50a0>, verb_extension=<colcon_core.verb.build.BuildVerb object at 0x713337db4dd0>, main=<bound method BuildVerb.main of <colcon_core.verb.build.BuildVerb object at 0x713337db4dd0>>, mixin_verb=('build',))
[0.105s] Level 1:colcon.colcon_core.package_discovery:discover_packages(colcon_meta) check parameters
[0.105s] Level 1:colcon.colcon_core.package_discovery:discover_packages(recursive) check parameters
[0.105s] Level 1:colcon.colcon_core.package_discovery:discover_packages(ignore) check parameters
[0.105s] Level 1:colcon.colcon_core.package_discovery:discover_packages(path) check parameters
[0.105s] Level 1:colcon.colcon_core.package_discovery:discover_packages(colcon_meta) discover
[0.105s] Level 1:colcon.colcon_core.package_discovery:discover_packages(recursive) discover
[0.105s] INFO:colcon.colcon_core.package_discovery:Crawling recursively for packages in '/home/kdy/ros2_study'
[0.105s] Level 1:colcon.colcon_core.package_identification:_identify(.) by extensions ['ignore', 'ignore_ament_install']
[0.105s] Level 1:colcon.colcon_core.package_identification:_identify(.) by extension 'ignore'
[0.105s] Level 1:colcon.colcon_core.package_identification:_identify(.) by extension 'ignore_ament_install'
[0.105s] Level 1:colcon.colcon_core.package_identification:_identify(.) by extensions ['colcon_pkg']
[0.105s] Level 1:colcon.colcon_core.package_identification:_identify(.) by extension 'colcon_pkg'
[0.105s] Level 1:colcon.colcon_core.package_identification:_identify(.) by extensions ['colcon_meta']
[0.105s] Level 1:colcon.colcon_core.package_identification:_identify(.) by extension 'colcon_meta'
[0.105s] Level 1:colcon.colcon_core.package_identification:_identify(.) by extensions ['ros']
[0.105s] Level 1:colcon.colcon_core.package_identification:_identify(.) by extension 'ros'
[0.126s] Level 1:colcon.colcon_core.package_identification:_identify(.) by extensions ['cmake', 'python']
[0.126s] Level 1:colcon.colcon_core.package_identification:_identify(.) by extension 'cmake'
[0.126s] Level 1:colcon.colcon_core.package_identification:_identify(.) by extension 'python'
[0.126s] Level 1:colcon.colcon_core.package_identification:_identify(.) by extensions ['python_setup_py']
[0.126s] Level 1:colcon.colcon_core.package_identification:_identify(.) by extension 'python_setup_py'
[0.126s] Level 1:colcon.colcon_core.package_identification:_identify(build) by extensions ['ignore', 'ignore_ament_install']
[0.126s] Level 1:colcon.colcon_core.package_identification:_identify(build) by extension 'ignore'
[0.126s] Level 1:colcon.colcon_core.package_identification:_identify(build) ignored
[0.126s] Level 1:colcon.colcon_core.package_identification:_identify(install) by extensions ['ignore', 'ignore_ament_install']
[0.127s] Level 1:colcon.colcon_core.package_identification:_identify(install) by extension 'ignore'
[0.127s] Level 1:colcon.colcon_core.package_identification:_identify(install) ignored
[0.127s] Level 1:colcon.colcon_core.package_identification:_identify(log) by extensions ['ignore', 'ignore_ament_install']
[0.127s] Level 1:colcon.colcon_core.package_identification:_identify(log) by extension 'ignore'
[0.127s] Level 1:colcon.colcon_core.package_identification:_identify(log) ignored
[0.127s] Level 1:colcon.colcon_core.package_identification:_identify(src) by extensions ['ignore', 'ignore_ament_install']
[0.127s] Level 1:colcon.colcon_core.package_identification:_identify(src) by extension 'ignore'
[0.127s] Level 1:colcon.colcon_core.package_identification:_identify(src) by extension 'ignore_ament_install'
[0.127s] Level 1:colcon.colcon_core.package_identification:_identify(src) by extensions ['colcon_pkg']
[0.127s] Level 1:colcon.colcon_core.package_identification:_identify(src) by extension 'colcon_pkg'
[0.127s] Level 1:colcon.colcon_core.package_identification:_identify(src) by extensions ['colcon_meta']
[0.127s] Level 1:colcon.colcon_core.package_identification:_identify(src) by extension 'colcon_meta'
[0.127s] Level 1:colcon.colcon_core.package_identification:_identify(src) by extensions ['ros']
[0.127s] Level 1:colcon.colcon_core.package_identification:_identify(src) by extension 'ros'
[0.127s] Level 1:colcon.colcon_core.package_identification:_identify(src) by extensions ['cmake', 'python']
[0.127s] Level 1:colcon.colcon_core.package_identification:_identify(src) by extension 'cmake'
[0.127s] Level 1:colcon.colcon_core.package_identification:_identify(src) by extension 'python'
[0.127s] Level 1:colcon.colcon_core.package_identification:_identify(src) by extensions ['python_setup_py']
[0.127s] Level 1:colcon.colcon_core.package_identification:_identify(src) by extension 'python_setup_py'
[0.127s] Level 1:colcon.colcon_core.package_identification:_identify(src/build) by extensions ['ignore', 'ignore_ament_install']
[0.127s] Level 1:colcon.colcon_core.package_identification:_identify(src/build) by extension 'ignore'
[0.127s] Level 1:colcon.colcon_core.package_identification:_identify(src/build) ignored
[0.127s] Level 1:colcon.colcon_core.package_identification:_identify(src/install) by extensions ['ignore', 'ignore_ament_install']
[0.127s] Level 1:colcon.colcon_core.package_identification:_identify(src/install) by extension 'ignore'
[0.127s] Level 1:colcon.colcon_core.package_identification:_identify(src/install) ignored
[0.127s] Level 1:colcon.colcon_core.package_identification:_identify(src/log) by extensions ['ignore', 'ignore_ament_install']
[0.127s] Level 1:colcon.colcon_core.package_identification:_identify(src/log) by extension 'ignore'
[0.127s] Level 1:colcon.colcon_core.package_identification:_identify(src/log) ignored
[0.127s] Level 1:colcon.colcon_core.package_identification:_identify(src/my_first_package) by extensions ['ignore', 'ignore_ament_install']
[0.127s] Level 1:colcon.colcon_core.package_identification:_identify(src/my_first_package) by extension 'ignore'
[0.127s] Level 1:colcon.colcon_core.package_identification:_identify(src/my_first_package) by extension 'ignore_ament_install'
[0.127s] Level 1:colcon.colcon_core.package_identification:_identify(src/my_first_package) by extensions ['colcon_pkg']
[0.128s] Level 1:colcon.colcon_core.package_identification:_identify(src/my_first_package) by extension 'colcon_pkg'
[0.128s] Level 1:colcon.colcon_core.package_identification:_identify(src/my_first_package) by extensions ['colcon_meta']
[0.128s] Level 1:colcon.colcon_core.package_identification:_identify(src/my_first_package) by extension 'colcon_meta'
[0.128s] Level 1:colcon.colcon_core.package_identification:_identify(src/my_first_package) by extensions ['ros']
[0.128s] Level 1:colcon.colcon_core.package_identification:_identify(src/my_first_package) by extension 'ros'
[0.129s] DEBUG:colcon.colcon_core.package_identification:Package 'src/my_first_package' with type 'ros.ament_python' and name 'my_first_package'
[0.129s] Level 1:colcon.colcon_core.package_identification:_identify(src/my_first_package_msgs) by extensions ['ignore', 'ignore_ament_install']
[0.130s] Level 1:colcon.colcon_core.package_identification:_identify(src/my_first_package_msgs) by extension 'ignore'
[0.130s] Level 1:colcon.colcon_core.package_identification:_identify(src/my_first_package_msgs) by extension 'ignore_ament_install'
[0.130s] Level 1:colcon.colcon_core.package_identification:_identify(src/my_first_package_msgs) by extensions ['colcon_pkg']
[0.130s] Level 1:colcon.colcon_core.package_identification:_identify(src/my_first_package_msgs) by extension 'colcon_pkg'
[0.130s] Level 1:colcon.colcon_core.package_identification:_identify(src/my_first_package_msgs) by extensions ['colcon_meta']
[0.130s] Level 1:colcon.colcon_core.package_identification:_identify(src/my_first_package_msgs) by extension 'colcon_meta'
[0.130s] Level 1:colcon.colcon_core.package_identification:_identify(src/my_first_package_msgs) by extensions ['ros']
[0.130s] Level 1:colcon.colcon_core.package_identification:_identify(src/my_first_package_msgs) by extension 'ros'
[0.130s] DEBUG:colcon.colcon_core.package_identification:Package 'src/my_first_package_msgs' with type 'ros.ament_cmake' and name 'my_first_package_msgs'
[0.130s] Level 1:colcon.colcon_core.package_discovery:discover_packages(recursive) using defaults
[0.130s] Level 1:colcon.colcon_core.package_discovery:discover_packages(ignore) discover
[0.130s] Level 1:colcon.colcon_core.package_discovery:discover_packages(ignore) using defaults
[0.130s] Level 1:colcon.colcon_core.package_discovery:discover_packages(path) discover
[0.130s] Level 1:colcon.colcon_core.package_discovery:discover_packages(path) using defaults
[0.143s] Level 1:colcon.colcon_core.package_discovery:discover_packages(prefix_path) check parameters
[0.143s] Level 1:colcon.colcon_core.package_discovery:discover_packages(prefix_path) discover
[0.144s] WARNING:colcon.colcon_core.prefix_path.colcon:The path '/home/kdy/ros2_study_sj/install' in the environment variable COLCON_PREFIX_PATH doesn't exist
[0.144s] WARNING:colcon.colcon_ros.prefix_path.ament:The path '/home/kdy/ros2_study_sj/install/my_first_package_msgs' in the environment variable AMENT_PREFIX_PATH doesn't exist
[0.144s] WARNING:colcon.colcon_ros.prefix_path.ament:The path '/home/kdy/ros2_study_sj/install/my_first_package' in the environment variable AMENT_PREFIX_PATH doesn't exist
[0.144s] WARNING:colcon.colcon_ros.prefix_path.catkin:The path '/home/kdy/ros2_study_sj/install/my_first_package_msgs' in the environment variable CMAKE_PREFIX_PATH doesn't exist
[0.145s] DEBUG:colcon.colcon_installed_package_information.package_discovery:Found 2 installed packages in /home/kdy/ros2_study/install
[0.146s] DEBUG:colcon.colcon_installed_package_information.package_discovery:Found 285 installed packages in /opt/ros/jazzy
[0.147s] Level 1:colcon.colcon_core.package_discovery:discover_packages(prefix_path) using defaults
[0.175s] Level 5:colcon.colcon_core.verb:set package 'my_first_package' build argument 'cmake_args' from command line to 'None'
[0.175s] Level 5:colcon.colcon_core.verb:set package 'my_first_package' build argument 'cmake_target' from command line to 'None'
[0.175s] Level 5:colcon.colcon_core.verb:set package 'my_first_package' build argument 'cmake_target_skip_unavailable' from command line to 'False'
[0.175s] Level 5:colcon.colcon_core.verb:set package 'my_first_package' build argument 'cmake_clean_cache' from command line to 'False'
[0.175s] Level 5:colcon.colcon_core.verb:set package 'my_first_package' build argument 'cmake_clean_first' from command line to 'False'
[0.175s] Level 5:colcon.colcon_core.verb:set package 'my_first_package' build argument 'cmake_force_configure' from command line to 'False'
[0.175s] Level 5:colcon.colcon_core.verb:set package 'my_first_package' build argument 'ament_cmake_args' from command line to 'None'
[0.175s] Level 5:colcon.colcon_core.verb:set package 'my_first_package' build argument 'catkin_cmake_args' from command line to 'None'
[0.175s] Level 5:colcon.colcon_core.verb:set package 'my_first_package' build argument 'catkin_skip_building_tests' from command line to 'False'
[0.175s] DEBUG:colcon.colcon_core.verb:Building package 'my_first_package' with the following arguments: {'ament_cmake_args': None, 'build_base': '/home/kdy/ros2_study/build/my_first_package', 'catkin_cmake_args': None, 'catkin_skip_building_tests': False, 'cmake_args': None, 'cmake_clean_cache': False, 'cmake_clean_first': False, 'cmake_force_configure': False, 'cmake_target': None, 'cmake_target_skip_unavailable': False, 'install_base': '/home/kdy/ros2_study/install/my_first_package', 'merge_install': False, 'path': '/home/kdy/ros2_study/src/my_first_package', 'symlink_install': False, 'test_result_base': None}
[0.175s] Level 5:colcon.colcon_core.verb:set package 'my_first_package_msgs' build argument 'cmake_args' from command line to 'None'
[0.175s] Level 5:colcon.colcon_core.verb:set package 'my_first_package_msgs' build argument 'cmake_target' from command line to 'None'
[0.175s] Level 5:colcon.colcon_core.verb:set package 'my_first_package_msgs' build argument 'cmake_target_skip_unavailable' from command line to 'False'
[0.175s] Level 5:colcon.colcon_core.verb:set package 'my_first_package_msgs' build argument 'cmake_clean_cache' from command line to 'False'
[0.175s] Level 5:colcon.colcon_core.verb:set package 'my_first_package_msgs' build argument 'cmake_clean_first' from command line to 'False'
[0.175s] Level 5:colcon.colcon_core.verb:set package 'my_first_package_msgs' build argument 'cmake_force_configure' from command line to 'False'
[0.175s] Level 5:colcon.colcon_core.verb:set package 'my_first_package_msgs' build argument 'ament_cmake_args' from command line to 'None'
[0.175s] Level 5:colcon.colcon_core.verb:set package 'my_first_package_msgs' build argument 'catkin_cmake_args' from command line to 'None'
[0.175s] Level 5:colcon.colcon_core.verb:set package 'my_first_package_msgs' build argument 'catkin_skip_building_tests' from command line to 'False'
[0.175s] DEBUG:colcon.colcon_core.verb:Building package 'my_first_package_msgs' with the following arguments: {'ament_cmake_args': None, 'build_base': '/home/kdy/ros2_study/build/my_first_package_msgs', 'catkin_cmake_args': None, 'catkin_skip_building_tests': False, 'cmake_args': None, 'cmake_clean_cache': False, 'cmake_clean_first': False, 'cmake_force_configure': False, 'cmake_target': None, 'cmake_target_skip_unavailable': False, 'install_base': '/home/kdy/ros2_study/install/my_first_package_msgs', 'merge_install': False, 'path': '/home/kdy/ros2_study/src/my_first_package_msgs', 'symlink_install': False, 'test_result_base': None}
[0.175s] INFO:colcon.colcon_core.executor:Executing jobs using 'parallel' executor
[0.176s] DEBUG:colcon.colcon_parallel_executor.executor.parallel:run_until_complete
[0.176s] INFO:colcon.colcon_ros.task.ament_python.build:Building ROS package in '/home/kdy/ros2_study/src/my_first_package' with build type 'ament_python'
[0.177s] Level 1:colcon.colcon_core.shell:create_environment_hook('my_first_package', 'ament_prefix_path')
[0.178s] INFO:colcon.colcon_core.plugin_system:Skipping extension 'colcon_core.shell.bat': Not used on non-Windows systems
[0.178s] INFO:colcon.colcon_core.shell:Creating environment hook '/home/kdy/ros2_study/install/my_first_package/share/my_first_package/hook/ament_prefix_path.ps1'
[0.178s] INFO:colcon.colcon_core.shell:Creating environment descriptor '/home/kdy/ros2_study/install/my_first_package/share/my_first_package/hook/ament_prefix_path.dsv'
[0.179s] INFO:colcon.colcon_core.shell:Creating environment hook '/home/kdy/ros2_study/install/my_first_package/share/my_first_package/hook/ament_prefix_path.sh'
[0.179s] INFO:colcon.colcon_core.shell:Skip shell extension 'powershell' for command environment: Not usable outside of PowerShell
[0.179s] DEBUG:colcon.colcon_core.shell:Skip shell extension 'dsv' for command environment
[0.182s] INFO:colcon.colcon_ros.task.ament_cmake.build:Building ROS package in '/home/kdy/ros2_study/src/my_first_package_msgs' with build type 'ament_cmake'
[0.182s] INFO:colcon.colcon_cmake.task.cmake.build:Building CMake package in '/home/kdy/ros2_study/src/my_first_package_msgs'
[0.182s] INFO:colcon.colcon_core.shell:Skip shell extension 'powershell' for command environment: Not usable outside of PowerShell
[0.182s] DEBUG:colcon.colcon_core.shell:Skip shell extension 'dsv' for command environment
[0.351s] INFO:colcon.colcon_core.task.python.build:Building Python package in '/home/kdy/ros2_study/src/my_first_package'
[0.351s] INFO:colcon.colcon_core.shell:Skip shell extension 'powershell' for command environment: Not usable outside of PowerShell
[0.351s] DEBUG:colcon.colcon_core.shell:Skip shell extension 'dsv' for command environment
[0.356s] DEBUG:colcon.colcon_core.event_handler.log_command:Invoking command in '/home/kdy/ros2_study/build/my_first_package_msgs': CMAKE_PREFIX_PATH=${CMAKE_PREFIX_PATH}:/home/kdy/ros2_study_sj/install/my_first_package:/home/kdy/ros2_study/install/my_first_package:/opt/ros/jazzy DEBUGINFOD_URLS=https://debuginfod.ubuntu.com /usr/bin/cmake --build /home/kdy/ros2_study/build/my_first_package_msgs -- -j8 -l8
[0.827s] DEBUG:colcon.colcon_core.event_handler.log_command:Invoking command in '/home/kdy/ros2_study/src/my_first_package': DEBUGINFOD_URLS=https://debuginfod.ubuntu.com PYTHONPATH=/home/kdy/ros2_study/build/my_first_package/prefix_override:/usr/lib/python3/dist-packages/colcon_core/task/python/colcon_distutils_commands:/home/kdy/ros2_study/install/my_first_package/lib/python3.12/site-packages:${PYTHONPATH} /usr/bin/python3 -W ignore:setup.py install is deprecated -W ignore:easy_install command is deprecated setup.py egg_info --egg-base ../../build/my_first_package build --build-base /home/kdy/ros2_study/build/my_first_package/build install --record /home/kdy/ros2_study/build/my_first_package/install.log --single-version-externally-managed install_data
[1.286s] DEBUG:colcon.colcon_core.event_handler.log_command:Invoked command in '/home/kdy/ros2_study/src/my_first_package' returned '0': DEBUGINFOD_URLS=https://debuginfod.ubuntu.com PYTHONPATH=/home/kdy/ros2_study/build/my_first_package/prefix_override:/usr/lib/python3/dist-packages/colcon_core/task/python/colcon_distutils_commands:/home/kdy/ros2_study/install/my_first_package/lib/python3.12/site-packages:${PYTHONPATH} /usr/bin/python3 -W ignore:setup.py install is deprecated -W ignore:easy_install command is deprecated setup.py egg_info --egg-base ../../build/my_first_package build --build-base /home/kdy/ros2_study/build/my_first_package/build install --record /home/kdy/ros2_study/build/my_first_package/install.log --single-version-externally-managed install_data
[1.287s] Level 1:colcon.colcon_core.environment:checking '/home/kdy/ros2_study/install/my_first_package' for CMake module files
[1.288s] Level 1:colcon.colcon_core.environment:checking '/home/kdy/ros2_study/install/my_first_package' for CMake config files
[1.288s] Level 1:colcon.colcon_core.environment:checking '/home/kdy/ros2_study/install/my_first_package/lib'
[1.288s] Level 1:colcon.colcon_core.environment:checking '/home/kdy/ros2_study/install/my_first_package/bin'
[1.288s] Level 1:colcon.colcon_core.environment:checking '/home/kdy/ros2_study/install/my_first_package/lib/pkgconfig/my_first_package.pc'
[1.289s] Level 1:colcon.colcon_core.environment:checking '/home/kdy/ros2_study/install/my_first_package/lib/python3.12/site-packages'
[1.289s] Level 1:colcon.colcon_core.shell:create_environment_hook('my_first_package', 'pythonpath')
[1.289s] INFO:colcon.colcon_core.shell:Creating environment hook '/home/kdy/ros2_study/install/my_first_package/share/my_first_package/hook/pythonpath.ps1'
[1.290s] INFO:colcon.colcon_core.shell:Creating environment descriptor '/home/kdy/ros2_study/install/my_first_package/share/my_first_package/hook/pythonpath.dsv'
[1.290s] INFO:colcon.colcon_core.shell:Creating environment hook '/home/kdy/ros2_study/install/my_first_package/share/my_first_package/hook/pythonpath.sh'
[1.290s] Level 1:colcon.colcon_core.environment:checking '/home/kdy/ros2_study/install/my_first_package/bin'
[1.290s] Level 1:colcon.colcon_core.environment:create_environment_scripts_only(my_first_package)
[1.291s] INFO:colcon.colcon_core.shell:Creating package script '/home/kdy/ros2_study/install/my_first_package/share/my_first_package/package.ps1'
[1.291s] INFO:colcon.colcon_core.shell:Creating package descriptor '/home/kdy/ros2_study/install/my_first_package/share/my_first_package/package.dsv'
[1.291s] INFO:colcon.colcon_core.shell:Creating package script '/home/kdy/ros2_study/install/my_first_package/share/my_first_package/package.sh'
[1.292s] INFO:colcon.colcon_core.shell:Creating package script '/home/kdy/ros2_study/install/my_first_package/share/my_first_package/package.bash'
[1.292s] INFO:colcon.colcon_core.shell:Creating package script '/home/kdy/ros2_study/install/my_first_package/share/my_first_package/package.zsh'
[1.293s] Level 1:colcon.colcon_core.environment:create_file_with_runtime_dependencies(/home/kdy/ros2_study/install/my_first_package/share/colcon-core/packages/my_first_package)
[4.904s] DEBUG:colcon.colcon_core.event_handler.log_command:Invoked command in '/home/kdy/ros2_study/build/my_first_package_msgs' returned '0': CMAKE_PREFIX_PATH=${CMAKE_PREFIX_PATH}:/home/kdy/ros2_study_sj/install/my_first_package:/home/kdy/ros2_study/install/my_first_package:/opt/ros/jazzy DEBUGINFOD_URLS=https://debuginfod.ubuntu.com /usr/bin/cmake --build /home/kdy/ros2_study/build/my_first_package_msgs -- -j8 -l8
[4.912s] DEBUG:colcon.colcon_core.event_handler.log_command:Invoking command in '/home/kdy/ros2_study/build/my_first_package_msgs': CMAKE_PREFIX_PATH=${CMAKE_PREFIX_PATH}:/home/kdy/ros2_study_sj/install/my_first_package:/home/kdy/ros2_study/install/my_first_package:/opt/ros/jazzy DEBUGINFOD_URLS=https://debuginfod.ubuntu.com /usr/bin/cmake --install /home/kdy/ros2_study/build/my_first_package_msgs
[4.977s] Level 1:colcon.colcon_core.environment:create_environment_scripts_only(my_first_package_msgs)
[4.977s] Level 1:colcon.colcon_core.environment:checking '/home/kdy/ros2_study/install/my_first_package_msgs' for CMake module files
[4.977s] DEBUG:colcon.colcon_core.event_handler.log_command:Invoked command in '/home/kdy/ros2_study/build/my_first_package_msgs' returned '0': CMAKE_PREFIX_PATH=${CMAKE_PREFIX_PATH}:/home/kdy/ros2_study_sj/install/my_first_package:/home/kdy/ros2_study/install/my_first_package:/opt/ros/jazzy DEBUGINFOD_URLS=https://debuginfod.ubuntu.com /usr/bin/cmake --install /home/kdy/ros2_study/build/my_first_package_msgs
[4.978s] Level 1:colcon.colcon_core.environment:checking '/home/kdy/ros2_study/install/my_first_package_msgs' for CMake config files
[4.978s] Level 1:colcon.colcon_core.shell:create_environment_hook('my_first_package_msgs', 'cmake_prefix_path')
[4.978s] INFO:colcon.colcon_core.shell:Creating environment hook '/home/kdy/ros2_study/install/my_first_package_msgs/share/my_first_package_msgs/hook/cmake_prefix_path.ps1'
[4.979s] INFO:colcon.colcon_core.shell:Creating environment descriptor '/home/kdy/ros2_study/install/my_first_package_msgs/share/my_first_package_msgs/hook/cmake_prefix_path.dsv'
[4.979s] INFO:colcon.colcon_core.shell:Creating environment hook '/home/kdy/ros2_study/install/my_first_package_msgs/share/my_first_package_msgs/hook/cmake_prefix_path.sh'
[4.979s] Level 1:colcon.colcon_core.environment:checking '/home/kdy/ros2_study/install/my_first_package_msgs/lib'
[4.979s] Level 1:colcon.colcon_core.shell:create_environment_hook('my_first_package_msgs', 'ld_library_path_lib')
[4.979s] INFO:colcon.colcon_core.shell:Creating environment hook '/home/kdy/ros2_study/install/my_first_package_msgs/share/my_first_package_msgs/hook/ld_library_path_lib.ps1'
[4.980s] INFO:colcon.colcon_core.shell:Creating environment descriptor '/home/kdy/ros2_study/install/my_first_package_msgs/share/my_first_package_msgs/hook/ld_library_path_lib.dsv'
[4.980s] INFO:colcon.colcon_core.shell:Creating environment hook '/home/kdy/ros2_study/install/my_first_package_msgs/share/my_first_package_msgs/hook/ld_library_path_lib.sh'
[4.980s] Level 1:colcon.colcon_core.environment:checking '/home/kdy/ros2_study/install/my_first_package_msgs/bin'
[4.980s] Level 1:colcon.colcon_core.environment:checking '/home/kdy/ros2_study/install/my_first_package_msgs/lib/pkgconfig/my_first_package_msgs.pc'
[4.980s] Level 1:colcon.colcon_core.environment:checking '/home/kdy/ros2_study/install/my_first_package_msgs/lib/python3.12/site-packages'
[4.980s] Level 1:colcon.colcon_core.shell:create_environment_hook('my_first_package_msgs', 'pythonpath')
[4.980s] INFO:colcon.colcon_core.shell:Creating environment hook '/home/kdy/ros2_study/install/my_first_package_msgs/share/my_first_package_msgs/hook/pythonpath.ps1'
[4.981s] INFO:colcon.colcon_core.shell:Creating environment descriptor '/home/kdy/ros2_study/install/my_first_package_msgs/share/my_first_package_msgs/hook/pythonpath.dsv'
[4.981s] INFO:colcon.colcon_core.shell:Creating environment hook '/home/kdy/ros2_study/install/my_first_package_msgs/share/my_first_package_msgs/hook/pythonpath.sh'
[4.981s] Level 1:colcon.colcon_core.environment:checking '/home/kdy/ros2_study/install/my_first_package_msgs/bin'
[4.981s] INFO:colcon.colcon_core.shell:Creating package script '/home/kdy/ros2_study/install/my_first_package_msgs/share/my_first_package_msgs/package.ps1'
[4.982s] INFO:colcon.colcon_core.shell:Creating package descriptor '/home/kdy/ros2_study/install/my_first_package_msgs/share/my_first_package_msgs/package.dsv'
[4.982s] INFO:colcon.colcon_core.shell:Creating package script '/home/kdy/ros2_study/install/my_first_package_msgs/share/my_first_package_msgs/package.sh'
[4.982s] INFO:colcon.colcon_core.shell:Creating package script '/home/kdy/ros2_study/install/my_first_package_msgs/share/my_first_package_msgs/package.bash'
[4.983s] INFO:colcon.colcon_core.shell:Creating package script '/home/kdy/ros2_study/install/my_first_package_msgs/share/my_first_package_msgs/package.zsh'
[4.983s] Level 1:colcon.colcon_core.environment:create_file_with_runtime_dependencies(/home/kdy/ros2_study/install/my_first_package_msgs/share/colcon-core/packages/my_first_package_msgs)
[4.983s] Level 1:colcon.colcon_core.environment:create_environment_scripts_only(my_first_package_msgs)
[4.983s] Level 1:colcon.colcon_core.environment:checking '/home/kdy/ros2_study/install/my_first_package_msgs' for CMake module files
[4.984s] Level 1:colcon.colcon_core.environment:checking '/home/kdy/ros2_study/install/my_first_package_msgs' for CMake config files
[4.984s] Level 1:colcon.colcon_core.shell:create_environment_hook('my_first_package_msgs', 'cmake_prefix_path')
[4.984s] INFO:colcon.colcon_core.shell:Creating environment hook '/home/kdy/ros2_study/install/my_first_package_msgs/share/my_first_package_msgs/hook/cmake_prefix_path.ps1'
[4.984s] INFO:colcon.colcon_core.shell:Creating environment descriptor '/home/kdy/ros2_study/install/my_first_package_msgs/share/my_first_package_msgs/hook/cmake_prefix_path.dsv'
[4.985s] INFO:colcon.colcon_core.shell:Creating environment hook '/home/kdy/ros2_study/install/my_first_package_msgs/share/my_first_package_msgs/hook/cmake_prefix_path.sh'
[4.985s] Level 1:colcon.colcon_core.environment:checking '/home/kdy/ros2_study/install/my_first_package_msgs/lib'
[4.987s] Level 1:colcon.colcon_core.shell:create_environment_hook('my_first_package_msgs', 'ld_library_path_lib')
[4.987s] INFO:colcon.colcon_core.shell:Creating environment hook '/home/kdy/ros2_study/install/my_first_package_msgs/share/my_first_package_msgs/hook/ld_library_path_lib.ps1'
[4.988s] INFO:colcon.colcon_core.shell:Creating environment descriptor '/home/kdy/ros2_study/install/my_first_package_msgs/share/my_first_package_msgs/hook/ld_library_path_lib.dsv'
[4.988s] INFO:colcon.colcon_core.shell:Creating environment hook '/home/kdy/ros2_study/install/my_first_package_msgs/share/my_first_package_msgs/hook/ld_library_path_lib.sh'
[4.989s] Level 1:colcon.colcon_core.environment:checking '/home/kdy/ros2_study/install/my_first_package_msgs/bin'
[4.989s] Level 1:colcon.colcon_core.environment:checking '/home/kdy/ros2_study/install/my_first_package_msgs/lib/pkgconfig/my_first_package_msgs.pc'
[4.989s] Level 1:colcon.colcon_core.environment:checking '/home/kdy/ros2_study/install/my_first_package_msgs/lib/python3.12/site-packages'
[4.989s] Level 1:colcon.colcon_core.shell:create_environment_hook('my_first_package_msgs', 'pythonpath')
[4.989s] INFO:colcon.colcon_core.shell:Creating environment hook '/home/kdy/ros2_study/install/my_first_package_msgs/share/my_first_package_msgs/hook/pythonpath.ps1'
[4.989s] INFO:colcon.colcon_core.shell:Creating environment descriptor '/home/kdy/ros2_study/install/my_first_package_msgs/share/my_first_package_msgs/hook/pythonpath.dsv'
[4.989s] INFO:colcon.colcon_core.shell:Creating environment hook '/home/kdy/ros2_study/install/my_first_package_msgs/share/my_first_package_msgs/hook/pythonpath.sh'
[4.990s] Level 1:colcon.colcon_core.environment:checking '/home/kdy/ros2_study/install/my_first_package_msgs/bin'
[4.990s] INFO:colcon.colcon_core.shell:Creating package script '/home/kdy/ros2_study/install/my_first_package_msgs/share/my_first_package_msgs/package.ps1'
[4.990s] INFO:colcon.colcon_core.shell:Creating package descriptor '/home/kdy/ros2_study/install/my_first_package_msgs/share/my_first_package_msgs/package.dsv'
[4.991s] INFO:colcon.colcon_core.shell:Creating package script '/home/kdy/ros2_study/install/my_first_package_msgs/share/my_first_package_msgs/package.sh'
[4.991s] INFO:colcon.colcon_core.shell:Creating package script '/home/kdy/ros2_study/install/my_first_package_msgs/share/my_first_package_msgs/package.bash'
[4.992s] INFO:colcon.colcon_core.shell:Creating package script '/home/kdy/ros2_study/install/my_first_package_msgs/share/my_first_package_msgs/package.zsh'
[4.992s] Level 1:colcon.colcon_core.environment:create_file_with_runtime_dependencies(/home/kdy/ros2_study/install/my_first_package_msgs/share/colcon-core/packages/my_first_package_msgs)
[4.992s] DEBUG:colcon.colcon_parallel_executor.executor.parallel:closing loop
[4.993s] DEBUG:colcon.colcon_parallel_executor.executor.parallel:loop closed
[4.993s] DEBUG:colcon.colcon_parallel_executor.executor.parallel:run_until_complete finished with '0'
[4.993s] DEBUG:colcon.colcon_core.event_reactor:joining thread
[4.997s] INFO:colcon.colcon_core.plugin_system:Skipping extension 'colcon_notification.desktop_notification.terminal_notifier': Not used on non-Darwin systems
[4.997s] INFO:colcon.colcon_core.plugin_system:Skipping extension 'colcon_notification.desktop_notification.win32': Not used on non-Windows systems
[4.997s] INFO:colcon.colcon_notification.desktop_notification:Sending desktop notification using 'notify2'
[5.009s] DEBUG:colcon.colcon_core.event_reactor:joined thread
[5.009s] INFO:colcon.colcon_core.shell:Creating prefix script '/home/kdy/ros2_study/install/local_setup.ps1'
[5.010s] INFO:colcon.colcon_core.shell:Creating prefix util module '/home/kdy/ros2_study/install/_local_setup_util_ps1.py'
[5.011s] INFO:colcon.colcon_core.shell:Creating prefix chain script '/home/kdy/ros2_study/install/setup.ps1'
[5.012s] INFO:colcon.colcon_core.shell:Creating prefix script '/home/kdy/ros2_study/install/local_setup.sh'
[5.012s] INFO:colcon.colcon_core.shell:Creating prefix util module '/home/kdy/ros2_study/install/_local_setup_util_sh.py'
[5.012s] INFO:colcon.colcon_core.shell:Creating prefix chain script '/home/kdy/ros2_study/install/setup.sh'
[5.013s] INFO:colcon.colcon_core.shell:Creating prefix script '/home/kdy/ros2_study/install/local_setup.bash'
[5.013s] INFO:colcon.colcon_core.shell:Creating prefix chain script '/home/kdy/ros2_study/install/setup.bash'
[5.014s] INFO:colcon.colcon_core.shell:Creating prefix script '/home/kdy/ros2_study/install/local_setup.zsh'
[5.014s] INFO:colcon.colcon_core.shell:Creating prefix chain script '/home/kdy/ros2_study/install/setup.zsh'
