[0.663s] Invoking command in '/home/kdy/sj_ros2/src/my_first_package': DEBUGINFOD_URLS=https://debuginfod.ubuntu.com PYTHONPATH=/home/kdy/sj_ros2/build/my_first_package/prefix_override:/usr/lib/python3/dist-packages/colcon_core/task/python/colcon_distutils_commands:/home/kdy/sj_ros2/install/my_first_package/lib/python3.12/site-packages:${PYTHONPATH} /usr/bin/python3 -W ignore:setup.py install is deprecated -W ignore:easy_install command is deprecated setup.py egg_info --egg-base ../../build/my_first_package build --build-base /home/kdy/sj_ros2/build/my_first_package/build install --record /home/kdy/sj_ros2/build/my_first_package/install.log --single-version-externally-managed install_data
[0.897s] running egg_info
[0.897s] creating ../../build/my_first_package/my_first_package.egg-info
[0.912s] writing ../../build/my_first_package/my_first_package.egg-info/PKG-INFO
[0.912s] writing dependency_links to ../../build/my_first_package/my_first_package.egg-info/dependency_links.txt
[0.912s] writing entry points to ../../build/my_first_package/my_first_package.egg-info/entry_points.txt
[0.912s] writing requirements to ../../build/my_first_package/my_first_package.egg-info/requires.txt
[0.912s] writing top-level names to ../../build/my_first_package/my_first_package.egg-info/top_level.txt
[0.913s] writing manifest file '../../build/my_first_package/my_first_package.egg-info/SOURCES.txt'
[0.949s] reading manifest file '../../build/my_first_package/my_first_package.egg-info/SOURCES.txt'
[0.949s] writing manifest file '../../build/my_first_package/my_first_package.egg-info/SOURCES.txt'
[0.949s] running build
[0.949s] running build_py
[0.949s] creating /home/kdy/sj_ros2/build/my_first_package/build
[0.949s] creating /home/kdy/sj_ros2/build/my_first_package/build/lib
[0.949s] creating /home/kdy/sj_ros2/build/my_first_package/build/lib/my_first_package
[0.950s] copying my_first_package/turtle_cmd_and_pose.py -> /home/kdy/sj_ros2/build/my_first_package/build/lib/my_first_package
[0.950s] copying my_first_package/my_service_server.py -> /home/kdy/sj_ros2/build/my_first_package/build/lib/my_first_package
[0.950s] copying my_first_package/my_multi_thread.py -> /home/kdy/sj_ros2/build/my_first_package/build/lib/my_first_package
[0.950s] copying my_first_package/dist_turtle_action_server.py -> /home/kdy/sj_ros2/build/my_first_package/build/lib/my_first_package
[0.950s] copying my_first_package/my_publisher.py -> /home/kdy/sj_ros2/build/my_first_package/build/lib/my_first_package
[0.950s] copying my_first_package/my_subscriber.py -> /home/kdy/sj_ros2/build/my_first_package/build/lib/my_first_package
[0.950s] copying my_first_package/__init__.py -> /home/kdy/sj_ros2/build/my_first_package/build/lib/my_first_package
[0.950s] copying my_first_package/my_first_node.py -> /home/kdy/sj_ros2/build/my_first_package/build/lib/my_first_package
[0.950s] running install
[0.955s] running install_lib
[0.973s] running install_data
[0.973s] running install_egg_info
[0.990s] removing '/home/kdy/sj_ros2/install/my_first_package/lib/python3.12/site-packages/my_first_package-0.0.0-py3.12.egg-info' (and everything under it)
[0.990s] Copying ../../build/my_first_package/my_first_package.egg-info to /home/kdy/sj_ros2/install/my_first_package/lib/python3.12/site-packages/my_first_package-0.0.0-py3.12.egg-info
[0.991s] running install_scripts
[1.098s] Installing dist_turtle_action_server script to /home/kdy/sj_ros2/install/my_first_package/lib/my_first_package
[1.098s] Installing my_first_node script to /home/kdy/sj_ros2/install/my_first_package/lib/my_first_package
[1.098s] Installing my_multi_thread script to /home/kdy/sj_ros2/install/my_first_package/lib/my_first_package
[1.098s] Installing my_publisher script to /home/kdy/sj_ros2/install/my_first_package/lib/my_first_package
[1.098s] Installing my_service_server script to /home/kdy/sj_ros2/install/my_first_package/lib/my_first_package
[1.098s] Installing my_subscriber script to /home/kdy/sj_ros2/install/my_first_package/lib/my_first_package
[1.098s] Installing turtle_cmd_and_pose script to /home/kdy/sj_ros2/install/my_first_package/lib/my_first_package
[1.098s] writing list of installed files to '/home/kdy/sj_ros2/build/my_first_package/install.log'
[1.123s] Invoked command in '/home/kdy/sj_ros2/src/my_first_package' returned '0': DEBUGINFOD_URLS=https://debuginfod.ubuntu.com PYTHONPATH=/home/kdy/sj_ros2/build/my_first_package/prefix_override:/usr/lib/python3/dist-packages/colcon_core/task/python/colcon_distutils_commands:/home/kdy/sj_ros2/install/my_first_package/lib/python3.12/site-packages:${PYTHONPATH} /usr/bin/python3 -W ignore:setup.py install is deprecated -W ignore:easy_install command is deprecated setup.py egg_info --egg-base ../../build/my_first_package build --build-base /home/kdy/sj_ros2/build/my_first_package/build install --record /home/kdy/sj_ros2/build/my_first_package/install.log --single-version-externally-managed install_data
