[0.009s] Invoking command in '/home/kdy/ros2_study/my_first_package_msgs/build/my_first_package_msgs': CMAKE_PREFIX_PATH=${CMAKE_PREFIX_PATH}:/home/kdy/ros2_study/install/my_first_package:/opt/ros/jazzy DEBUGINFOD_URLS=https://debuginfod.ubuntu.com /usr/bin/cmake /home/kdy/ros2_study/my_first_package_msgs -DCMAKE_INSTALL_PREFIX=/home/kdy/ros2_study/my_first_package_msgs/install/my_first_package_msgs
[0.097s] -- The C compiler identification is GNU 13.3.0
[0.154s] -- The CXX compiler identification is GNU 13.3.0
[0.168s] -- Detecting C compiler ABI info
[0.236s] -- Detecting C compiler ABI info - done
[0.243s] -- Check for working C compiler: /usr/bin/cc - skipped
[0.243s] -- Detecting C compile features
[0.244s] -- Detecting C compile features - done
[0.252s] -- Detecting CXX compiler ABI info
[0.330s] -- Detecting CXX compiler ABI info - done
[0.338s] -- Check for working CXX compiler: /usr/bin/c++ - skipped
[0.338s] -- Detecting CXX compile features
[0.338s] -- Detecting CXX compile features - done
[0.341s] -- Found ament_cmake: 2.5.4 (/opt/ros/jazzy/share/ament_cmake/cmake)
[0.459s] -- Found Python3: /usr/bin/python3 (found version "3.12.3") found components: Interpreter 
[0.550s] -- Found ament_lint_auto: 0.17.3 (/opt/ros/jazzy/share/ament_lint_auto/cmake)
[0.636s] -- Added test 'cppcheck' to perform static code analysis on C / C++ code
[0.636s] -- Configured cppcheck include dirs: 
[0.637s] -- Configured cppcheck exclude dirs and/or files: 
[0.638s] -- Added test 'lint_cmake' to check CMake code style
[0.641s] -- Added test 'uncrustify' to check C / C++ code style
[0.641s] -- Configured uncrustify additional arguments: 
[0.642s] -- Added test 'xmllint' to check XML markup files
[0.644s] -- Configuring done (0.6s)
[0.646s] -- Generating done (0.0s)
[0.647s] -- Build files have been written to: /home/kdy/ros2_study/my_first_package_msgs/build/my_first_package_msgs
[0.651s] Invoked command in '/home/kdy/ros2_study/my_first_package_msgs/build/my_first_package_msgs' returned '0': CMAKE_PREFIX_PATH=${CMAKE_PREFIX_PATH}:/home/kdy/ros2_study/install/my_first_package:/opt/ros/jazzy DEBUGINFOD_URLS=https://debuginfod.ubuntu.com /usr/bin/cmake /home/kdy/ros2_study/my_first_package_msgs -DCMAKE_INSTALL_PREFIX=/home/kdy/ros2_study/my_first_package_msgs/install/my_first_package_msgs
[0.652s] Invoking command in '/home/kdy/ros2_study/my_first_package_msgs/build/my_first_package_msgs': CMAKE_PREFIX_PATH=${CMAKE_PREFIX_PATH}:/home/kdy/ros2_study/install/my_first_package:/opt/ros/jazzy DEBUGINFOD_URLS=https://debuginfod.ubuntu.com /usr/bin/cmake --build /home/kdy/ros2_study/my_first_package_msgs/build/my_first_package_msgs -- -j8 -l8
[0.681s] Invoked command in '/home/kdy/ros2_study/my_first_package_msgs/build/my_first_package_msgs' returned '0': CMAKE_PREFIX_PATH=${CMAKE_PREFIX_PATH}:/home/kdy/ros2_study/install/my_first_package:/opt/ros/jazzy DEBUGINFOD_URLS=https://debuginfod.ubuntu.com /usr/bin/cmake --build /home/kdy/ros2_study/my_first_package_msgs/build/my_first_package_msgs -- -j8 -l8
[0.689s] Invoking command in '/home/kdy/ros2_study/my_first_package_msgs/build/my_first_package_msgs': CMAKE_PREFIX_PATH=${CMAKE_PREFIX_PATH}:/home/kdy/ros2_study/install/my_first_package:/opt/ros/jazzy DEBUGINFOD_URLS=https://debuginfod.ubuntu.com /usr/bin/cmake --install /home/kdy/ros2_study/my_first_package_msgs/build/my_first_package_msgs
[0.696s] -- Install configuration: ""
[0.696s] -- Installing: /home/kdy/ros2_study/my_first_package_msgs/install/my_first_package_msgs/share/ament_index/resource_index/package_run_dependencies/my_first_package_msgs
[0.696s] -- Installing: /home/kdy/ros2_study/my_first_package_msgs/install/my_first_package_msgs/share/ament_index/resource_index/parent_prefix_path/my_first_package_msgs
[0.696s] -- Installing: /home/kdy/ros2_study/my_first_package_msgs/install/my_first_package_msgs/share/my_first_package_msgs/environment/ament_prefix_path.sh
[0.696s] -- Installing: /home/kdy/ros2_study/my_first_package_msgs/install/my_first_package_msgs/share/my_first_package_msgs/environment/ament_prefix_path.dsv
[0.696s] -- Installing: /home/kdy/ros2_study/my_first_package_msgs/install/my_first_package_msgs/share/my_first_package_msgs/environment/path.sh
[0.696s] -- Installing: /home/kdy/ros2_study/my_first_package_msgs/install/my_first_package_msgs/share/my_first_package_msgs/environment/path.dsv
[0.696s] -- Installing: /home/kdy/ros2_study/my_first_package_msgs/install/my_first_package_msgs/share/my_first_package_msgs/local_setup.bash
[0.696s] -- Installing: /home/kdy/ros2_study/my_first_package_msgs/install/my_first_package_msgs/share/my_first_package_msgs/local_setup.sh
[0.696s] -- Installing: /home/kdy/ros2_study/my_first_package_msgs/install/my_first_package_msgs/share/my_first_package_msgs/local_setup.zsh
[0.696s] -- Installing: /home/kdy/ros2_study/my_first_package_msgs/install/my_first_package_msgs/share/my_first_package_msgs/local_setup.dsv
[0.696s] -- Installing: /home/kdy/ros2_study/my_first_package_msgs/install/my_first_package_msgs/share/my_first_package_msgs/package.dsv
[0.696s] -- Installing: /home/kdy/ros2_study/my_first_package_msgs/install/my_first_package_msgs/share/ament_index/resource_index/packages/my_first_package_msgs
[0.696s] -- Installing: /home/kdy/ros2_study/my_first_package_msgs/install/my_first_package_msgs/share/my_first_package_msgs/cmake/my_first_package_msgsConfig.cmake
[0.696s] -- Installing: /home/kdy/ros2_study/my_first_package_msgs/install/my_first_package_msgs/share/my_first_package_msgs/cmake/my_first_package_msgsConfig-version.cmake
[0.697s] -- Installing: /home/kdy/ros2_study/my_first_package_msgs/install/my_first_package_msgs/share/my_first_package_msgs/package.xml
[0.697s] Invoked command in '/home/kdy/ros2_study/my_first_package_msgs/build/my_first_package_msgs' returned '0': CMAKE_PREFIX_PATH=${CMAKE_PREFIX_PATH}:/home/kdy/ros2_study/install/my_first_package:/opt/ros/jazzy DEBUGINFOD_URLS=https://debuginfod.ubuntu.com /usr/bin/cmake --install /home/kdy/ros2_study/my_first_package_msgs/build/my_first_package_msgs
