[0.173s] Invoking command in '/home/kdy/ros2_study/build/my_first_package_msgs': CMAKE_PREFIX_PATH=${CMAKE_PREFIX_PATH}:/home/kdy/ros2_study_sj/install/my_first_package:/home/kdy/ros2_study/install/my_first_package:/opt/ros/jazzy DEBUGINFOD_URLS=https://debuginfod.ubuntu.com /usr/bin/cmake --build /home/kdy/ros2_study/build/my_first_package_msgs -- -j8 -l8
[0.200s] -- Found ament_cmake: 2.5.4 (/opt/ros/jazzy/share/ament_cmake/cmake)
[0.215s] -- Found Python3: /usr/bin/python3 (found version "3.12.3") found components: Interpreter 
[0.275s] -- Found rosidl_default_generators: 1.6.0 (/opt/ros/jazzy/share/rosidl_default_generators/cmake)
[0.277s] -- Using all available rosidl_typesupport_c: rosidl_typesupport_fastrtps_c;rosidl_typesupport_introspection_c
[0.302s] -- Using all available rosidl_typesupport_cpp: rosidl_typesupport_fastrtps_cpp;rosidl_typesupport_introspection_cpp
[0.324s] -- Found rosidl_adapter: 4.6.6 (/opt/ros/jazzy/share/rosidl_adapter/cmake)
[0.594s] -- Found ament_cmake_ros: 0.12.0 (/opt/ros/jazzy/share/ament_cmake_ros/cmake)
[0.671s] -- Using all available rosidl_typesupport_c: rosidl_typesupport_fastrtps_c;rosidl_typesupport_introspection_c
[0.767s] -- Using all available rosidl_typesupport_cpp: rosidl_typesupport_fastrtps_cpp;rosidl_typesupport_introspection_cpp
[0.768s] -- Found python_cmake_module: 0.11.1 (/opt/ros/jazzy/share/python_cmake_module/cmake)
[0.970s] -- Found Python3: /usr/bin/python3 (found version "3.12.3") found components: Interpreter Development NumPy Development.Module Development.Embed 
[0.979s] -- Found ament_lint_auto: 0.17.3 (/opt/ros/jazzy/share/ament_lint_auto/cmake)
[0.992s] -- Added test 'cppcheck' to perform static code analysis on C / C++ code
[0.992s] -- Configured cppcheck include dirs: 
[0.992s] -- Configured cppcheck exclude dirs and/or files: 
[0.993s] -- Added test 'flake8' to check Python code syntax and style conventions
[0.993s] -- Configured 'flake8' exclude dirs and/or files: 
[0.995s] -- Added test 'lint_cmake' to check CMake code style
[0.995s] -- Added test 'pep257' to check Python code against some of the docstring style conventions in PEP 257
[1.000s] -- Added test 'uncrustify' to check C / C++ code style
[1.000s] -- Configured uncrustify additional arguments: 
[1.001s] -- Added test 'xmllint' to check XML markup files
[1.002s] -- Configuring done (0.8s)
[1.033s] -- Generating done (0.0s)
[1.043s] -- Build files have been written to: /home/kdy/ros2_study/build/my_first_package_msgs
[1.070s] [  1%] [34m[1mGenerating type hashes for ROS interfaces[0m
[1.079s] [  1%] Built target ament_cmake_python_copy_my_first_package_msgs
[1.254s] [  1%] Built target my_first_package_msgs__rosidl_generator_type_description
[1.262s] [  3%] [34m[1mGenerating C code for ROS interfaces[0m
[1.267s] running egg_info
[1.270s] [  5%] [34m[1mGenerating C++ code for ROS interfaces[0m
[1.286s] writing my_first_package_msgs.egg-info/PKG-INFO
[1.286s] writing dependency_links to my_first_package_msgs.egg-info/dependency_links.txt
[1.286s] writing top-level names to my_first_package_msgs.egg-info/top_level.txt
[1.341s] reading manifest file 'my_first_package_msgs.egg-info/SOURCES.txt'
[1.342s] writing manifest file 'my_first_package_msgs.egg-info/SOURCES.txt'
[1.363s] [  5%] Built target ament_cmake_python_build_my_first_package_msgs_egg
[1.664s] [  5%] Built target my_first_package_msgs__cpp
[1.694s] [  7%] [32mBuilding C object CMakeFiles/my_first_package_msgs__rosidl_generator_c.dir/rosidl_generator_c/my_first_package_msgs/msg/detail/cmd_and_pose_vel__description.c.o[0m
[1.694s] [  9%] [32mBuilding C object CMakeFiles/my_first_package_msgs__rosidl_generator_c.dir/rosidl_generator_c/my_first_package_msgs/msg/detail/cmd_and_pose_vel__type_support.c.o[0m
[1.694s] [ 11%] [32mBuilding C object CMakeFiles/my_first_package_msgs__rosidl_generator_c.dir/rosidl_generator_c/my_first_package_msgs/srv/detail/multi_spawn__description.c.o[0m
[1.694s] [ 12%] [32mBuilding C object CMakeFiles/my_first_package_msgs__rosidl_generator_c.dir/rosidl_generator_c/my_first_package_msgs/srv/detail/multi_spawn__type_support.c.o[0m
[1.694s] [ 14%] [32mBuilding C object CMakeFiles/my_first_package_msgs__rosidl_generator_c.dir/rosidl_generator_c/my_first_package_msgs/srv/detail/multi_spawn__functions.c.o[0m
[1.694s] [ 16%] [32mBuilding C object CMakeFiles/my_first_package_msgs__rosidl_generator_c.dir/rosidl_generator_c/my_first_package_msgs/action/detail/dist_turtle__functions.c.o[0m
[1.696s] [ 18%] [32mBuilding C object CMakeFiles/my_first_package_msgs__rosidl_generator_c.dir/rosidl_generator_c/my_first_package_msgs/msg/detail/cmd_and_pose_vel__functions.c.o[0m
[1.697s] [ 20%] [32mBuilding C object CMakeFiles/my_first_package_msgs__rosidl_generator_c.dir/rosidl_generator_c/my_first_package_msgs/action/detail/dist_turtle__description.c.o[0m
[1.720s] [ 22%] [32mBuilding C object CMakeFiles/my_first_package_msgs__rosidl_generator_c.dir/rosidl_generator_c/my_first_package_msgs/action/detail/dist_turtle__type_support.c.o[0m
[1.815s] [ 24%] [32m[1mLinking C shared library libmy_first_package_msgs__rosidl_generator_c.so[0m
[1.845s] [ 24%] Built target my_first_package_msgs__rosidl_generator_c
[1.854s] [ 27%] [34m[1mGenerating C type support for eProsima Fast-RTPS[0m
[1.854s] [ 27%] [34m[1mGenerating C++ type support dispatch for ROS interfaces[0m
[1.854s] [ 29%] [34m[1mGenerating C introspection for ROS interfaces[0m
[1.854s] [ 31%] [34m[1mGenerating C++ introspection for ROS interfaces[0m
[1.854s] [ 33%] [34m[1mGenerating C++ type support for eProsima Fast-RTPS[0m
[1.854s] [ 35%] [34m[1mGenerating C type support dispatch for ROS interfaces[0m
[2.117s] [ 37%] [32mBuilding CXX object CMakeFiles/my_first_package_msgs__rosidl_typesupport_c.dir/rosidl_typesupport_c/my_first_package_msgs/msg/cmd_and_pose_vel__type_support.cpp.o[0m
[2.118s] [ 38%] [32mBuilding CXX object CMakeFiles/my_first_package_msgs__rosidl_typesupport_c.dir/rosidl_typesupport_c/my_first_package_msgs/srv/multi_spawn__type_support.cpp.o[0m
[2.119s] [ 40%] [32mBuilding CXX object CMakeFiles/my_first_package_msgs__rosidl_typesupport_c.dir/rosidl_typesupport_c/my_first_package_msgs/action/dist_turtle__type_support.cpp.o[0m
[2.119s] [ 42%] [32mBuilding CXX object CMakeFiles/my_first_package_msgs__rosidl_typesupport_cpp.dir/rosidl_typesupport_cpp/my_first_package_msgs/msg/cmd_and_pose_vel__type_support.cpp.o[0m
[2.153s] [ 44%] [32mBuilding CXX object CMakeFiles/my_first_package_msgs__rosidl_typesupport_cpp.dir/rosidl_typesupport_cpp/my_first_package_msgs/srv/multi_spawn__type_support.cpp.o[0m
[2.153s] [ 46%] [32mBuilding CXX object CMakeFiles/my_first_package_msgs__rosidl_typesupport_cpp.dir/rosidl_typesupport_cpp/my_first_package_msgs/action/dist_turtle__type_support.cpp.o[0m
[2.172s] [ 48%] [32m[1mLinking CXX shared library libmy_first_package_msgs__rosidl_typesupport_c.so[0m
[2.191s] [ 50%] [32mBuilding CXX object CMakeFiles/my_first_package_msgs__rosidl_typesupport_introspection_cpp.dir/rosidl_typesupport_introspection_cpp/my_first_package_msgs/msg/detail/cmd_and_pose_vel__type_support.cpp.o[0m
[2.223s] [ 50%] Built target my_first_package_msgs__rosidl_typesupport_c
[2.233s] [ 51%] [32mBuilding CXX object CMakeFiles/my_first_package_msgs__rosidl_typesupport_introspection_cpp.dir/rosidl_typesupport_introspection_cpp/my_first_package_msgs/srv/detail/multi_spawn__type_support.cpp.o[0m
[2.242s] [ 53%] [32mBuilding C object CMakeFiles/my_first_package_msgs__rosidl_typesupport_introspection_c.dir/rosidl_typesupport_introspection_c/my_first_package_msgs/msg/detail/cmd_and_pose_vel__type_support.c.o[0m
[2.275s] [ 55%] [32mBuilding C object CMakeFiles/my_first_package_msgs__rosidl_typesupport_introspection_c.dir/rosidl_typesupport_introspection_c/my_first_package_msgs/srv/detail/multi_spawn__type_support.c.o[0m
[2.322s] [ 57%] [32mBuilding C object CMakeFiles/my_first_package_msgs__rosidl_typesupport_introspection_c.dir/rosidl_typesupport_introspection_c/my_first_package_msgs/action/detail/dist_turtle__type_support.c.o[0m
[2.350s] [ 59%] [32mBuilding CXX object CMakeFiles/my_first_package_msgs__rosidl_typesupport_fastrtps_cpp.dir/rosidl_typesupport_fastrtps_cpp/my_first_package_msgs/msg/detail/dds_fastrtps/cmd_and_pose_vel__type_support.cpp.o[0m
[2.361s] [ 61%] [32mBuilding CXX object CMakeFiles/my_first_package_msgs__rosidl_typesupport_fastrtps_cpp.dir/rosidl_typesupport_fastrtps_cpp/my_first_package_msgs/srv/detail/dds_fastrtps/multi_spawn__type_support.cpp.o[0m
[2.378s] [ 62%] [32mBuilding CXX object CMakeFiles/my_first_package_msgs__rosidl_typesupport_fastrtps_c.dir/rosidl_typesupport_fastrtps_c/my_first_package_msgs/msg/detail/cmd_and_pose_vel__type_support_c.cpp.o[0m
[2.386s] [ 64%] [32m[1mLinking C shared library libmy_first_package_msgs__rosidl_typesupport_introspection_c.so[0m
[2.416s] [ 64%] Built target my_first_package_msgs__rosidl_typesupport_introspection_c
[2.422s] [ 66%] [32mBuilding CXX object CMakeFiles/my_first_package_msgs__rosidl_typesupport_fastrtps_c.dir/rosidl_typesupport_fastrtps_c/my_first_package_msgs/srv/detail/multi_spawn__type_support_c.cpp.o[0m
[2.454s] [ 68%] [32mBuilding CXX object CMakeFiles/my_first_package_msgs__rosidl_typesupport_introspection_cpp.dir/rosidl_typesupport_introspection_cpp/my_first_package_msgs/action/detail/dist_turtle__type_support.cpp.o[0m
[2.514s] [ 70%] [32mBuilding CXX object CMakeFiles/my_first_package_msgs__rosidl_typesupport_fastrtps_c.dir/rosidl_typesupport_fastrtps_c/my_first_package_msgs/action/detail/dist_turtle__type_support_c.cpp.o[0m
[2.760s] [ 72%] [32mBuilding CXX object CMakeFiles/my_first_package_msgs__rosidl_typesupport_fastrtps_cpp.dir/rosidl_typesupport_fastrtps_cpp/my_first_package_msgs/action/detail/dds_fastrtps/dist_turtle__type_support.cpp.o[0m
[3.050s] [ 74%] [32m[1mLinking CXX shared library libmy_first_package_msgs__rosidl_typesupport_cpp.so[0m
[3.136s] [ 74%] Built target my_first_package_msgs__rosidl_typesupport_cpp
[3.275s] [ 75%] [32m[1mLinking CXX shared library libmy_first_package_msgs__rosidl_typesupport_fastrtps_c.so[0m
[3.314s] [ 75%] Built target my_first_package_msgs__rosidl_typesupport_fastrtps_c
[3.386s] [ 77%] [32m[1mLinking CXX shared library libmy_first_package_msgs__rosidl_typesupport_introspection_cpp.so[0m
[3.443s] [ 77%] Built target my_first_package_msgs__rosidl_typesupport_introspection_cpp
[3.688s] [ 79%] [32m[1mLinking CXX shared library libmy_first_package_msgs__rosidl_typesupport_fastrtps_cpp.so[0m
[3.752s] [ 79%] Built target my_first_package_msgs__rosidl_typesupport_fastrtps_cpp
[3.766s] [ 79%] Built target my_first_package_msgs
[3.782s] [ 81%] [34m[1mGenerating Python code for ROS interfaces[0m
[4.374s] [ 81%] Built target my_first_package_msgs__py
[4.392s] [ 85%] [32mBuilding C object CMakeFiles/my_first_package_msgs__rosidl_generator_py.dir/rosidl_generator_py/my_first_package_msgs/srv/_multi_spawn_s.c.o[0m
[4.392s] [ 85%] [32mBuilding C object CMakeFiles/my_first_package_msgs__rosidl_generator_py.dir/rosidl_generator_py/my_first_package_msgs/msg/_cmd_and_pose_vel_s.c.o[0m
[4.392s] [ 87%] [32mBuilding C object CMakeFiles/my_first_package_msgs__rosidl_generator_py.dir/rosidl_generator_py/my_first_package_msgs/action/_dist_turtle_s.c.o[0m
[4.530s] [ 88%] [32m[1mLinking C shared library libmy_first_package_msgs__rosidl_generator_py.so[0m
[4.572s] [ 88%] Built target my_first_package_msgs__rosidl_generator_py
[4.589s] [ 92%] [32mBuilding C object CMakeFiles/my_first_package_msgs_s__rosidl_typesupport_introspection_c.dir/rosidl_generator_py/my_first_package_msgs/_my_first_package_msgs_s.ep.rosidl_typesupport_introspection_c.c.o[0m
[4.589s] [ 92%] [32mBuilding C object CMakeFiles/my_first_package_msgs_s__rosidl_typesupport_c.dir/rosidl_generator_py/my_first_package_msgs/_my_first_package_msgs_s.ep.rosidl_typesupport_c.c.o[0m
[4.589s] [ 94%] [32mBuilding C object CMakeFiles/my_first_package_msgs_s__rosidl_typesupport_fastrtps_c.dir/rosidl_generator_py/my_first_package_msgs/_my_first_package_msgs_s.ep.rosidl_typesupport_fastrtps_c.c.o[0m
[4.687s] [ 96%] [32m[1mLinking C shared module rosidl_generator_py/my_first_package_msgs/my_first_package_msgs_s__rosidl_typesupport_c.so[0m
[4.688s] [ 98%] [32m[1mLinking C shared module rosidl_generator_py/my_first_package_msgs/my_first_package_msgs_s__rosidl_typesupport_fastrtps_c.so[0m
[4.689s] [100%] [32m[1mLinking C shared module rosidl_generator_py/my_first_package_msgs/my_first_package_msgs_s__rosidl_typesupport_introspection_c.so[0m
[4.710s] [100%] Built target my_first_package_msgs_s__rosidl_typesupport_c
[4.712s] [100%] Built target my_first_package_msgs_s__rosidl_typesupport_introspection_c
[4.713s] [100%] Built target my_first_package_msgs_s__rosidl_typesupport_fastrtps_c
[4.722s] Invoked command in '/home/kdy/ros2_study/build/my_first_package_msgs' returned '0': CMAKE_PREFIX_PATH=${CMAKE_PREFIX_PATH}:/home/kdy/ros2_study_sj/install/my_first_package:/home/kdy/ros2_study/install/my_first_package:/opt/ros/jazzy DEBUGINFOD_URLS=https://debuginfod.ubuntu.com /usr/bin/cmake --build /home/kdy/ros2_study/build/my_first_package_msgs -- -j8 -l8
[4.729s] Invoking command in '/home/kdy/ros2_study/build/my_first_package_msgs': CMAKE_PREFIX_PATH=${CMAKE_PREFIX_PATH}:/home/kdy/ros2_study_sj/install/my_first_package:/home/kdy/ros2_study/install/my_first_package:/opt/ros/jazzy DEBUGINFOD_URLS=https://debuginfod.ubuntu.com /usr/bin/cmake --install /home/kdy/ros2_study/build/my_first_package_msgs
[4.735s] -- Install configuration: ""
[4.735s] -- Installing: /home/kdy/ros2_study/install/my_first_package_msgs/share/ament_index/resource_index/rosidl_interfaces/my_first_package_msgs
[4.735s] -- Installing: /home/kdy/ros2_study/install/my_first_package_msgs/share/my_first_package_msgs/msg/CmdAndPoseVel.json
[4.735s] -- Installing: /home/kdy/ros2_study/install/my_first_package_msgs/share/my_first_package_msgs/srv/MultiSpawn.json
[4.736s] -- Installing: /home/kdy/ros2_study/install/my_first_package_msgs/share/my_first_package_msgs/action/DistTurtle.json
[4.736s] -- Up-to-date: /home/kdy/ros2_study/install/my_first_package_msgs/include/my_first_package_msgs/my_first_package_msgs
[4.736s] -- Up-to-date: /home/kdy/ros2_study/install/my_first_package_msgs/include/my_first_package_msgs/my_first_package_msgs/srv
[4.736s] -- Up-to-date: /home/kdy/ros2_study/install/my_first_package_msgs/include/my_first_package_msgs/my_first_package_msgs/srv/detail
[4.736s] -- Installing: /home/kdy/ros2_study/install/my_first_package_msgs/include/my_first_package_msgs/my_first_package_msgs/srv/detail/multi_spawn__type_support.h
[4.736s] -- Installing: /home/kdy/ros2_study/install/my_first_package_msgs/include/my_first_package_msgs/my_first_package_msgs/srv/detail/multi_spawn__type_support.c
[4.736s] -- Installing: /home/kdy/ros2_study/install/my_first_package_msgs/include/my_first_package_msgs/my_first_package_msgs/srv/detail/multi_spawn__description.c
[4.736s] -- Installing: /home/kdy/ros2_study/install/my_first_package_msgs/include/my_first_package_msgs/my_first_package_msgs/srv/detail/multi_spawn__functions.c
[4.736s] -- Installing: /home/kdy/ros2_study/install/my_first_package_msgs/include/my_first_package_msgs/my_first_package_msgs/srv/detail/multi_spawn__functions.h
[4.736s] -- Installing: /home/kdy/ros2_study/install/my_first_package_msgs/include/my_first_package_msgs/my_first_package_msgs/srv/detail/multi_spawn__struct.h
[4.736s] -- Installing: /home/kdy/ros2_study/install/my_first_package_msgs/include/my_first_package_msgs/my_first_package_msgs/srv/multi_spawn.h
[4.736s] -- Up-to-date: /home/kdy/ros2_study/install/my_first_package_msgs/include/my_first_package_msgs/my_first_package_msgs/msg
[4.736s] -- Up-to-date: /home/kdy/ros2_study/install/my_first_package_msgs/include/my_first_package_msgs/my_first_package_msgs/msg/rosidl_generator_c__visibility_control.h
[4.736s] -- Up-to-date: /home/kdy/ros2_study/install/my_first_package_msgs/include/my_first_package_msgs/my_first_package_msgs/msg/detail
[4.737s] -- Installing: /home/kdy/ros2_study/install/my_first_package_msgs/include/my_first_package_msgs/my_first_package_msgs/msg/detail/cmd_and_pose_vel__type_support.h
[4.737s] -- Installing: /home/kdy/ros2_study/install/my_first_package_msgs/include/my_first_package_msgs/my_first_package_msgs/msg/detail/cmd_and_pose_vel__type_support.c
[4.737s] -- Installing: /home/kdy/ros2_study/install/my_first_package_msgs/include/my_first_package_msgs/my_first_package_msgs/msg/detail/cmd_and_pose_vel__functions.h
[4.737s] -- Installing: /home/kdy/ros2_study/install/my_first_package_msgs/include/my_first_package_msgs/my_first_package_msgs/msg/detail/cmd_and_pose_vel__functions.c
[4.737s] -- Installing: /home/kdy/ros2_study/install/my_first_package_msgs/include/my_first_package_msgs/my_first_package_msgs/msg/detail/cmd_and_pose_vel__description.c
[4.737s] -- Installing: /home/kdy/ros2_study/install/my_first_package_msgs/include/my_first_package_msgs/my_first_package_msgs/msg/detail/cmd_and_pose_vel__struct.h
[4.737s] -- Installing: /home/kdy/ros2_study/install/my_first_package_msgs/include/my_first_package_msgs/my_first_package_msgs/msg/cmd_and_pose_vel.h
[4.737s] -- Installing: /home/kdy/ros2_study/install/my_first_package_msgs/include/my_first_package_msgs/my_first_package_msgs/action
[4.737s] -- Installing: /home/kdy/ros2_study/install/my_first_package_msgs/include/my_first_package_msgs/my_first_package_msgs/action/dist_turtle.h
[4.737s] -- Installing: /home/kdy/ros2_study/install/my_first_package_msgs/include/my_first_package_msgs/my_first_package_msgs/action/detail
[4.737s] -- Installing: /home/kdy/ros2_study/install/my_first_package_msgs/include/my_first_package_msgs/my_first_package_msgs/action/detail/dist_turtle__description.c
[4.737s] -- Installing: /home/kdy/ros2_study/install/my_first_package_msgs/include/my_first_package_msgs/my_first_package_msgs/action/detail/dist_turtle__functions.h
[4.737s] -- Installing: /home/kdy/ros2_study/install/my_first_package_msgs/include/my_first_package_msgs/my_first_package_msgs/action/detail/dist_turtle__type_support.c
[4.737s] -- Installing: /home/kdy/ros2_study/install/my_first_package_msgs/include/my_first_package_msgs/my_first_package_msgs/action/detail/dist_turtle__functions.c
[4.737s] -- Installing: /home/kdy/ros2_study/install/my_first_package_msgs/include/my_first_package_msgs/my_first_package_msgs/action/detail/dist_turtle__type_support.h
[4.737s] -- Installing: /home/kdy/ros2_study/install/my_first_package_msgs/include/my_first_package_msgs/my_first_package_msgs/action/detail/dist_turtle__struct.h
[4.737s] -- Up-to-date: /home/kdy/ros2_study/install/my_first_package_msgs/share/my_first_package_msgs/environment/library_path.sh
[4.737s] -- Up-to-date: /home/kdy/ros2_study/install/my_first_package_msgs/share/my_first_package_msgs/environment/library_path.dsv
[4.738s] -- Installing: /home/kdy/ros2_study/install/my_first_package_msgs/lib/libmy_first_package_msgs__rosidl_generator_c.so
[4.738s] -- Set non-toolchain portion of runtime path of "/home/kdy/ros2_study/install/my_first_package_msgs/lib/libmy_first_package_msgs__rosidl_generator_c.so" to ""
[4.738s] -- Up-to-date: /home/kdy/ros2_study/install/my_first_package_msgs/include/my_first_package_msgs/my_first_package_msgs
[4.738s] -- Up-to-date: /home/kdy/ros2_study/install/my_first_package_msgs/include/my_first_package_msgs/my_first_package_msgs/srv
[4.738s] -- Up-to-date: /home/kdy/ros2_study/install/my_first_package_msgs/include/my_first_package_msgs/my_first_package_msgs/srv/detail
[4.738s] -- Installing: /home/kdy/ros2_study/install/my_first_package_msgs/include/my_first_package_msgs/my_first_package_msgs/srv/detail/multi_spawn__rosidl_typesupport_fastrtps_c.h
[4.738s] -- Up-to-date: /home/kdy/ros2_study/install/my_first_package_msgs/include/my_first_package_msgs/my_first_package_msgs/msg
[4.738s] -- Up-to-date: /home/kdy/ros2_study/install/my_first_package_msgs/include/my_first_package_msgs/my_first_package_msgs/msg/detail
[4.738s] -- Installing: /home/kdy/ros2_study/install/my_first_package_msgs/include/my_first_package_msgs/my_first_package_msgs/msg/detail/cmd_and_pose_vel__rosidl_typesupport_fastrtps_c.h
[4.738s] -- Up-to-date: /home/kdy/ros2_study/install/my_first_package_msgs/include/my_first_package_msgs/my_first_package_msgs/msg/rosidl_typesupport_fastrtps_c__visibility_control.h
[4.738s] -- Up-to-date: /home/kdy/ros2_study/install/my_first_package_msgs/include/my_first_package_msgs/my_first_package_msgs/action
[4.738s] -- Up-to-date: /home/kdy/ros2_study/install/my_first_package_msgs/include/my_first_package_msgs/my_first_package_msgs/action/detail
[4.738s] -- Installing: /home/kdy/ros2_study/install/my_first_package_msgs/include/my_first_package_msgs/my_first_package_msgs/action/detail/dist_turtle__rosidl_typesupport_fastrtps_c.h
[4.739s] -- Installing: /home/kdy/ros2_study/install/my_first_package_msgs/lib/libmy_first_package_msgs__rosidl_typesupport_fastrtps_c.so
[4.739s] -- Set non-toolchain portion of runtime path of "/home/kdy/ros2_study/install/my_first_package_msgs/lib/libmy_first_package_msgs__rosidl_typesupport_fastrtps_c.so" to ""
[4.739s] -- Up-to-date: /home/kdy/ros2_study/install/my_first_package_msgs/include/my_first_package_msgs/my_first_package_msgs
[4.739s] -- Up-to-date: /home/kdy/ros2_study/install/my_first_package_msgs/include/my_first_package_msgs/my_first_package_msgs/srv
[4.739s] -- Up-to-date: /home/kdy/ros2_study/install/my_first_package_msgs/include/my_first_package_msgs/my_first_package_msgs/srv/detail
[4.739s] -- Up-to-date: /home/kdy/ros2_study/install/my_first_package_msgs/include/my_first_package_msgs/my_first_package_msgs/srv/detail/multi_spawn__type_support.c
[4.739s] -- Installing: /home/kdy/ros2_study/install/my_first_package_msgs/include/my_first_package_msgs/my_first_package_msgs/srv/detail/multi_spawn__rosidl_typesupport_introspection_c.h
[4.739s] -- Up-to-date: /home/kdy/ros2_study/install/my_first_package_msgs/include/my_first_package_msgs/my_first_package_msgs/msg
[4.739s] -- Up-to-date: /home/kdy/ros2_study/install/my_first_package_msgs/include/my_first_package_msgs/my_first_package_msgs/msg/rosidl_typesupport_introspection_c__visibility_control.h
[4.739s] -- Up-to-date: /home/kdy/ros2_study/install/my_first_package_msgs/include/my_first_package_msgs/my_first_package_msgs/msg/detail
[4.739s] -- Up-to-date: /home/kdy/ros2_study/install/my_first_package_msgs/include/my_first_package_msgs/my_first_package_msgs/msg/detail/cmd_and_pose_vel__type_support.c
[4.739s] -- Installing: /home/kdy/ros2_study/install/my_first_package_msgs/include/my_first_package_msgs/my_first_package_msgs/msg/detail/cmd_and_pose_vel__rosidl_typesupport_introspection_c.h
[4.739s] -- Up-to-date: /home/kdy/ros2_study/install/my_first_package_msgs/include/my_first_package_msgs/my_first_package_msgs/action
[4.739s] -- Up-to-date: /home/kdy/ros2_study/install/my_first_package_msgs/include/my_first_package_msgs/my_first_package_msgs/action/detail
[4.739s] -- Up-to-date: /home/kdy/ros2_study/install/my_first_package_msgs/include/my_first_package_msgs/my_first_package_msgs/action/detail/dist_turtle__type_support.c
[4.739s] -- Installing: /home/kdy/ros2_study/install/my_first_package_msgs/include/my_first_package_msgs/my_first_package_msgs/action/detail/dist_turtle__rosidl_typesupport_introspection_c.h
[4.740s] -- Installing: /home/kdy/ros2_study/install/my_first_package_msgs/lib/libmy_first_package_msgs__rosidl_typesupport_introspection_c.so
[4.740s] -- Set non-toolchain portion of runtime path of "/home/kdy/ros2_study/install/my_first_package_msgs/lib/libmy_first_package_msgs__rosidl_typesupport_introspection_c.so" to ""
[4.740s] -- Installing: /home/kdy/ros2_study/install/my_first_package_msgs/lib/libmy_first_package_msgs__rosidl_typesupport_c.so
[4.740s] -- Set non-toolchain portion of runtime path of "/home/kdy/ros2_study/install/my_first_package_msgs/lib/libmy_first_package_msgs__rosidl_typesupport_c.so" to ""
[4.740s] -- Up-to-date: /home/kdy/ros2_study/install/my_first_package_msgs/include/my_first_package_msgs/my_first_package_msgs
[4.740s] -- Up-to-date: /home/kdy/ros2_study/install/my_first_package_msgs/include/my_first_package_msgs/my_first_package_msgs/srv
[4.740s] -- Installing: /home/kdy/ros2_study/install/my_first_package_msgs/include/my_first_package_msgs/my_first_package_msgs/srv/multi_spawn.hpp
[4.740s] -- Up-to-date: /home/kdy/ros2_study/install/my_first_package_msgs/include/my_first_package_msgs/my_first_package_msgs/srv/detail
[4.740s] -- Installing: /home/kdy/ros2_study/install/my_first_package_msgs/include/my_first_package_msgs/my_first_package_msgs/srv/detail/multi_spawn__type_support.hpp
[4.740s] -- Installing: /home/kdy/ros2_study/install/my_first_package_msgs/include/my_first_package_msgs/my_first_package_msgs/srv/detail/multi_spawn__builder.hpp
[4.740s] -- Installing: /home/kdy/ros2_study/install/my_first_package_msgs/include/my_first_package_msgs/my_first_package_msgs/srv/detail/multi_spawn__struct.hpp
[4.741s] -- Installing: /home/kdy/ros2_study/install/my_first_package_msgs/include/my_first_package_msgs/my_first_package_msgs/srv/detail/multi_spawn__traits.hpp
[4.741s] -- Up-to-date: /home/kdy/ros2_study/install/my_first_package_msgs/include/my_first_package_msgs/my_first_package_msgs/msg
[4.741s] -- Installing: /home/kdy/ros2_study/install/my_first_package_msgs/include/my_first_package_msgs/my_first_package_msgs/msg/cmd_and_pose_vel.hpp
[4.741s] -- Up-to-date: /home/kdy/ros2_study/install/my_first_package_msgs/include/my_first_package_msgs/my_first_package_msgs/msg/detail
[4.741s] -- Installing: /home/kdy/ros2_study/install/my_first_package_msgs/include/my_first_package_msgs/my_first_package_msgs/msg/detail/cmd_and_pose_vel__struct.hpp
[4.741s] -- Installing: /home/kdy/ros2_study/install/my_first_package_msgs/include/my_first_package_msgs/my_first_package_msgs/msg/detail/cmd_and_pose_vel__type_support.hpp
[4.741s] -- Installing: /home/kdy/ros2_study/install/my_first_package_msgs/include/my_first_package_msgs/my_first_package_msgs/msg/detail/cmd_and_pose_vel__builder.hpp
[4.741s] -- Installing: /home/kdy/ros2_study/install/my_first_package_msgs/include/my_first_package_msgs/my_first_package_msgs/msg/detail/cmd_and_pose_vel__traits.hpp
[4.741s] -- Installing: /home/kdy/ros2_study/install/my_first_package_msgs/include/my_first_package_msgs/my_first_package_msgs/msg/rosidl_generator_cpp__visibility_control.hpp
[4.741s] -- Up-to-date: /home/kdy/ros2_study/install/my_first_package_msgs/include/my_first_package_msgs/my_first_package_msgs/action
[4.741s] -- Up-to-date: /home/kdy/ros2_study/install/my_first_package_msgs/include/my_first_package_msgs/my_first_package_msgs/action/detail
[4.741s] -- Installing: /home/kdy/ros2_study/install/my_first_package_msgs/include/my_first_package_msgs/my_first_package_msgs/action/detail/dist_turtle__type_support.hpp
[4.741s] -- Installing: /home/kdy/ros2_study/install/my_first_package_msgs/include/my_first_package_msgs/my_first_package_msgs/action/detail/dist_turtle__traits.hpp
[4.741s] -- Installing: /home/kdy/ros2_study/install/my_first_package_msgs/include/my_first_package_msgs/my_first_package_msgs/action/detail/dist_turtle__builder.hpp
[4.741s] -- Installing: /home/kdy/ros2_study/install/my_first_package_msgs/include/my_first_package_msgs/my_first_package_msgs/action/detail/dist_turtle__struct.hpp
[4.741s] -- Installing: /home/kdy/ros2_study/install/my_first_package_msgs/include/my_first_package_msgs/my_first_package_msgs/action/dist_turtle.hpp
[4.742s] -- Up-to-date: /home/kdy/ros2_study/install/my_first_package_msgs/include/my_first_package_msgs/my_first_package_msgs
[4.742s] -- Up-to-date: /home/kdy/ros2_study/install/my_first_package_msgs/include/my_first_package_msgs/my_first_package_msgs/srv
[4.742s] -- Up-to-date: /home/kdy/ros2_study/install/my_first_package_msgs/include/my_first_package_msgs/my_first_package_msgs/srv/detail
[4.742s] -- Installing: /home/kdy/ros2_study/install/my_first_package_msgs/include/my_first_package_msgs/my_first_package_msgs/srv/detail/multi_spawn__rosidl_typesupport_fastrtps_cpp.hpp
[4.742s] -- Up-to-date: /home/kdy/ros2_study/install/my_first_package_msgs/include/my_first_package_msgs/my_first_package_msgs/srv/detail/dds_fastrtps
[4.742s] -- Up-to-date: /home/kdy/ros2_study/install/my_first_package_msgs/include/my_first_package_msgs/my_first_package_msgs/msg
[4.742s] -- Up-to-date: /home/kdy/ros2_study/install/my_first_package_msgs/include/my_first_package_msgs/my_first_package_msgs/msg/rosidl_typesupport_fastrtps_cpp__visibility_control.h
[4.742s] -- Up-to-date: /home/kdy/ros2_study/install/my_first_package_msgs/include/my_first_package_msgs/my_first_package_msgs/msg/detail
[4.742s] -- Installing: /home/kdy/ros2_study/install/my_first_package_msgs/include/my_first_package_msgs/my_first_package_msgs/msg/detail/cmd_and_pose_vel__rosidl_typesupport_fastrtps_cpp.hpp
[4.742s] -- Up-to-date: /home/kdy/ros2_study/install/my_first_package_msgs/include/my_first_package_msgs/my_first_package_msgs/msg/detail/dds_fastrtps
[4.742s] -- Up-to-date: /home/kdy/ros2_study/install/my_first_package_msgs/include/my_first_package_msgs/my_first_package_msgs/action
[4.742s] -- Up-to-date: /home/kdy/ros2_study/install/my_first_package_msgs/include/my_first_package_msgs/my_first_package_msgs/action/detail
[4.742s] -- Installing: /home/kdy/ros2_study/install/my_first_package_msgs/include/my_first_package_msgs/my_first_package_msgs/action/detail/dist_turtle__rosidl_typesupport_fastrtps_cpp.hpp
[4.742s] -- Installing: /home/kdy/ros2_study/install/my_first_package_msgs/include/my_first_package_msgs/my_first_package_msgs/action/detail/dds_fastrtps
[4.742s] -- Installing: /home/kdy/ros2_study/install/my_first_package_msgs/lib/libmy_first_package_msgs__rosidl_typesupport_fastrtps_cpp.so
[4.742s] -- Set non-toolchain portion of runtime path of "/home/kdy/ros2_study/install/my_first_package_msgs/lib/libmy_first_package_msgs__rosidl_typesupport_fastrtps_cpp.so" to ""
[4.742s] -- Up-to-date: /home/kdy/ros2_study/install/my_first_package_msgs/include/my_first_package_msgs/my_first_package_msgs
[4.742s] -- Up-to-date: /home/kdy/ros2_study/install/my_first_package_msgs/include/my_first_package_msgs/my_first_package_msgs/srv
[4.743s] -- Up-to-date: /home/kdy/ros2_study/install/my_first_package_msgs/include/my_first_package_msgs/my_first_package_msgs/srv/detail
[4.743s] -- Installing: /home/kdy/ros2_study/install/my_first_package_msgs/include/my_first_package_msgs/my_first_package_msgs/srv/detail/multi_spawn__type_support.cpp
[4.743s] -- Installing: /home/kdy/ros2_study/install/my_first_package_msgs/include/my_first_package_msgs/my_first_package_msgs/srv/detail/multi_spawn__rosidl_typesupport_introspection_cpp.hpp
[4.743s] -- Up-to-date: /home/kdy/ros2_study/install/my_first_package_msgs/include/my_first_package_msgs/my_first_package_msgs/msg
[4.743s] -- Up-to-date: /home/kdy/ros2_study/install/my_first_package_msgs/include/my_first_package_msgs/my_first_package_msgs/msg/detail
[4.743s] -- Installing: /home/kdy/ros2_study/install/my_first_package_msgs/include/my_first_package_msgs/my_first_package_msgs/msg/detail/cmd_and_pose_vel__rosidl_typesupport_introspection_cpp.hpp
[4.743s] -- Installing: /home/kdy/ros2_study/install/my_first_package_msgs/include/my_first_package_msgs/my_first_package_msgs/msg/detail/cmd_and_pose_vel__type_support.cpp
[4.743s] -- Up-to-date: /home/kdy/ros2_study/install/my_first_package_msgs/include/my_first_package_msgs/my_first_package_msgs/action
[4.743s] -- Up-to-date: /home/kdy/ros2_study/install/my_first_package_msgs/include/my_first_package_msgs/my_first_package_msgs/action/detail
[4.743s] -- Installing: /home/kdy/ros2_study/install/my_first_package_msgs/include/my_first_package_msgs/my_first_package_msgs/action/detail/dist_turtle__type_support.cpp
[4.743s] -- Installing: /home/kdy/ros2_study/install/my_first_package_msgs/include/my_first_package_msgs/my_first_package_msgs/action/detail/dist_turtle__rosidl_typesupport_introspection_cpp.hpp
[4.743s] -- Installing: /home/kdy/ros2_study/install/my_first_package_msgs/lib/libmy_first_package_msgs__rosidl_typesupport_introspection_cpp.so
[4.743s] -- Set non-toolchain portion of runtime path of "/home/kdy/ros2_study/install/my_first_package_msgs/lib/libmy_first_package_msgs__rosidl_typesupport_introspection_cpp.so" to ""
[4.743s] -- Installing: /home/kdy/ros2_study/install/my_first_package_msgs/lib/libmy_first_package_msgs__rosidl_typesupport_cpp.so
[4.743s] -- Set non-toolchain portion of runtime path of "/home/kdy/ros2_study/install/my_first_package_msgs/lib/libmy_first_package_msgs__rosidl_typesupport_cpp.so" to ""
[4.743s] -- Up-to-date: /home/kdy/ros2_study/install/my_first_package_msgs/share/my_first_package_msgs/environment/pythonpath.sh
[4.744s] -- Up-to-date: /home/kdy/ros2_study/install/my_first_package_msgs/share/my_first_package_msgs/environment/pythonpath.dsv
[4.744s] -- Up-to-date: /home/kdy/ros2_study/install/my_first_package_msgs/lib/python3.12/site-packages/my_first_package_msgs-0.0.0-py3.12.egg-info
[4.744s] -- Installing: /home/kdy/ros2_study/install/my_first_package_msgs/lib/python3.12/site-packages/my_first_package_msgs-0.0.0-py3.12.egg-info/SOURCES.txt
[4.744s] -- Installing: /home/kdy/ros2_study/install/my_first_package_msgs/lib/python3.12/site-packages/my_first_package_msgs-0.0.0-py3.12.egg-info/dependency_links.txt
[4.744s] -- Installing: /home/kdy/ros2_study/install/my_first_package_msgs/lib/python3.12/site-packages/my_first_package_msgs-0.0.0-py3.12.egg-info/PKG-INFO
[4.744s] -- Installing: /home/kdy/ros2_study/install/my_first_package_msgs/lib/python3.12/site-packages/my_first_package_msgs-0.0.0-py3.12.egg-info/top_level.txt
[4.744s] -- Up-to-date: /home/kdy/ros2_study/install/my_first_package_msgs/lib/python3.12/site-packages/my_first_package_msgs
[4.744s] -- Up-to-date: /home/kdy/ros2_study/install/my_first_package_msgs/lib/python3.12/site-packages/my_first_package_msgs/srv
[4.744s] -- Installing: /home/kdy/ros2_study/install/my_first_package_msgs/lib/python3.12/site-packages/my_first_package_msgs/srv/_multi_spawn.py
[4.744s] -- Installing: /home/kdy/ros2_study/install/my_first_package_msgs/lib/python3.12/site-packages/my_first_package_msgs/srv/_multi_spawn_s.c
[4.744s] -- Installing: /home/kdy/ros2_study/install/my_first_package_msgs/lib/python3.12/site-packages/my_first_package_msgs/srv/__init__.py
[4.744s] -- Installing: /home/kdy/ros2_study/install/my_first_package_msgs/lib/python3.12/site-packages/my_first_package_msgs/my_first_package_msgs_s__rosidl_typesupport_introspection_c.so
[4.744s] -- Installing: /home/kdy/ros2_study/install/my_first_package_msgs/lib/python3.12/site-packages/my_first_package_msgs/my_first_package_msgs_s__rosidl_typesupport_fastrtps_c.so
[4.744s] -- Up-to-date: /home/kdy/ros2_study/install/my_first_package_msgs/lib/python3.12/site-packages/my_first_package_msgs/msg
[4.744s] -- Installing: /home/kdy/ros2_study/install/my_first_package_msgs/lib/python3.12/site-packages/my_first_package_msgs/msg/_cmd_and_pose_vel.py
[4.744s] -- Installing: /home/kdy/ros2_study/install/my_first_package_msgs/lib/python3.12/site-packages/my_first_package_msgs/msg/__init__.py
[4.744s] -- Installing: /home/kdy/ros2_study/install/my_first_package_msgs/lib/python3.12/site-packages/my_first_package_msgs/msg/_cmd_and_pose_vel_s.c
[4.744s] -- Installing: /home/kdy/ros2_study/install/my_first_package_msgs/lib/python3.12/site-packages/my_first_package_msgs/_my_first_package_msgs_s.ep.rosidl_typesupport_c.c
[4.744s] -- Installing: /home/kdy/ros2_study/install/my_first_package_msgs/lib/python3.12/site-packages/my_first_package_msgs/_my_first_package_msgs_s.ep.rosidl_typesupport_introspection_c.c
[4.744s] -- Installing: /home/kdy/ros2_study/install/my_first_package_msgs/lib/python3.12/site-packages/my_first_package_msgs/action
[4.744s] -- Installing: /home/kdy/ros2_study/install/my_first_package_msgs/lib/python3.12/site-packages/my_first_package_msgs/action/_dist_turtle.py
[4.745s] -- Installing: /home/kdy/ros2_study/install/my_first_package_msgs/lib/python3.12/site-packages/my_first_package_msgs/action/_dist_turtle_s.c
[4.745s] -- Installing: /home/kdy/ros2_study/install/my_first_package_msgs/lib/python3.12/site-packages/my_first_package_msgs/action/__init__.py
[4.745s] -- Installing: /home/kdy/ros2_study/install/my_first_package_msgs/lib/python3.12/site-packages/my_first_package_msgs/my_first_package_msgs_s__rosidl_typesupport_c.so
[4.745s] -- Installing: /home/kdy/ros2_study/install/my_first_package_msgs/lib/python3.12/site-packages/my_first_package_msgs/__init__.py
[4.745s] -- Installing: /home/kdy/ros2_study/install/my_first_package_msgs/lib/python3.12/site-packages/my_first_package_msgs/_my_first_package_msgs_s.ep.rosidl_typesupport_fastrtps_c.c
[4.784s] Listing '/home/kdy/ros2_study/install/my_first_package_msgs/lib/python3.12/site-packages/my_first_package_msgs'...
[4.784s] Compiling '/home/kdy/ros2_study/install/my_first_package_msgs/lib/python3.12/site-packages/my_first_package_msgs/__init__.py'...
[4.784s] Listing '/home/kdy/ros2_study/install/my_first_package_msgs/lib/python3.12/site-packages/my_first_package_msgs/action'...
[4.784s] Compiling '/home/kdy/ros2_study/install/my_first_package_msgs/lib/python3.12/site-packages/my_first_package_msgs/action/__init__.py'...
[4.784s] Compiling '/home/kdy/ros2_study/install/my_first_package_msgs/lib/python3.12/site-packages/my_first_package_msgs/action/_dist_turtle.py'...
[4.784s] Listing '/home/kdy/ros2_study/install/my_first_package_msgs/lib/python3.12/site-packages/my_first_package_msgs/msg'...
[4.784s] Compiling '/home/kdy/ros2_study/install/my_first_package_msgs/lib/python3.12/site-packages/my_first_package_msgs/msg/__init__.py'...
[4.784s] Compiling '/home/kdy/ros2_study/install/my_first_package_msgs/lib/python3.12/site-packages/my_first_package_msgs/msg/_cmd_and_pose_vel.py'...
[4.785s] Listing '/home/kdy/ros2_study/install/my_first_package_msgs/lib/python3.12/site-packages/my_first_package_msgs/srv'...
[4.785s] Compiling '/home/kdy/ros2_study/install/my_first_package_msgs/lib/python3.12/site-packages/my_first_package_msgs/srv/__init__.py'...
[4.785s] Compiling '/home/kdy/ros2_study/install/my_first_package_msgs/lib/python3.12/site-packages/my_first_package_msgs/srv/_multi_spawn.py'...
[4.789s] -- Installing: /home/kdy/ros2_study/install/my_first_package_msgs/lib/python3.12/site-packages/my_first_package_msgs/my_first_package_msgs_s__rosidl_typesupport_fastrtps_c.so
[4.790s] -- Set non-toolchain portion of runtime path of "/home/kdy/ros2_study/install/my_first_package_msgs/lib/python3.12/site-packages/my_first_package_msgs/my_first_package_msgs_s__rosidl_typesupport_fastrtps_c.so" to ""
[4.790s] -- Installing: /home/kdy/ros2_study/install/my_first_package_msgs/lib/python3.12/site-packages/my_first_package_msgs/my_first_package_msgs_s__rosidl_typesupport_introspection_c.so
[4.790s] -- Set non-toolchain portion of runtime path of "/home/kdy/ros2_study/install/my_first_package_msgs/lib/python3.12/site-packages/my_first_package_msgs/my_first_package_msgs_s__rosidl_typesupport_introspection_c.so" to ""
[4.790s] -- Installing: /home/kdy/ros2_study/install/my_first_package_msgs/lib/python3.12/site-packages/my_first_package_msgs/my_first_package_msgs_s__rosidl_typesupport_c.so
[4.790s] -- Set non-toolchain portion of runtime path of "/home/kdy/ros2_study/install/my_first_package_msgs/lib/python3.12/site-packages/my_first_package_msgs/my_first_package_msgs_s__rosidl_typesupport_c.so" to ""
[4.790s] -- Installing: /home/kdy/ros2_study/install/my_first_package_msgs/lib/libmy_first_package_msgs__rosidl_generator_py.so
[4.791s] -- Set non-toolchain portion of runtime path of "/home/kdy/ros2_study/install/my_first_package_msgs/lib/libmy_first_package_msgs__rosidl_generator_py.so" to ""
[4.791s] -- Up-to-date: /home/kdy/ros2_study/install/my_first_package_msgs/share/my_first_package_msgs/msg/CmdAndPoseVel.idl
[4.791s] -- Up-to-date: /home/kdy/ros2_study/install/my_first_package_msgs/share/my_first_package_msgs/srv/MultiSpawn.idl
[4.791s] -- Installing: /home/kdy/ros2_study/install/my_first_package_msgs/share/my_first_package_msgs/action/DistTurtle.idl
[4.791s] -- Up-to-date: /home/kdy/ros2_study/install/my_first_package_msgs/share/my_first_package_msgs/msg/CmdAndPoseVel.msg
[4.791s] -- Up-to-date: /home/kdy/ros2_study/install/my_first_package_msgs/share/my_first_package_msgs/srv/MultiSpawn.srv
[4.791s] -- Installing: /home/kdy/ros2_study/install/my_first_package_msgs/share/my_first_package_msgs/action/DistTurtle.action
[4.791s] -- Installing: /home/kdy/ros2_study/install/my_first_package_msgs/share/ament_index/resource_index/package_run_dependencies/my_first_package_msgs
[4.791s] -- Up-to-date: /home/kdy/ros2_study/install/my_first_package_msgs/share/ament_index/resource_index/parent_prefix_path/my_first_package_msgs
[4.791s] -- Up-to-date: /home/kdy/ros2_study/install/my_first_package_msgs/share/my_first_package_msgs/environment/ament_prefix_path.sh
[4.791s] -- Up-to-date: /home/kdy/ros2_study/install/my_first_package_msgs/share/my_first_package_msgs/environment/ament_prefix_path.dsv
[4.791s] -- Up-to-date: /home/kdy/ros2_study/install/my_first_package_msgs/share/my_first_package_msgs/environment/path.sh
[4.792s] -- Up-to-date: /home/kdy/ros2_study/install/my_first_package_msgs/share/my_first_package_msgs/environment/path.dsv
[4.792s] -- Up-to-date: /home/kdy/ros2_study/install/my_first_package_msgs/share/my_first_package_msgs/local_setup.bash
[4.792s] -- Up-to-date: /home/kdy/ros2_study/install/my_first_package_msgs/share/my_first_package_msgs/local_setup.sh
[4.792s] -- Up-to-date: /home/kdy/ros2_study/install/my_first_package_msgs/share/my_first_package_msgs/local_setup.zsh
[4.792s] -- Up-to-date: /home/kdy/ros2_study/install/my_first_package_msgs/share/my_first_package_msgs/local_setup.dsv
[4.792s] -- Installing: /home/kdy/ros2_study/install/my_first_package_msgs/share/my_first_package_msgs/package.dsv
[4.792s] -- Up-to-date: /home/kdy/ros2_study/install/my_first_package_msgs/share/ament_index/resource_index/packages/my_first_package_msgs
[4.792s] -- Old export file "/home/kdy/ros2_study/install/my_first_package_msgs/share/my_first_package_msgs/cmake/export_my_first_package_msgs__rosidl_generator_cExport.cmake" will be replaced.  Removing files [/home/kdy/ros2_study/install/my_first_package_msgs/share/my_first_package_msgs/cmake/export_my_first_package_msgs__rosidl_generator_cExport-noconfig.cmake].
[4.792s] -- Installing: /home/kdy/ros2_study/install/my_first_package_msgs/share/my_first_package_msgs/cmake/export_my_first_package_msgs__rosidl_generator_cExport.cmake
[4.792s] -- Installing: /home/kdy/ros2_study/install/my_first_package_msgs/share/my_first_package_msgs/cmake/export_my_first_package_msgs__rosidl_generator_cExport-noconfig.cmake
[4.792s] -- Old export file "/home/kdy/ros2_study/install/my_first_package_msgs/share/my_first_package_msgs/cmake/export_my_first_package_msgs__rosidl_typesupport_fastrtps_cExport.cmake" will be replaced.  Removing files [/home/kdy/ros2_study/install/my_first_package_msgs/share/my_first_package_msgs/cmake/export_my_first_package_msgs__rosidl_typesupport_fastrtps_cExport-noconfig.cmake].
[4.792s] -- Installing: /home/kdy/ros2_study/install/my_first_package_msgs/share/my_first_package_msgs/cmake/export_my_first_package_msgs__rosidl_typesupport_fastrtps_cExport.cmake
[4.792s] -- Installing: /home/kdy/ros2_study/install/my_first_package_msgs/share/my_first_package_msgs/cmake/export_my_first_package_msgs__rosidl_typesupport_fastrtps_cExport-noconfig.cmake
[4.792s] -- Old export file "/home/kdy/ros2_study/install/my_first_package_msgs/share/my_first_package_msgs/cmake/my_first_package_msgs__rosidl_typesupport_introspection_cExport.cmake" will be replaced.  Removing files [/home/kdy/ros2_study/install/my_first_package_msgs/share/my_first_package_msgs/cmake/my_first_package_msgs__rosidl_typesupport_introspection_cExport-noconfig.cmake].
[4.792s] -- Installing: /home/kdy/ros2_study/install/my_first_package_msgs/share/my_first_package_msgs/cmake/my_first_package_msgs__rosidl_typesupport_introspection_cExport.cmake
[4.792s] -- Installing: /home/kdy/ros2_study/install/my_first_package_msgs/share/my_first_package_msgs/cmake/my_first_package_msgs__rosidl_typesupport_introspection_cExport-noconfig.cmake
[4.793s] -- Old export file "/home/kdy/ros2_study/install/my_first_package_msgs/share/my_first_package_msgs/cmake/my_first_package_msgs__rosidl_typesupport_cExport.cmake" will be replaced.  Removing files [/home/kdy/ros2_study/install/my_first_package_msgs/share/my_first_package_msgs/cmake/my_first_package_msgs__rosidl_typesupport_cExport-noconfig.cmake].
[4.793s] -- Installing: /home/kdy/ros2_study/install/my_first_package_msgs/share/my_first_package_msgs/cmake/my_first_package_msgs__rosidl_typesupport_cExport.cmake
[4.793s] -- Installing: /home/kdy/ros2_study/install/my_first_package_msgs/share/my_first_package_msgs/cmake/my_first_package_msgs__rosidl_typesupport_cExport-noconfig.cmake
[4.793s] -- Installing: /home/kdy/ros2_study/install/my_first_package_msgs/share/my_first_package_msgs/cmake/export_my_first_package_msgs__rosidl_generator_cppExport.cmake
[4.793s] -- Old export file "/home/kdy/ros2_study/install/my_first_package_msgs/share/my_first_package_msgs/cmake/export_my_first_package_msgs__rosidl_typesupport_fastrtps_cppExport.cmake" will be replaced.  Removing files [/home/kdy/ros2_study/install/my_first_package_msgs/share/my_first_package_msgs/cmake/export_my_first_package_msgs__rosidl_typesupport_fastrtps_cppExport-noconfig.cmake].
[4.793s] -- Installing: /home/kdy/ros2_study/install/my_first_package_msgs/share/my_first_package_msgs/cmake/export_my_first_package_msgs__rosidl_typesupport_fastrtps_cppExport.cmake
[4.793s] -- Installing: /home/kdy/ros2_study/install/my_first_package_msgs/share/my_first_package_msgs/cmake/export_my_first_package_msgs__rosidl_typesupport_fastrtps_cppExport-noconfig.cmake
[4.793s] -- Old export file "/home/kdy/ros2_study/install/my_first_package_msgs/share/my_first_package_msgs/cmake/my_first_package_msgs__rosidl_typesupport_introspection_cppExport.cmake" will be replaced.  Removing files [/home/kdy/ros2_study/install/my_first_package_msgs/share/my_first_package_msgs/cmake/my_first_package_msgs__rosidl_typesupport_introspection_cppExport-noconfig.cmake].
[4.793s] -- Installing: /home/kdy/ros2_study/install/my_first_package_msgs/share/my_first_package_msgs/cmake/my_first_package_msgs__rosidl_typesupport_introspection_cppExport.cmake
[4.793s] -- Installing: /home/kdy/ros2_study/install/my_first_package_msgs/share/my_first_package_msgs/cmake/my_first_package_msgs__rosidl_typesupport_introspection_cppExport-noconfig.cmake
[4.793s] -- Old export file "/home/kdy/ros2_study/install/my_first_package_msgs/share/my_first_package_msgs/cmake/my_first_package_msgs__rosidl_typesupport_cppExport.cmake" will be replaced.  Removing files [/home/kdy/ros2_study/install/my_first_package_msgs/share/my_first_package_msgs/cmake/my_first_package_msgs__rosidl_typesupport_cppExport-noconfig.cmake].
[4.793s] -- Installing: /home/kdy/ros2_study/install/my_first_package_msgs/share/my_first_package_msgs/cmake/my_first_package_msgs__rosidl_typesupport_cppExport.cmake
[4.793s] -- Installing: /home/kdy/ros2_study/install/my_first_package_msgs/share/my_first_package_msgs/cmake/my_first_package_msgs__rosidl_typesupport_cppExport-noconfig.cmake
[4.793s] -- Up-to-date: /home/kdy/ros2_study/install/my_first_package_msgs/share/my_first_package_msgs/cmake/export_my_first_package_msgs__rosidl_generator_pyExport.cmake
[4.793s] -- Installing: /home/kdy/ros2_study/install/my_first_package_msgs/share/my_first_package_msgs/cmake/export_my_first_package_msgs__rosidl_generator_pyExport-noconfig.cmake
[4.793s] -- Installing: /home/kdy/ros2_study/install/my_first_package_msgs/share/my_first_package_msgs/cmake/rosidl_cmake-extras.cmake
[4.793s] -- Installing: /home/kdy/ros2_study/install/my_first_package_msgs/share/my_first_package_msgs/cmake/ament_cmake_export_dependencies-extras.cmake
[4.793s] -- Up-to-date: /home/kdy/ros2_study/install/my_first_package_msgs/share/my_first_package_msgs/cmake/ament_cmake_export_include_directories-extras.cmake
[4.794s] -- Up-to-date: /home/kdy/ros2_study/install/my_first_package_msgs/share/my_first_package_msgs/cmake/ament_cmake_export_libraries-extras.cmake
[4.794s] -- Up-to-date: /home/kdy/ros2_study/install/my_first_package_msgs/share/my_first_package_msgs/cmake/ament_cmake_export_targets-extras.cmake
[4.794s] -- Up-to-date: /home/kdy/ros2_study/install/my_first_package_msgs/share/my_first_package_msgs/cmake/rosidl_cmake_export_typesupport_targets-extras.cmake
[4.794s] -- Up-to-date: /home/kdy/ros2_study/install/my_first_package_msgs/share/my_first_package_msgs/cmake/rosidl_cmake_export_typesupport_libraries-extras.cmake
[4.794s] -- Up-to-date: /home/kdy/ros2_study/install/my_first_package_msgs/share/my_first_package_msgs/cmake/my_first_package_msgsConfig.cmake
[4.794s] -- Up-to-date: /home/kdy/ros2_study/install/my_first_package_msgs/share/my_first_package_msgs/cmake/my_first_package_msgsConfig-version.cmake
[4.794s] -- Installing: /home/kdy/ros2_study/install/my_first_package_msgs/share/my_first_package_msgs/package.xml
[4.795s] Invoked command in '/home/kdy/ros2_study/build/my_first_package_msgs' returned '0': CMAKE_PREFIX_PATH=${CMAKE_PREFIX_PATH}:/home/kdy/ros2_study_sj/install/my_first_package:/home/kdy/ros2_study/install/my_first_package:/opt/ros/jazzy DEBUGINFOD_URLS=https://debuginfod.ubuntu.com /usr/bin/cmake --install /home/kdy/ros2_study/build/my_first_package_msgs
