[0.804s] Invoking command in '/home/kdy/ros2_study/src/my_first_package': DEBUGINFOD_URLS=https://debuginfod.ubuntu.com PYTHONPATH=/home/kdy/ros2_study/build/my_first_package/prefix_override:/usr/lib/python3/dist-packages/colcon_core/task/python/colcon_distutils_commands:/home/kdy/ros2_study/install/my_first_package/lib/python3.12/site-packages:${PYTHONPATH} /usr/bin/python3 -W ignore:setup.py install is deprecated -W ignore:easy_install command is deprecated setup.py egg_info --egg-base ../../build/my_first_package build --build-base /home/kdy/ros2_study/build/my_first_package/build install --record /home/kdy/ros2_study/build/my_first_package/install.log --single-version-externally-managed install_data
[1.025s] running egg_info
[1.025s] creating ../../build/my_first_package/my_first_package.egg-info
[1.038s] writing ../../build/my_first_package/my_first_package.egg-info/PKG-INFO
[1.039s] writing dependency_links to ../../build/my_first_package/my_first_package.egg-info/dependency_links.txt
[1.039s] writing entry points to ../../build/my_first_package/my_first_package.egg-info/entry_points.txt
[1.039s] writing requirements to ../../build/my_first_package/my_first_package.egg-info/requires.txt
[1.039s] writing top-level names to ../../build/my_first_package/my_first_package.egg-info/top_level.txt
[1.040s] writing manifest file '../../build/my_first_package/my_first_package.egg-info/SOURCES.txt'
[1.072s] reading manifest file '../../build/my_first_package/my_first_package.egg-info/SOURCES.txt'
[1.072s] writing manifest file '../../build/my_first_package/my_first_package.egg-info/SOURCES.txt'
[1.073s] running build
[1.073s] running build_py
[1.073s] creating /home/kdy/ros2_study/build/my_first_package/build
[1.073s] creating /home/kdy/ros2_study/build/my_first_package/build/lib
[1.073s] creating /home/kdy/ros2_study/build/my_first_package/build/lib/my_first_package
[1.073s] copying my_first_package/__init__.py -> /home/kdy/ros2_study/build/my_first_package/build/lib/my_first_package
[1.073s] copying my_first_package/my_first_node.py -> /home/kdy/ros2_study/build/my_first_package/build/lib/my_first_package
[1.073s] running install
[1.078s] running install_lib
[1.094s] creating /home/kdy/ros2_study/install/my_first_package/lib/python3.12/site-packages/my_first_package
[1.094s] copying /home/kdy/ros2_study/build/my_first_package/build/lib/my_first_package/__init__.py -> /home/kdy/ros2_study/install/my_first_package/lib/python3.12/site-packages/my_first_package
[1.094s] copying /home/kdy/ros2_study/build/my_first_package/build/lib/my_first_package/my_first_node.py -> /home/kdy/ros2_study/install/my_first_package/lib/python3.12/site-packages/my_first_package
[1.095s] byte-compiling /home/kdy/ros2_study/install/my_first_package/lib/python3.12/site-packages/my_first_package/__init__.py to __init__.cpython-312.pyc
[1.095s] byte-compiling /home/kdy/ros2_study/install/my_first_package/lib/python3.12/site-packages/my_first_package/my_first_node.py to my_first_node.cpython-312.pyc
[1.095s] running install_data
[1.095s] creating /home/kdy/ros2_study/install/my_first_package/share/ament_index
[1.095s] creating /home/kdy/ros2_study/install/my_first_package/share/ament_index/resource_index
[1.095s] creating /home/kdy/ros2_study/install/my_first_package/share/ament_index/resource_index/packages
[1.095s] copying resource/my_first_package -> /home/kdy/ros2_study/install/my_first_package/share/ament_index/resource_index/packages
[1.095s] copying package.xml -> /home/kdy/ros2_study/install/my_first_package/share/my_first_package
[1.095s] running install_egg_info
[1.112s] Copying ../../build/my_first_package/my_first_package.egg-info to /home/kdy/ros2_study/install/my_first_package/lib/python3.12/site-packages/my_first_package-0.0.0-py3.12.egg-info
[1.113s] running install_scripts
[1.217s] Installing my_first_node script to /home/kdy/ros2_study/install/my_first_package/lib/my_first_package
[1.218s] writing list of installed files to '/home/kdy/ros2_study/build/my_first_package/install.log'
[1.244s] Invoked command in '/home/kdy/ros2_study/src/my_first_package' returned '0': DEBUGINFOD_URLS=https://debuginfod.ubuntu.com PYTHONPATH=/home/kdy/ros2_study/build/my_first_package/prefix_override:/usr/lib/python3/dist-packages/colcon_core/task/python/colcon_distutils_commands:/home/kdy/ros2_study/install/my_first_package/lib/python3.12/site-packages:${PYTHONPATH} /usr/bin/python3 -W ignore:setup.py install is deprecated -W ignore:easy_install command is deprecated setup.py egg_info --egg-base ../../build/my_first_package build --build-base /home/kdy/ros2_study/build/my_first_package/build install --record /home/kdy/ros2_study/build/my_first_package/install.log --single-version-externally-managed install_data
